#
# A fatal error has been detected by the Java Runtime Environment:
#
#  EXCEPTION_ACCESS_VIOLATION (0xc0000005) at pc=0x6d8fba85, pid=660, tid=4828
#
# JRE version: 6.0_18-b07
# Java VM: Java HotSpot(TM) Client VM (16.0-b13 mixed mode, sharing windows-x86 )
# Problematic frame:
# V  [jvm.dll+0xfba85]
#
# If you would like to submit a bug report, please visit:
#   http://java.sun.com/webapps/bugreport/crash.jsp
#

---------------  T H R E A D  ---------------

Current thread (0x07967000):  JavaThread "AWT-EventQueue-0" [_thread_in_vm, id=4828, stack(0x09180000,0x09200000)]

siginfo: ExceptionCode=0xc0000005, reading address 0x00000000

Registers:
EAX=0x00000000, EBX=0x07967110, ECX=0x07967000, EDX=0x6da2441c
ESP=0x091ff4c8, EBP=0x091ff510, ESI=0x07967000, EDI=0x00000000
EIP=0x6d8fba85, EFLAGS=0x00010246

Top of Stack: (sp=0x091ff4c8)
0x091ff4c8:   091ff594 07967110 35b1f0a0 091ffa2c
0x091ff4d8:   6d9fbad0 6d9fd2f0 ffffffff 091ff4f4
0x091ff4e8:   6d8010e0 07967000 091ff9d4 091ff524
0x091ff4f8:   6d9037d9 07967000 07967000 0795f1c4
0x091ff508:   000004c4 6da2441c 091ff528 7a53303b
0x091ff518:   07967110 091ff594 00000000 091ff53c
0x091ff528:   091ff548 7a5338af 07967110 091ff594
0x091ff538:   00000000 07967000 35b1f0a0 35b1f0a0 

Instructions: (pc=0x6d8fba85)
0x6d8fba75:   00 00 00 74 08 8d 4d f0 e8 6e e9 08 00 8b 7d 10
0x6d8fba85:   8b 07 c7 45 e0 0c 00 00 00 8b 48 08 0f b7 51 2a 


Stack: [0x09180000,0x09200000],  sp=0x091ff4c8,  free space=1fd091fefe4k
Native frames: (J=compiled Java code, j=interpreted, Vv=VM code, C=native code)
V  [jvm.dll+0xfba85]
C  [nativejava.dll+0x303b]
C  [nativejava.dll+0x38af]
j  com.mathworks.util.NativeJava.hWndFromComponentPeer(Ljava/awt/peer/ComponentPeer;)I+0
j  com.mathworks.util.NativeJava.hWndFromWindow(Ljava/awt/Window;)I+72
j  com.mathworks.mwswing.MJWindow.enableNativeEvents(Ljava/awt/Window;)V+14
j  com.mathworks.mwswing.MJWindow.addNotify()V+12
j  java.awt.Window.show()V+8
j  java.awt.Component.show(Z)V+5
j  java.awt.Component.setVisible(Z)V+2
j  java.awt.Window.setVisible(Z)V+2
j  com.mathworks.mwswing.MPopup.show()V+29
j  com.mathworks.mlwidgets.html.HTMLRenderer$HTMLTooltip$HTMLTooltipThread.run()V+66
J  java.awt.event.InvocationEvent.dispatch()V
J  java.awt.EventQueue.dispatchEvent(Ljava/awt/AWTEvent;)V
J  java.awt.EventDispatchThread.pumpOneEventForFilters(I)Z
J  java.awt.EventDispatchThread.pumpEventsForFilter(ILjava/awt/Conditional;Ljava/awt/EventFilter;)V
j  java.awt.EventDispatchThread.pumpEventsForHierarchy(ILjava/awt/Conditional;Ljava/awt/Component;)V+11
j  java.awt.EventDispatchThread.pumpEvents(ILjava/awt/Conditional;)V+4
j  java.awt.EventDispatchThread.pumpEvents(Ljava/awt/Conditional;)V+3
j  java.awt.EventDispatchThread.run()V+9
v  ~StubRoutines::call_stub
V  [jvm.dll+0xf072c]
V  [jvm.dll+0x17fd51]
V  [jvm.dll+0xf08f7]
V  [jvm.dll+0xf096d]
V  [jvm.dll+0x11a4c0]
V  [jvm.dll+0x1dd924]
V  [jvm.dll+0x17f9cc]
C  [MSVCR71.dll+0x9565]
C  [kernel32.dll+0x4ed6c]
C  [ntdll.dll+0x6377b]
C  [ntdll.dll+0x6374e]

Java frames: (J=compiled Java code, j=interpreted, Vv=VM code)
j  com.mathworks.util.NativeJava.hWndFromComponentPeer(Ljava/awt/peer/ComponentPeer;)I+0
j  com.mathworks.util.NativeJava.hWndFromWindow(Ljava/awt/Window;)I+72
j  com.mathworks.mwswing.MJWindow.enableNativeEvents(Ljava/awt/Window;)V+14
j  com.mathworks.mwswing.MJWindow.addNotify()V+12
j  java.awt.Window.show()V+8
j  java.awt.Component.show(Z)V+5
j  java.awt.Component.setVisible(Z)V+2
j  java.awt.Window.setVisible(Z)V+2
j  com.mathworks.mwswing.MPopup.show()V+29
j  com.mathworks.mlwidgets.html.HTMLRenderer$HTMLTooltip$HTMLTooltipThread.run()V+66
J  java.awt.event.InvocationEvent.dispatch()V
J  java.awt.EventQueue.dispatchEvent(Ljava/awt/AWTEvent;)V
J  java.awt.EventDispatchThread.pumpOneEventForFilters(I)Z
J  java.awt.EventDispatchThread.pumpEventsForFilter(ILjava/awt/Conditional;Ljava/awt/EventFilter;)V
j  java.awt.EventDispatchThread.pumpEventsForHierarchy(ILjava/awt/Conditional;Ljava/awt/Component;)V+11
j  java.awt.EventDispatchThread.pumpEvents(ILjava/awt/Conditional;)V+4
j  java.awt.EventDispatchThread.pumpEvents(Ljava/awt/Conditional;)V+3
j  java.awt.EventDispatchThread.run()V+9
v  ~StubRoutines::call_stub

---------------  P R O C E S S  ---------------

Java Threads: ( => current thread )
  0x0a668800 JavaThread "Timer queue for AWT thread" daemon [_thread_blocked, id=5984, stack(0x0c6b0000,0x0c730000)]
  0x0a667800 JavaThread "FigureTreeLockThread" [_thread_blocked, id=4144, stack(0x11830000,0x118b0000)]
  0x0a666c00 JavaThread "Prefs Updater" [_thread_blocked, id=5912, stack(0x0ce90000,0x0cf10000)]
  0x0a666400 JavaThread "Timer-2" [_thread_blocked, id=1784, stack(0x0a120000,0x0a1a0000)]
  0x0a292400 JavaThread "Swing-Shell" daemon [_thread_blocked, id=4396, stack(0x08cb0000,0x08d30000)]
  0x0a1d1800 JavaThread "Thread-5" [_thread_in_native, id=2308, stack(0x04080000,0x04880000)]
  0x09887800 JavaThread "TimerQueue" daemon [_thread_blocked, id=5244, stack(0x0a020000,0x0a0a0000)]
=>0x07967000 JavaThread "AWT-EventQueue-0" [_thread_in_vm, id=4828, stack(0x09180000,0x09200000)]
  0x07929c00 JavaThread "AWT-Windows" daemon [_thread_in_native, id=4496, stack(0x08c00000,0x08c80000)]
  0x0792c800 JavaThread "AWT-Shutdown" [_thread_blocked, id=4336, stack(0x08b80000,0x08c00000)]
  0x0792c400 JavaThread "Java2D Disposer" daemon [_thread_blocked, id=1680, stack(0x08b00000,0x08b80000)]
  0x078cc000 JavaThread "Low Memory Detector" daemon [_thread_blocked, id=5408, stack(0x07800000,0x07880000)]
  0x078c7400 JavaThread "CompilerThread0" daemon [_thread_blocked, id=4736, stack(0x07a90000,0x08290000)]
  0x078c6400 JavaThread "Attach Listener" daemon [_thread_blocked, id=5072, stack(0x07780000,0x07800000)]
  0x078c3800 JavaThread "Signal Dispatcher" daemon [_thread_blocked, id=6088, stack(0x07700000,0x07780000)]
  0x00dc2c00 JavaThread "Finalizer" daemon [_thread_blocked, id=5872, stack(0x07680000,0x07700000)]
  0x00dc1400 JavaThread "Reference Handler" daemon [_thread_blocked, id=5796, stack(0x07600000,0x07680000)]
  0x00d9bc00 JavaThread "main" [_thread_in_native, id=2832, stack(0x004e0000,0x00ce0000)]

Other Threads:
  0x00dbf000 VMThread [stack: 0x06e00000,0x07600000] [id=5472]
  0x078ce000 WatcherThread [stack: 0x08290000,0x08a90000] [id=5732]

VM state:not at safepoint (normal execution)

VM Mutex/Monitor currently owned by a thread: None

Heap
 def new generation   total 14784K, used 11273K [0x2fa90000, 0x30a90000, 0x31290000)
  eden space 13184K,  73% used [0x2fa90000, 0x30402750, 0x30770000)
  from space 1600K, 100% used [0x30770000, 0x30900000, 0x30900000)
  to   space 1600K,   0% used [0x30900000, 0x30900000, 0x30a90000)
 tenured generation   total 49152K, used 36520K [0x31290000, 0x34290000, 0x35a90000)
   the space 49152K,  74% used [0x31290000, 0x3363a3d8, 0x3363a400, 0x34290000)
 compacting perm gen  total 13568K, used 13484K [0x35a90000, 0x367d0000, 0x37a90000)
   the space 13568K,  99% used [0x35a90000, 0x367bb018, 0x367bb200, 0x367d0000)
    ro space 10240K,  51% used [0x37a90000, 0x37fb7b58, 0x37fb7c00, 0x38490000)
    rw space 12288K,  54% used [0x38490000, 0x38b24ce0, 0x38b24e00, 0x39090000)

Dynamic libraries:
0x00400000 - 0x004d8000 	C:\Program Files\MATLAB704\bin\win32\MATLAB.exe
0x77b60000 - 0x77c9c000 	C:\windows\SYSTEM32\ntdll.dll
0x777a0000 - 0x77874000 	C:\windows\system32\kernel32.dll
0x75fa0000 - 0x75fea000 	C:\windows\system32\KERNELBASE.dll
0x784d0000 - 0x784de000 	C:\Program Files\MATLAB704\bin\win32\mvalue.dll
0x783d0000 - 0x7845e000 	C:\Program Files\MATLAB704\bin\win32\libut.dll
0x77d60000 - 0x77d8a000 	C:\windows\system32\imagehlp.dll
0x77cb0000 - 0x77d5c000 	C:\windows\system32\msvcrt.dll
0x77ac0000 - 0x77b60000 	C:\windows\system32\ADVAPI32.dll
0x76730000 - 0x76749000 	C:\windows\SYSTEM32\sechost.dll
0x76160000 - 0x76201000 	C:\windows\system32\RPCRT4.dll
0x781d0000 - 0x78246000 	C:\Program Files\MATLAB704\bin\win32\icuuc24.dll
0x78100000 - 0x78105000 	C:\Program Files\MATLAB704\bin\win32\icudt24l.dll
0x7c340000 - 0x7c396000 	C:\Program Files\MATLAB704\bin\win32\MSVCR71.dll
0x78110000 - 0x78192000 	C:\Program Files\MATLAB704\bin\win32\icuin24.dll
0x781a0000 - 0x781ad000 	C:\Program Files\MATLAB704\bin\win32\icuio24.dll
0x7c3a0000 - 0x7c41b000 	C:\Program Files\MATLAB704\bin\win32\MSVCP71.dll
0x75ff0000 - 0x7614c000 	C:\windows\system32\ole32.dll
0x775a0000 - 0x775ee000 	C:\windows\system32\GDI32.dll
0x76210000 - 0x762d9000 	C:\windows\system32\USER32.dll
0x762e0000 - 0x762ea000 	C:\windows\system32\LPK.dll
0x77990000 - 0x77a2d000 	C:\windows\system32\USP10.dll
0x77a30000 - 0x77abf000 	C:\windows\system32\OLEAUT32.dll
0x78460000 - 0x784a1000 	C:\Program Files\MATLAB704\bin\win32\libmx.dll
0x783b0000 - 0x783c2000 	C:\Program Files\MATLAB704\bin\win32\zlib1.dll
0x78c60000 - 0x78d55000 	C:\Program Files\MATLAB704\bin\win32\libmwservices.dll
0x77910000 - 0x7798b000 	C:\windows\system32\comdlg32.dll
0x765b0000 - 0x76607000 	C:\windows\system32\SHLWAPI.dll
0x72470000 - 0x724f4000 	C:\windows\WinSxS\x86_microsoft.windows.common-controls_6595b64144ccf1df_5.82.7601.17514_none_ec83dffa859149af\COMCTL32.dll
0x76750000 - 0x7739a000 	C:\windows\system32\SHELL32.dll
0x784e0000 - 0x784f6000 	C:\Program Files\MATLAB704\bin\win32\mpath.dll
0x74460000 - 0x74471000 	C:\windows\system32\NETAPI32.dll
0x74450000 - 0x74459000 	C:\windows\system32\netutils.dll
0x75990000 - 0x759a9000 	C:\windows\system32\srvcli.dll
0x74440000 - 0x7444f000 	C:\windows\system32\wkscli.dll
0x77560000 - 0x77595000 	C:\windows\system32\WS2_32.dll
0x76150000 - 0x76156000 	C:\windows\system32\NSI.dll
0x784b0000 - 0x784be000 	C:\Program Files\MATLAB704\bin\win32\libmex.dll
0x78620000 - 0x78687000 	C:\Program Files\MATLAB704\bin\win32\m_dispatcher.dll
0x78250000 - 0x783a6000 	C:\Program Files\MATLAB704\bin\win32\xerces-c_2_1_0.dll
0x78c40000 - 0x78c52000 	C:\Program Files\MATLAB704\bin\win32\datasvcs.dll
0x79080000 - 0x7909b000 	C:\Program Files\MATLAB704\bin\win32\mcr.dll
0x79950000 - 0x799ee000 	C:\Program Files\MATLAB704\bin\win32\bridge.dll
0x751b0000 - 0x751b9000 	C:\windows\system32\VERSION.dll
0x79840000 - 0x79893000 	C:\Program Files\MATLAB704\bin\win32\udd_mi.dll
0x78e60000 - 0x78ed6000 	C:\Program Files\MATLAB704\bin\win32\libmwgui.dll
0x78690000 - 0x7898b000 	C:\Program Files\MATLAB704\bin\win32\m_interpreter.dll
0x78500000 - 0x78590000 	C:\Program Files\MATLAB704\bin\win32\mcos.dll
0x78ba0000 - 0x78baf000 	C:\Program Files\MATLAB704\bin\win32\m_pcodeio.dll
0x78bc0000 - 0x78c33000 	C:\Program Files\MATLAB704\bin\win32\mlib.dll
0x78b20000 - 0x78b75000 	C:\Program Files\MATLAB704\bin\win32\m_ir.dll
0x78b80000 - 0x78b91000 	C:\Program Files\MATLAB704\bin\win32\m_pcodegen.dll
0x78990000 - 0x78b1e000 	C:\Program Files\MATLAB704\bin\win32\m_parser.dll
0x78bb0000 - 0x78bba000 	C:\Program Files\MATLAB704\bin\win32\ir_xfmr.dll
0x784c0000 - 0x784c9000 	C:\Program Files\MATLAB704\bin\win32\libmat.dll
0x78590000 - 0x78611000 	C:\Program Files\MATLAB704\bin\win32\udd.dll
0x798a0000 - 0x798c8000 	C:\Program Files\MATLAB704\bin\win32\jmi.dll
0x79910000 - 0x79919000 	C:\Program Files\MATLAB704\bin\win32\mlautoregister.dll
0x7c140000 - 0x7c243000 	C:\Program Files\MATLAB704\bin\win32\MFC71.DLL
0x78ee0000 - 0x7902d000 	C:\Program Files\MATLAB704\bin\win32\hg.dll
0x78db0000 - 0x78e2c000 	C:\Program Files\MATLAB704\bin\win32\uiw.dll
0x78e50000 - 0x78e55000 	C:\Program Files\MATLAB704\bin\win32\uinone.dll
0x79050000 - 0x7907a000 	C:\Program Files\MATLAB704\bin\win32\libmwhardcopy.dll
0x78e30000 - 0x78e4c000 	C:\Program Files\MATLAB704\bin\win32\libuij.dll
0x720e0000 - 0x72131000 	C:\windows\system32\WINSPOOL.DRV
0x790a0000 - 0x791f5000 	C:\Program Files\MATLAB704\bin\win32\numerics.dll
0x797b0000 - 0x797b7000 	C:\Program Files\MATLAB704\bin\win32\libmwamd.dll
0x79240000 - 0x792c6000 	C:\Program Files\MATLAB704\bin\win32\libfftw3.dll
0x792d0000 - 0x79351000 	C:\Program Files\MATLAB704\bin\win32\libfftw3f.dll
0x79200000 - 0x7921c000 	C:\Program Files\MATLAB704\bin\win32\libmwlapack.dll
0x797c0000 - 0x79815000 	C:\Program Files\MATLAB704\bin\win32\libmwumfpackv4.3.dll
0x79820000 - 0x79831000 	C:\Program Files\MATLAB704\bin\win32\mwoles05.dll
0x798d0000 - 0x79907000 	C:\Program Files\MATLAB704\bin\win32\comcli.dll
0x77780000 - 0x7779f000 	C:\windows\system32\IMM32.DLL
0x764e0000 - 0x765ac000 	C:\windows\system32\MSCTF.dll
0x6b580000 - 0x6b66b000 	C:\windows\system32\dbghelp.dll
0x7c300000 - 0x7c30c000 	C:\Program Files\MATLAB704\bin\win32\MFC71KOR.DLL
0x79220000 - 0x79238000 	C:\Program Files\MATLAB704\bin\win32\mkl.dll
0x79360000 - 0x797a7000 	C:\Program Files\MATLAB704\bin\win32\lapack.dll
0x7c040000 - 0x7c0b5000 	C:\Program Files\MATLAB704\bin\win32\DFORRT.DLL
0x75c70000 - 0x75c7c000 	C:\windows\system32\CRYPTBASE.dll
0x74990000 - 0x749d0000 	C:\windows\system32\uxtheme.dll
0x10000000 - 0x10028000 	C:\windows\system32\ImageSAFERFilter.dll
0x70890000 - 0x7091e000 	C:\windows\WinSxS\x86_microsoft.vc90.crt_1fc8b3b9a1e18e3b_9.0.30729.6161_none_50934f2ebcb7eb57\MSVCP90.dll
0x71f40000 - 0x71fe3000 	C:\windows\WinSxS\x86_microsoft.vc90.crt_1fc8b3b9a1e18e3b_9.0.30729.6161_none_50934f2ebcb7eb57\MSVCR90.dll
0x72930000 - 0x72951000 	C:\windows\system32\ntmarta.dll
0x76490000 - 0x764d5000 	C:\windows\system32\WLDAP32.dll
0x740b0000 - 0x740b5000 	C:\windows\system32\MSIMG32.dll
0x75c20000 - 0x75c6c000 	C:\windows\system32\apphelp.dll
0x72350000 - 0x723b9000 	C:\windows\system32\IMKR12.IME
0x72210000 - 0x722ab000 	C:\windows\WinSxS\x86_microsoft.vc80.crt_1fc8b3b9a1e18e3b_8.0.50727.6195_none_d09154e044272b9a\MSVCR80.dll
0x72180000 - 0x72207000 	C:\windows\WinSxS\x86_microsoft.vc80.crt_1fc8b3b9a1e18e3b_8.0.50727.6195_none_d09154e044272b9a\MSVCP80.dll
0x6d800000 - 0x6da97000 	C:\Program Files\MATLAB704\sys\java\jre\win32\jre1.5.0\bin\client\jvm.dll
0x740c0000 - 0x740f2000 	C:\windows\system32\WINMM.dll
0x77880000 - 0x77903000 	C:\windows\system32\CLBCatQ.DLL
0x746b0000 - 0x746c3000 	C:\windows\system32\dwmapi.dll
0x6eac0000 - 0x6eae2000 	C:\PROGRA~1\COMMON~1\MICROS~1\IME12\IMEKR\IMKRAPI.DLL
0x6ea90000 - 0x6eabd000 	C:\PROGRA~1\COMMON~1\MICROS~1\IME12\SHARED\IMJKAPI.DLL
0x6d7b0000 - 0x6d7bc000 	C:\Program Files\MATLAB704\sys\java\jre\win32\jre1.5.0\bin\verify.dll
0x6d330000 - 0x6d34f000 	C:\Program Files\MATLAB704\sys\java\jre\win32\jre1.5.0\bin\java.dll
0x6d290000 - 0x6d298000 	C:\Program Files\MATLAB704\sys\java\jre\win32\jre1.5.0\bin\hpi.dll
0x77ca0000 - 0x77ca5000 	C:\windows\system32\PSAPI.DLL
0x6d7f0000 - 0x6d7ff000 	C:\Program Files\MATLAB704\sys\java\jre\win32\jre1.5.0\bin\zip.dll
0x799f0000 - 0x79a01000 	C:\Program Files\MATLAB704\bin\win32\jmi_mi.dll
0x7a530000 - 0x7a53c000 	C:\Program Files\MATLAB704\bin\win32\nativejava.dll
0x6d000000 - 0x6d14a000 	C:\Program Files\MATLAB704\sys\java\jre\win32\jre1.5.0\bin\awt.dll
0x6d230000 - 0x6d284000 	C:\Program Files\MATLAB704\sys\java\jre\win32\jre1.5.0\bin\fontmanager.dll
0x6d610000 - 0x6d623000 	C:\Program Files\MATLAB704\sys\java\jre\win32\jre1.5.0\bin\net.dll
0x75760000 - 0x7579c000 	C:\windows\system32\mswsock.dll
0x75720000 - 0x75726000 	C:\windows\System32\wship6.dll
0x6d630000 - 0x6d639000 	C:\Program Files\MATLAB704\sys\java\jre\win32\jre1.5.0\bin\nio.dll
0x7a540000 - 0x7a548000 	C:\Program Files\MATLAB704\bin\win32\nativelex.dll
0x6a900000 - 0x6a97d000 	C:\windows\system32\spool\DRIVERS\W32X86\3\ssv1mdu.dll
0x74a10000 - 0x74bae000 	C:\windows\WinSxS\x86_microsoft.windows.common-controls_6595b64144ccf1df_6.0.7601.17514_none_41e6975e2bd6f2b2\comctl32.DLL
0x74bb0000 - 0x74ca5000 	C:\windows\system32\propsys.dll
0x762f0000 - 0x7648d000 	C:\windows\system32\SETUPAPI.dll
0x75d90000 - 0x75db7000 	C:\windows\system32\CFGMGR32.dll
0x75d70000 - 0x75d82000 	C:\windows\system32\DEVOBJ.dll
0x6e450000 - 0x6e5e8000 	C:\windows\system32\NetworkExplorer.dll
0x74580000 - 0x7467b000 	C:\windows\system32\WindowsCodecs.dll
0x70850000 - 0x70881000 	C:\windows\system32\EhStorShell.dll
0x70630000 - 0x7084f000 	C:\Program Files\Microsoft Office\Office12\GrooveShellExtensions.dll
0x6f460000 - 0x6f553000 	C:\Program Files\Microsoft Office\Office12\GrooveUtil.DLL
0x76610000 - 0x7672b000 	C:\windows\system32\WININET.dll
0x77770000 - 0x77773000 	C:\windows\system32\Normaliz.dll
0x773a0000 - 0x77558000 	C:\windows\system32\iertutil.dll
0x775f0000 - 0x77701000 	C:\windows\system32\urlmon.dll
0x75df0000 - 0x75f0e000 	C:\windows\system32\CRYPT32.dll

VM Arguments:
jvm_args: -Xss512k -Xms64m -Xmx96m -XX:NewRatio=3 -XX:MaxPermSize=32M -Dsun.java2d.noddraw=true -Dsun.awt.nopixfmt=true -Djava.library.path=C:\Program Files\MATLAB704\bin\win32 vfprintf abort 
java_command: <unknown>
Launcher Type: generic

Environment Variables:
CLASSPATH=.;C:\Program Files\Java\jre6\lib\ext\QTJava.zip
PATH=C:\Program Files\MiKTeX 2.6\miktex\bin;C:\Program Files\Common Files\Microsoft Shared\Windows Live;C:\windows\system32;C:\windows;C:\windows\System32\Wbem;C:\windows\System32\WindowsPowerShell\v1.0\;C:\Program Files\Windows Live\Shared;C:\Program Files\MATLAB\R2008a\bin;C:\Program Files\MATLAB\R2008a\bin\win32;C:\Program Files\MATLAB704\bin\win32;C:\Program Files\QuickTime\QTSystem\;C:\Users\114035\AppData\Roaming\MemoThis;C:\Program Files\ESTsoft\ALSee
USERNAME=114035
OS=Windows_NT
PROCESSOR_IDENTIFIER=x86 Family 6 Model 37 Stepping 5, GenuineIntel



---------------  S Y S T E M  ---------------

OS: Windows 7 Build 7601 Service Pack 1

CPU:total 4 (8 cores per cpu, 2 threads per core) family 6 model 37 stepping 5, cmov, cx8, fxsr, mmx, sse, sse2, sse3, ssse3, sse4.1, sse4.2, popcnt, ht

Memory: 4k page, physical 2088304k(870348k free), swap 4176608k(1832524k free)

vm_info: Java HotSpot(TM) Client VM (16.0-b13) for windows-x86 JRE (1.6.0_18-b07), built on Dec 17 2009 13:35:55 by "java_re" with MS VC++ 7.1 (VS2003)

time: Thu Sep 20 17:30:14 2012
elapsed time: 4399 seconds

