#
# A fatal error has been detected by the Java Runtime Environment:
#
#  EXCEPTION_ACCESS_VIOLATION (0xc0000005) at pc=0x6d8fba85, pid=5280, tid=4644
#
# JRE version: 6.0_18-b07
# Java VM: Java HotSpot(TM) Client VM (16.0-b13 mixed mode, sharing windows-x86 )
# Problematic frame:
# V  [jvm.dll+0xfba85]
#
# If you would like to submit a bug report, please visit:
#   http://java.sun.com/webapps/bugreport/crash.jsp
#

---------------  T H R E A D  ---------------

Current thread (0x07991800):  JavaThread "AWT-EventQueue-0" [_thread_in_vm, id=4644, stack(0x09300000,0x09380000)]

siginfo: ExceptionCode=0xc0000005, reading address 0x00000000

Registers:
EAX=0x00000000, EBX=0x07991910, ECX=0x07991800, EDX=0x6da2441c
ESP=0x0937f6d8, EBP=0x0937f720, ESI=0x07991800, EDI=0x00000000
EIP=0x6d8fba85, EFLAGS=0x00010246

Top of Stack: (sp=0x0937f6d8)
0x0937f6d8:   0937f7a4 07991910 35b1f0a0 0937fc2c
0x0937f6e8:   6d9fbad0 6d9fd2f0 ffffffff 0937f704
0x0937f6f8:   6d8010e0 07991800 0937fbd4 0937f734
0x0937f708:   6d9037d9 07991800 07991800 07988974
0x0937f718:   000004c4 6da2441c 0937f738 7a53303b
0x0937f728:   07991910 0937f7a4 00000000 0937f74c
0x0937f738:   0937f758 7a5338af 07991910 0937f7a4
0x0937f748:   00000000 07991800 35b1f0a0 35b1f0a0 

Instructions: (pc=0x6d8fba85)
0x6d8fba75:   00 00 00 74 08 8d 4d f0 e8 6e e9 08 00 8b 7d 10
0x6d8fba85:   8b 07 c7 45 e0 0c 00 00 00 8b 48 08 0f b7 51 2a 


Stack: [0x09300000,0x09380000],  sp=0x0937f6d8,  free space=1fd0937f1f4k
Native frames: (J=compiled Java code, j=interpreted, Vv=VM code, C=native code)
V  [jvm.dll+0xfba85]
C  [nativejava.dll+0x303b]
C  [nativejava.dll+0x38af]
j  com.mathworks.util.NativeJava.hWndFromComponentPeer(Ljava/awt/peer/ComponentPeer;)I+0
j  com.mathworks.util.NativeJava.hWndFromWindow(Ljava/awt/Window;)I+72
j  com.mathworks.mwswing.MJWindow.enableNativeEvents(Ljava/awt/Window;)V+14
j  com.mathworks.mwswing.MJWindow.addNotify()V+12
j  java.awt.Window.show()V+8
j  java.awt.Component.show(Z)V+5
j  java.awt.Component.setVisible(Z)V+2
j  java.awt.Window.setVisible(Z)V+2
j  com.mathworks.mwswing.MPopup.show()V+29
j  com.mathworks.mlwidgets.html.HTMLRenderer$HTMLTooltip$HTMLTooltipThread.run()V+66
J  java.awt.event.InvocationEvent.dispatch()V
J  java.awt.EventQueue.dispatchEvent(Ljava/awt/AWTEvent;)V
J  java.awt.EventDispatchThread.pumpOneEventForFilters(I)Z
j  java.awt.EventDispatchThread.pumpEventsForFilter(ILjava/awt/Conditional;Ljava/awt/EventFilter;)V+30
j  java.awt.EventDispatchThread.pumpEventsForHierarchy(ILjava/awt/Conditional;Ljava/awt/Component;)V+11
j  java.awt.EventDispatchThread.pumpEvents(ILjava/awt/Conditional;)V+4
j  java.awt.EventDispatchThread.pumpEvents(Ljava/awt/Conditional;)V+3
j  java.awt.EventDispatchThread.run()V+9
v  ~StubRoutines::call_stub
V  [jvm.dll+0xf072c]
V  [jvm.dll+0x17fd51]
V  [jvm.dll+0xf08f7]
V  [jvm.dll+0xf096d]
V  [jvm.dll+0x11a4c0]
V  [jvm.dll+0x1dd924]
V  [jvm.dll+0x17f9cc]
C  [MSVCR71.dll+0x9565]
C  [kernel32.dll+0x4ed6c]
C  [ntdll.dll+0x6377b]
C  [ntdll.dll+0x6374e]

Java frames: (J=compiled Java code, j=interpreted, Vv=VM code)
j  com.mathworks.util.NativeJava.hWndFromComponentPeer(Ljava/awt/peer/ComponentPeer;)I+0
j  com.mathworks.util.NativeJava.hWndFromWindow(Ljava/awt/Window;)I+72
j  com.mathworks.mwswing.MJWindow.enableNativeEvents(Ljava/awt/Window;)V+14
j  com.mathworks.mwswing.MJWindow.addNotify()V+12
j  java.awt.Window.show()V+8
j  java.awt.Component.show(Z)V+5
j  java.awt.Component.setVisible(Z)V+2
j  java.awt.Window.setVisible(Z)V+2
j  com.mathworks.mwswing.MPopup.show()V+29
j  com.mathworks.mlwidgets.html.HTMLRenderer$HTMLTooltip$HTMLTooltipThread.run()V+66
J  java.awt.event.InvocationEvent.dispatch()V
J  java.awt.EventQueue.dispatchEvent(Ljava/awt/AWTEvent;)V
J  java.awt.EventDispatchThread.pumpOneEventForFilters(I)Z
j  java.awt.EventDispatchThread.pumpEventsForFilter(ILjava/awt/Conditional;Ljava/awt/EventFilter;)V+30
j  java.awt.EventDispatchThread.pumpEventsForHierarchy(ILjava/awt/Conditional;Ljava/awt/Component;)V+11
j  java.awt.EventDispatchThread.pumpEvents(ILjava/awt/Conditional;)V+4
j  java.awt.EventDispatchThread.pumpEvents(Ljava/awt/Conditional;)V+3
j  java.awt.EventDispatchThread.run()V+9
v  ~StubRoutines::call_stub

---------------  P R O C E S S  ---------------

Java Threads: ( => current thread )
  0x0a640800 JavaThread "Timer queue for AWT thread" daemon [_thread_blocked, id=5344, stack(0x0c4c0000,0x0c540000)]
  0x0a63f800 JavaThread "FigureTreeLockThread" [_thread_blocked, id=4648, stack(0x0c2b0000,0x0c330000)]
  0x0a63e000 JavaThread "Prefs Updater" [_thread_blocked, id=2128, stack(0x09040000,0x090c0000)]
  0x0a63e400 JavaThread "Timer-2" [_thread_blocked, id=5692, stack(0x08fa0000,0x09020000)]
  0x0a26c800 JavaThread "Swing-Shell" daemon [_thread_blocked, id=1800, stack(0x03f70000,0x03ff0000)]
  0x0a1ba400 JavaThread "Thread-5" [_thread_in_native, id=2644, stack(0x0b6f0000,0x0bef0000)]
  0x098a3c00 JavaThread "TimerQueue" daemon [_thread_blocked, id=5144, stack(0x08ea0000,0x08f20000)]
=>0x07991800 JavaThread "AWT-EventQueue-0" [_thread_in_vm, id=4644, stack(0x09300000,0x09380000)]
  0x07986000 JavaThread "AWT-Windows" daemon [_thread_in_native, id=5648, stack(0x08d80000,0x08e00000)]
  0x07985c00 JavaThread "AWT-Shutdown" [_thread_blocked, id=4172, stack(0x08d00000,0x08d80000)]
  0x07970400 JavaThread "Java2D Disposer" daemon [_thread_blocked, id=3636, stack(0x08c80000,0x08d00000)]
  0x078fc800 JavaThread "Low Memory Detector" daemon [_thread_blocked, id=4944, stack(0x07830000,0x078b0000)]
  0x078f7400 JavaThread "CompilerThread0" daemon [_thread_blocked, id=3720, stack(0x07ac0000,0x082c0000)]
  0x078f6400 JavaThread "Attach Listener" daemon [_thread_blocked, id=4952, stack(0x077b0000,0x07830000)]
  0x078f3800 JavaThread "Signal Dispatcher" daemon [_thread_blocked, id=4928, stack(0x07730000,0x077b0000)]
  0x00372c00 JavaThread "Finalizer" daemon [_thread_blocked, id=1588, stack(0x076b0000,0x07730000)]
  0x00371800 JavaThread "Reference Handler" daemon [_thread_blocked, id=3952, stack(0x04dc0000,0x04e40000)]
  0x0034b800 JavaThread "main" [_thread_in_native, id=1456, stack(0x004e0000,0x00ce0000)]

Other Threads:
  0x0036f000 VMThread [stack: 0x06eb0000,0x076b0000] [id=3104]
  0x078fe400 WatcherThread [stack: 0x082c0000,0x08ac0000] [id=336]

VM state:not at safepoint (normal execution)

VM Mutex/Monitor currently owned by a thread: None

Heap
 def new generation   total 22144K, used 16046K [0x2fa90000, 0x31290000, 0x31290000)
  eden space 19712K,  69% used [0x2fa90000, 0x307dbbc8, 0x30dd0000)
  from space 2432K, 100% used [0x31030000, 0x31290000, 0x31290000)
  to   space 2432K,   0% used [0x30dd0000, 0x30dd0000, 0x31030000)
 tenured generation   total 73728K, used 52368K [0x31290000, 0x35a90000, 0x35a90000)
   the space 73728K,  71% used [0x31290000, 0x345b4060, 0x345b4200, 0x35a90000)
 compacting perm gen  total 15104K, used 15021K [0x35a90000, 0x36950000, 0x37a90000)
   the space 15104K,  99% used [0x35a90000, 0x3693b650, 0x3693b800, 0x36950000)
    ro space 10240K,  51% used [0x37a90000, 0x37fb7b58, 0x37fb7c00, 0x38490000)
    rw space 12288K,  54% used [0x38490000, 0x38b24ce0, 0x38b24e00, 0x39090000)

Dynamic libraries:
0x00400000 - 0x004d8000 	C:\Program Files\MATLAB704\bin\win32\MATLAB.exe
0x77860000 - 0x7799c000 	C:\windows\SYSTEM32\ntdll.dll
0x77090000 - 0x77164000 	C:\windows\system32\kernel32.dll
0x75b50000 - 0x75b9b000 	C:\windows\system32\KERNELBASE.dll
0x784d0000 - 0x784de000 	C:\Program Files\MATLAB704\bin\win32\mvalue.dll
0x783d0000 - 0x7845e000 	C:\Program Files\MATLAB704\bin\win32\libut.dll
0x76aa0000 - 0x76aca000 	C:\windows\system32\imagehlp.dll
0x77560000 - 0x7760c000 	C:\windows\system32\msvcrt.dll
0x771c0000 - 0x77260000 	C:\windows\system32\ADVAPI32.dll
0x779d0000 - 0x779e9000 	C:\windows\SYSTEM32\sechost.dll
0x77260000 - 0x77301000 	C:\windows\system32\RPCRT4.dll
0x781d0000 - 0x78246000 	C:\Program Files\MATLAB704\bin\win32\icuuc24.dll
0x78100000 - 0x78105000 	C:\Program Files\MATLAB704\bin\win32\icudt24l.dll
0x7c340000 - 0x7c396000 	C:\Program Files\MATLAB704\bin\win32\MSVCR71.dll
0x78110000 - 0x78192000 	C:\Program Files\MATLAB704\bin\win32\icuin24.dll
0x781a0000 - 0x781ad000 	C:\Program Files\MATLAB704\bin\win32\icuio24.dll
0x7c3a0000 - 0x7c41b000 	C:\Program Files\MATLAB704\bin\win32\MSVCP71.dll
0x76ad0000 - 0x76c2c000 	C:\windows\system32\ole32.dll
0x77a30000 - 0x77a7e000 	C:\windows\system32\GDI32.dll
0x75cf0000 - 0x75db9000 	C:\windows\system32\USER32.dll
0x779b0000 - 0x779ba000 	C:\windows\system32\LPK.dll
0x76f50000 - 0x76fed000 	C:\windows\system32\USP10.dll
0x75dc0000 - 0x75e4f000 	C:\windows\system32\OLEAUT32.dll
0x78460000 - 0x784a1000 	C:\Program Files\MATLAB704\bin\win32\libmx.dll
0x783b0000 - 0x783c2000 	C:\Program Files\MATLAB704\bin\win32\zlib1.dll
0x78c60000 - 0x78d55000 	C:\Program Files\MATLAB704\bin\win32\libmwservices.dll
0x77010000 - 0x7708b000 	C:\windows\system32\comdlg32.dll
0x77610000 - 0x77667000 	C:\windows\system32\SHLWAPI.dll
0x72c40000 - 0x72cc4000 	C:\windows\WinSxS\x86_microsoft.windows.common-controls_6595b64144ccf1df_5.82.7601.17514_none_ec83dffa859149af\COMCTL32.dll
0x75e50000 - 0x76a9a000 	C:\windows\system32\SHELL32.dll
0x784e0000 - 0x784f6000 	C:\Program Files\MATLAB704\bin\win32\mpath.dll
0x73fb0000 - 0x73fc1000 	C:\windows\system32\NETAPI32.dll
0x73fa0000 - 0x73fa9000 	C:\windows\system32\netutils.dll
0x75660000 - 0x75679000 	C:\windows\system32\srvcli.dll
0x73f90000 - 0x73f9f000 	C:\windows\system32\wkscli.dll
0x779f0000 - 0x77a25000 	C:\windows\system32\WS2_32.dll
0x779a0000 - 0x779a6000 	C:\windows\system32\NSI.dll
0x784b0000 - 0x784be000 	C:\Program Files\MATLAB704\bin\win32\libmex.dll
0x78620000 - 0x78687000 	C:\Program Files\MATLAB704\bin\win32\m_dispatcher.dll
0x78250000 - 0x783a6000 	C:\Program Files\MATLAB704\bin\win32\xerces-c_2_1_0.dll
0x78c40000 - 0x78c52000 	C:\Program Files\MATLAB704\bin\win32\datasvcs.dll
0x79080000 - 0x7909b000 	C:\Program Files\MATLAB704\bin\win32\mcr.dll
0x79950000 - 0x799ee000 	C:\Program Files\MATLAB704\bin\win32\bridge.dll
0x74fa0000 - 0x74fa9000 	C:\windows\system32\VERSION.dll
0x79840000 - 0x79893000 	C:\Program Files\MATLAB704\bin\win32\udd_mi.dll
0x78e60000 - 0x78ed6000 	C:\Program Files\MATLAB704\bin\win32\libmwgui.dll
0x78690000 - 0x7898b000 	C:\Program Files\MATLAB704\bin\win32\m_interpreter.dll
0x78500000 - 0x78590000 	C:\Program Files\MATLAB704\bin\win32\mcos.dll
0x78ba0000 - 0x78baf000 	C:\Program Files\MATLAB704\bin\win32\m_pcodeio.dll
0x78bc0000 - 0x78c33000 	C:\Program Files\MATLAB704\bin\win32\mlib.dll
0x78b20000 - 0x78b75000 	C:\Program Files\MATLAB704\bin\win32\m_ir.dll
0x78b80000 - 0x78b91000 	C:\Program Files\MATLAB704\bin\win32\m_pcodegen.dll
0x78990000 - 0x78b1e000 	C:\Program Files\MATLAB704\bin\win32\m_parser.dll
0x78bb0000 - 0x78bba000 	C:\Program Files\MATLAB704\bin\win32\ir_xfmr.dll
0x784c0000 - 0x784c9000 	C:\Program Files\MATLAB704\bin\win32\libmat.dll
0x78590000 - 0x78611000 	C:\Program Files\MATLAB704\bin\win32\udd.dll
0x798a0000 - 0x798c8000 	C:\Program Files\MATLAB704\bin\win32\jmi.dll
0x79910000 - 0x79919000 	C:\Program Files\MATLAB704\bin\win32\mlautoregister.dll
0x7c140000 - 0x7c243000 	C:\Program Files\MATLAB704\bin\win32\MFC71.DLL
0x78ee0000 - 0x7902d000 	C:\Program Files\MATLAB704\bin\win32\hg.dll
0x78db0000 - 0x78e2c000 	C:\Program Files\MATLAB704\bin\win32\uiw.dll
0x78e50000 - 0x78e55000 	C:\Program Files\MATLAB704\bin\win32\uinone.dll
0x79050000 - 0x7907a000 	C:\Program Files\MATLAB704\bin\win32\libmwhardcopy.dll
0x78e30000 - 0x78e4c000 	C:\Program Files\MATLAB704\bin\win32\libuij.dll
0x74f40000 - 0x74f91000 	C:\windows\system32\WINSPOOL.DRV
0x790a0000 - 0x791f5000 	C:\Program Files\MATLAB704\bin\win32\numerics.dll
0x797b0000 - 0x797b7000 	C:\Program Files\MATLAB704\bin\win32\libmwamd.dll
0x79240000 - 0x792c6000 	C:\Program Files\MATLAB704\bin\win32\libfftw3.dll
0x792d0000 - 0x79351000 	C:\Program Files\MATLAB704\bin\win32\libfftw3f.dll
0x79200000 - 0x7921c000 	C:\Program Files\MATLAB704\bin\win32\libmwlapack.dll
0x797c0000 - 0x79815000 	C:\Program Files\MATLAB704\bin\win32\libmwumfpackv4.3.dll
0x79820000 - 0x79831000 	C:\Program Files\MATLAB704\bin\win32\mwoles05.dll
0x798d0000 - 0x79907000 	C:\Program Files\MATLAB704\bin\win32\comcli.dll
0x76ff0000 - 0x7700f000 	C:\windows\system32\IMM32.DLL
0x77790000 - 0x7785c000 	C:\windows\system32\MSCTF.dll
0x6f5d0000 - 0x6f6bb000 	C:\windows\system32\dbghelp.dll
0x7c300000 - 0x7c30c000 	C:\Program Files\MATLAB704\bin\win32\MFC71KOR.DLL
0x79220000 - 0x79238000 	C:\Program Files\MATLAB704\bin\win32\mkl.dll
0x79360000 - 0x797a7000 	C:\Program Files\MATLAB704\bin\win32\lapack.dll
0x7c040000 - 0x7c0b5000 	C:\Program Files\MATLAB704\bin\win32\DFORRT.DLL
0x75970000 - 0x7597c000 	C:\windows\system32\CRYPTBASE.dll
0x74860000 - 0x748a0000 	C:\windows\system32\uxtheme.dll
0x10000000 - 0x10028000 	C:\windows\system32\ImageSAFERFilter.dll
0x6f540000 - 0x6f5ce000 	C:\windows\WinSxS\x86_microsoft.vc90.crt_1fc8b3b9a1e18e3b_9.0.30729.6161_none_50934f2ebcb7eb57\MSVCP90.dll
0x70e40000 - 0x70ee3000 	C:\windows\WinSxS\x86_microsoft.vc90.crt_1fc8b3b9a1e18e3b_9.0.30729.6161_none_50934f2ebcb7eb57\MSVCR90.dll
0x74f10000 - 0x74f31000 	C:\windows\system32\ntmarta.dll
0x77170000 - 0x771b5000 	C:\windows\system32\WLDAP32.dll
0x72cd0000 - 0x72cd5000 	C:\windows\system32\MSIMG32.dll
0x6d800000 - 0x6da97000 	C:\Program Files\MATLAB704\sys\java\jre\win32\jre1.5.0\bin\client\jvm.dll
0x72ce0000 - 0x72d12000 	C:\windows\system32\WINMM.dll
0x758f0000 - 0x7593c000 	C:\windows\system32\apphelp.dll
0x70080000 - 0x700e9000 	C:\windows\system32\IMKR12.IME
0x70bd0000 - 0x70c6b000 	C:\windows\WinSxS\x86_microsoft.vc80.crt_1fc8b3b9a1e18e3b_8.0.50727.6195_none_d09154e044272b9a\MSVCR80.dll
0x70c70000 - 0x70cf7000 	C:\windows\WinSxS\x86_microsoft.vc80.crt_1fc8b3b9a1e18e3b_8.0.50727.6195_none_d09154e044272b9a\MSVCP80.dll
0x774d0000 - 0x77553000 	C:\windows\system32\CLBCatQ.DLL
0x74220000 - 0x74233000 	C:\windows\system32\dwmapi.dll
0x6d0b0000 - 0x6d0d2000 	C:\PROGRA~1\COMMON~1\MICROS~1\IME12\IMEKR\IMKRAPI.DLL
0x6d030000 - 0x6d05d000 	C:\PROGRA~1\COMMON~1\MICROS~1\IME12\SHARED\IMJKAPI.DLL
0x6d7b0000 - 0x6d7bc000 	C:\Program Files\MATLAB704\sys\java\jre\win32\jre1.5.0\bin\verify.dll
0x6d330000 - 0x6d34f000 	C:\Program Files\MATLAB704\sys\java\jre\win32\jre1.5.0\bin\java.dll
0x6d290000 - 0x6d298000 	C:\Program Files\MATLAB704\sys\java\jre\win32\jre1.5.0\bin\hpi.dll
0x779c0000 - 0x779c5000 	C:\windows\system32\PSAPI.DLL
0x6d7f0000 - 0x6d7ff000 	C:\Program Files\MATLAB704\sys\java\jre\win32\jre1.5.0\bin\zip.dll
0x799f0000 - 0x79a01000 	C:\Program Files\MATLAB704\bin\win32\jmi_mi.dll
0x7a530000 - 0x7a53c000 	C:\Program Files\MATLAB704\bin\win32\nativejava.dll
0x08b30000 - 0x08c7a000 	C:\Program Files\MATLAB704\sys\java\jre\win32\jre1.5.0\bin\awt.dll
0x6d230000 - 0x6d284000 	C:\Program Files\MATLAB704\sys\java\jre\win32\jre1.5.0\bin\fontmanager.dll
0x6d610000 - 0x6d623000 	C:\Program Files\MATLAB704\sys\java\jre\win32\jre1.5.0\bin\net.dll
0x75420000 - 0x7545c000 	C:\windows\system32\mswsock.dll
0x75410000 - 0x75416000 	C:\windows\System32\wship6.dll
0x6d630000 - 0x6d639000 	C:\Program Files\MATLAB704\sys\java\jre\win32\jre1.5.0\bin\nio.dll
0x7a540000 - 0x7a548000 	C:\Program Files\MATLAB704\bin\win32\nativelex.dll
0x744d0000 - 0x7466e000 	C:\windows\WinSxS\x86_microsoft.windows.common-controls_6595b64144ccf1df_6.0.7601.17514_none_41e6975e2bd6f2b2\comctl32.dll
0x74a20000 - 0x74b15000 	C:\windows\system32\propsys.dll
0x6c3f0000 - 0x6c588000 	C:\windows\system32\NetworkExplorer.dll
0x740c0000 - 0x741f0000 	C:\windows\system32\WindowsCodecs.dll
0x041e0000 - 0x04202000 	C:\Users\114035\AppData\Roaming\Dropbox\bin\DropboxExt.19.dll
0x76c90000 - 0x76e2d000 	C:\windows\system32\SETUPAPI.dll
0x75b00000 - 0x75b27000 	C:\windows\system32\CFGMGR32.dll
0x75b30000 - 0x75b42000 	C:\windows\system32\DEVOBJ.dll
0x6a900000 - 0x6a97d000 	C:\windows\system32\spool\DRIVERS\W32X86\3\ssv1mdu.dll
0x70310000 - 0x70341000 	C:\windows\system32\EhStorShell.dll
0x6f120000 - 0x6f1af000 	C:\Program Files\Google\Drive\googledrivesync32.dll
0x6f080000 - 0x6f0f0000 	C:\windows\system32\ntshrui.dll
0x6fcd0000 - 0x6fcdb000 	C:\windows\system32\cscapi.dll
0x73d70000 - 0x73d7a000 	C:\windows\system32\slc.dll
0x04300000 - 0x04325000 	C:\Program Files\ucloud\ucloudShellExt.dll
0x759f0000 - 0x759fb000 	C:\windows\system32\profapi.dll

VM Arguments:
jvm_args: -Xss512k -Xms64m -Xmx96m -XX:NewRatio=3 -XX:MaxPermSize=32M -Dsun.java2d.noddraw=true -Dsun.awt.nopixfmt=true -Djava.library.path=C:\Program Files\MATLAB704\bin\win32 vfprintf abort 
java_command: <unknown>
Launcher Type: generic

Environment Variables:
JAVA_HOME=C:\Program Files\Java\jre7
CLASSPATH=.;C:\Program Files\Java\jre6\lib\ext\QTJava.zip
PATH=C:\Program Files\Java\jre7\bin;C:\And\androidsdk\platform-tools;C:\Program Files\MiKTeX 2.6\miktex\bin;C:\Program Files\Common Files\Microsoft Shared\Windows Live;C:\windows\system32;C:\windows;C:\windows\System32\Wbem;C:\windows\System32\WindowsPowerShell\v1.0\;C:\Program Files\Windows Live\Shared;C:\Program Files\MATLAB\R2008a\bin;C:\Program Files\MATLAB\R2008a\bin\win32;C:\Program Files\MATLAB704\bin\win32;C:\Program Files\QuickTime\QTSystem\;C:\Users\114035\AppData\Roaming\MemoThis
USERNAME=114035
OS=Windows_NT
PROCESSOR_IDENTIFIER=x86 Family 6 Model 37 Stepping 5, GenuineIntel



---------------  S Y S T E M  ---------------

OS: Windows 7 Build 7601 Service Pack 1

CPU:total 4 (8 cores per cpu, 2 threads per core) family 6 model 37 stepping 5, cmov, cx8, fxsr, mmx, sse, sse2, sse3, ssse3, sse4.1, sse4.2, popcnt, ht

Memory: 4k page, physical 2088304k(901312k free), swap 4176608k(1991272k free)

vm_info: Java HotSpot(TM) Client VM (16.0-b13) for windows-x86 JRE (1.6.0_18-b07), built on Dec 17 2009 13:35:55 by "java_re" with MS VC++ 7.1 (VS2003)

time: Wed May 01 15:18:56 2013
elapsed time: 3562 seconds

