#
# A fatal error has been detected by the Java Runtime Environment:
#
#  EXCEPTION_ACCESS_VIOLATION (0xc0000005) at pc=0x6d8fba85, pid=4864, tid=8176
#
# JRE version: 6.0_18-b07
# Java VM: Java HotSpot(TM) Client VM (16.0-b13 mixed mode, sharing windows-x86 )
# Problematic frame:
# V  [jvm.dll+0xfba85]
#
# If you would like to submit a bug report, please visit:
#   http://java.sun.com/webapps/bugreport/crash.jsp
#

---------------  T H R E A D  ---------------

Current thread (0x00339400):  JavaThread "AWT-EventQueue-0" [_thread_in_vm, id=8176, stack(0x092b0000,0x09330000)]

siginfo: ExceptionCode=0xc0000005, reading address 0x00000000

Registers:
EAX=0x00000000, EBX=0x00339510, ECX=0x00339400, EDX=0x6da2441c
ESP=0x0932f6e8, EBP=0x0932f730, ESI=0x00339400, EDI=0x00000000
EIP=0x6d8fba85, EFLAGS=0x00010246

Top of Stack: (sp=0x0932f6e8)
0x0932f6e8:   0932f7b4 00339510 35b1f0a0 0932fc2c
0x0932f6f8:   6d9fbad0 6d9fd2f0 ffffffff 0932f714
0x0932f708:   6d8010e0 00339400 0932fbd4 0932f744
0x0932f718:   6d9037d9 00339400 00339400 07af82ec
0x0932f728:   000004c4 6da2441c 0932f748 7a53303b
0x0932f738:   00339510 0932f7b4 00000000 0932f75c
0x0932f748:   0932f768 7a5338af 00339510 0932f7b4
0x0932f758:   00000000 00339400 35b1f0a0 35b1f0a0 

Instructions: (pc=0x6d8fba85)
0x6d8fba75:   00 00 00 74 08 8d 4d f0 e8 6e e9 08 00 8b 7d 10
0x6d8fba85:   8b 07 c7 45 e0 0c 00 00 00 8b 48 08 0f b7 51 2a 


Stack: [0x092b0000,0x09330000],  sp=0x0932f6e8,  free space=1fd0932f204k
Native frames: (J=compiled Java code, j=interpreted, Vv=VM code, C=native code)
V  [jvm.dll+0xfba85]
C  [nativejava.dll+0x303b]
C  [nativejava.dll+0x38af]
j  com.mathworks.util.NativeJava.hWndFromComponentPeer(Ljava/awt/peer/ComponentPeer;)I+0
j  com.mathworks.util.NativeJava.hWndFromWindow(Ljava/awt/Window;)I+72
j  com.mathworks.mwswing.MJWindow.enableNativeEvents(Ljava/awt/Window;)V+14
j  com.mathworks.mwswing.MJWindow.addNotify()V+12
j  java.awt.Window.show()V+8
j  java.awt.Component.show(Z)V+5
j  java.awt.Component.setVisible(Z)V+2
j  java.awt.Window.setVisible(Z)V+2
j  com.mathworks.mwswing.MPopup.show()V+29
j  com.mathworks.mlwidgets.html.HTMLRenderer$HTMLTooltip$HTMLTooltipThread.run()V+66
J  java.awt.event.InvocationEvent.dispatch()V
J  java.awt.EventQueue.dispatchEvent(Ljava/awt/AWTEvent;)V
J  java.awt.EventDispatchThread.pumpOneEventForFilters(I)Z
j  java.awt.EventDispatchThread.pumpEventsForFilter(ILjava/awt/Conditional;Ljava/awt/EventFilter;)V+30
j  java.awt.EventDispatchThread.pumpEventsForHierarchy(ILjava/awt/Conditional;Ljava/awt/Component;)V+11
j  java.awt.EventDispatchThread.pumpEvents(ILjava/awt/Conditional;)V+4
j  java.awt.EventDispatchThread.pumpEvents(Ljava/awt/Conditional;)V+3
j  java.awt.EventDispatchThread.run()V+9
v  ~StubRoutines::call_stub
V  [jvm.dll+0xf072c]
V  [jvm.dll+0x17fd51]
V  [jvm.dll+0xf08f7]
V  [jvm.dll+0xf096d]
V  [jvm.dll+0x11a4c0]
V  [jvm.dll+0x1dd924]
V  [jvm.dll+0x17f9cc]
C  [MSVCR71.dll+0x9565]
C  [kernel32.dll+0x4ed6c]
C  [ntdll.dll+0x6377b]
C  [ntdll.dll+0x6374e]

Java frames: (J=compiled Java code, j=interpreted, Vv=VM code)
j  com.mathworks.util.NativeJava.hWndFromComponentPeer(Ljava/awt/peer/ComponentPeer;)I+0
j  com.mathworks.util.NativeJava.hWndFromWindow(Ljava/awt/Window;)I+72
j  com.mathworks.mwswing.MJWindow.enableNativeEvents(Ljava/awt/Window;)V+14
j  com.mathworks.mwswing.MJWindow.addNotify()V+12
j  java.awt.Window.show()V+8
j  java.awt.Component.show(Z)V+5
j  java.awt.Component.setVisible(Z)V+2
j  java.awt.Window.setVisible(Z)V+2
j  com.mathworks.mwswing.MPopup.show()V+29
j  com.mathworks.mlwidgets.html.HTMLRenderer$HTMLTooltip$HTMLTooltipThread.run()V+66
J  java.awt.event.InvocationEvent.dispatch()V
J  java.awt.EventQueue.dispatchEvent(Ljava/awt/AWTEvent;)V
J  java.awt.EventDispatchThread.pumpOneEventForFilters(I)Z
j  java.awt.EventDispatchThread.pumpEventsForFilter(ILjava/awt/Conditional;Ljava/awt/EventFilter;)V+30
j  java.awt.EventDispatchThread.pumpEventsForHierarchy(ILjava/awt/Conditional;Ljava/awt/Component;)V+11
j  java.awt.EventDispatchThread.pumpEvents(ILjava/awt/Conditional;)V+4
j  java.awt.EventDispatchThread.pumpEvents(Ljava/awt/Conditional;)V+3
j  java.awt.EventDispatchThread.run()V+9
v  ~StubRoutines::call_stub

---------------  P R O C E S S  ---------------

Java Threads: ( => current thread )
  0x0ad49400 JavaThread "Image Fetcher 1" daemon [_thread_blocked, id=6964, stack(0x0b610000,0x0b690000)]
  0x0ad48400 JavaThread "Image Fetcher 0" daemon [_thread_blocked, id=5416, stack(0x0b590000,0x0b610000)]
  0x0ad49c00 JavaThread "Timer queue for AWT thread" daemon [_thread_blocked, id=8188, stack(0x0c100000,0x0c180000)]
  0x0ad49000 JavaThread "Prefs Updater" [_thread_blocked, id=3428, stack(0x090f0000,0x09170000)]
  0x0ad48800 JavaThread "Timer-2" [_thread_blocked, id=1436, stack(0x08f70000,0x08ff0000)]
  0x0ac5d800 JavaThread "Swing-Shell" daemon [_thread_blocked, id=6692, stack(0x0b3b0000,0x0b430000)]
  0x0a0c5c00 JavaThread "Thread-5" [_thread_in_native, id=7420, stack(0x041b0000,0x049b0000)]
  0x09e6f800 JavaThread "TimerQueue" daemon [_thread_blocked, id=7648, stack(0x09c20000,0x09ca0000)]
=>0x00339400 JavaThread "AWT-EventQueue-0" [_thread_in_vm, id=8176, stack(0x092b0000,0x09330000)]
  0x07ae1800 JavaThread "AWT-Windows" daemon [_thread_in_native, id=3176, stack(0x08d30000,0x08db0000)]
  0x07ae1000 JavaThread "AWT-Shutdown" [_thread_blocked, id=7560, stack(0x08cb0000,0x08d30000)]
  0x07ae0800 JavaThread "Java2D Disposer" daemon [_thread_blocked, id=7080, stack(0x08c30000,0x08cb0000)]
  0x07a69c00 JavaThread "Low Memory Detector" daemon [_thread_blocked, id=7296, stack(0x07920000,0x079a0000)]
  0x07a65000 JavaThread "CompilerThread0" daemon [_thread_blocked, id=5256, stack(0x07c30000,0x08430000)]
  0x07a64000 JavaThread "Attach Listener" daemon [_thread_blocked, id=5096, stack(0x078a0000,0x07920000)]
  0x07a63800 JavaThread "Signal Dispatcher" daemon [_thread_blocked, id=7840, stack(0x04fe0000,0x05060000)]
  0x00321800 JavaThread "Finalizer" daemon [_thread_blocked, id=6616, stack(0x04f60000,0x04fe0000)]
  0x00320400 JavaThread "Reference Handler" daemon [_thread_blocked, id=5100, stack(0x04ee0000,0x04f60000)]
  0x002fb800 JavaThread "main" [_thread_in_native, id=3068, stack(0x004e0000,0x00ce0000)]

Other Threads:
  0x0031e000 VMThread [stack: 0x070a0000,0x078a0000] [id=7896]
  0x07a6c000 WatcherThread [stack: 0x08430000,0x08c30000] [id=5064]

VM state:not at safepoint (normal execution)

VM Mutex/Monitor currently owned by a thread: None

Heap
 def new generation   total 22144K, used 9221K [0x2fa90000, 0x31290000, 0x31290000)
  eden space 19712K,  34% used [0x2fa90000, 0x30140f88, 0x30dd0000)
  from space 2432K,  97% used [0x31030000, 0x31280828, 0x31290000)
  to   space 2432K,   0% used [0x30dd0000, 0x30dd0000, 0x31030000)
 tenured generation   total 73728K, used 50354K [0x31290000, 0x35a90000, 0x35a90000)
   the space 73728K,  68% used [0x31290000, 0x343bc9c0, 0x343bca00, 0x35a90000)
 compacting perm gen  total 14592K, used 14450K [0x35a90000, 0x368d0000, 0x37a90000)
   the space 14592K,  99% used [0x35a90000, 0x368ac9e0, 0x368aca00, 0x368d0000)
    ro space 10240K,  51% used [0x37a90000, 0x37fb7b58, 0x37fb7c00, 0x38490000)
    rw space 12288K,  54% used [0x38490000, 0x38b24ce0, 0x38b24e00, 0x39090000)

Dynamic libraries:
0x00400000 - 0x004d8000 	C:\Program Files\MATLAB704\bin\win32\MATLAB.exe
0x77170000 - 0x772ac000 	C:\windows\SYSTEM32\ntdll.dll
0x75a10000 - 0x75ae4000 	C:\windows\system32\kernel32.dll
0x753b0000 - 0x753fb000 	C:\windows\system32\KERNELBASE.dll
0x784d0000 - 0x784de000 	C:\Program Files\MATLAB704\bin\win32\mvalue.dll
0x783d0000 - 0x7845e000 	C:\Program Files\MATLAB704\bin\win32\libut.dll
0x75c40000 - 0x75c6a000 	C:\windows\system32\imagehlp.dll
0x772f0000 - 0x7739c000 	C:\windows\system32\msvcrt.dll
0x761f0000 - 0x76290000 	C:\windows\system32\ADVAPI32.dll
0x76290000 - 0x762a9000 	C:\windows\SYSTEM32\sechost.dll
0x75910000 - 0x759b1000 	C:\windows\system32\RPCRT4.dll
0x781d0000 - 0x78246000 	C:\Program Files\MATLAB704\bin\win32\icuuc24.dll
0x78100000 - 0x78105000 	C:\Program Files\MATLAB704\bin\win32\icudt24l.dll
0x7c340000 - 0x7c396000 	C:\Program Files\MATLAB704\bin\win32\MSVCR71.dll
0x78110000 - 0x78192000 	C:\Program Files\MATLAB704\bin\win32\icuin24.dll
0x781a0000 - 0x781ad000 	C:\Program Files\MATLAB704\bin\win32\icuio24.dll
0x7c3a0000 - 0x7c41b000 	C:\Program Files\MATLAB704\bin\win32\MSVCP71.dll
0x77010000 - 0x7716c000 	C:\windows\system32\ole32.dll
0x759c0000 - 0x75a0e000 	C:\windows\system32\GDI32.dll
0x75e30000 - 0x75ef9000 	C:\windows\system32\USER32.dll
0x772c0000 - 0x772ca000 	C:\windows\system32\LPK.dll
0x75f00000 - 0x75f9d000 	C:\windows\system32\USP10.dll
0x76000000 - 0x7608f000 	C:\windows\system32\OLEAUT32.dll
0x78460000 - 0x784a1000 	C:\Program Files\MATLAB704\bin\win32\libmx.dll
0x783b0000 - 0x783c2000 	C:\Program Files\MATLAB704\bin\win32\zlib1.dll
0x78c60000 - 0x78d55000 	C:\Program Files\MATLAB704\bin\win32\libmwservices.dll
0x76340000 - 0x763bb000 	C:\windows\system32\comdlg32.dll
0x75bd0000 - 0x75c27000 	C:\windows\system32\SHLWAPI.dll
0x72770000 - 0x727f4000 	C:\windows\WinSxS\x86_microsoft.windows.common-controls_6595b64144ccf1df_5.82.7601.17514_none_ec83dffa859149af\COMCTL32.dll
0x763c0000 - 0x7700a000 	C:\windows\system32\SHELL32.dll
0x784e0000 - 0x784f6000 	C:\Program Files\MATLAB704\bin\win32\mpath.dll
0x73790000 - 0x737a1000 	C:\windows\system32\NETAPI32.dll
0x73780000 - 0x73789000 	C:\windows\system32\netutils.dll
0x74f70000 - 0x74f89000 	C:\windows\system32\srvcli.dll
0x73770000 - 0x7377f000 	C:\windows\system32\wkscli.dll
0x761b0000 - 0x761e5000 	C:\windows\system32\WS2_32.dll
0x75bc0000 - 0x75bc6000 	C:\windows\system32\NSI.dll
0x784b0000 - 0x784be000 	C:\Program Files\MATLAB704\bin\win32\libmex.dll
0x78620000 - 0x78687000 	C:\Program Files\MATLAB704\bin\win32\m_dispatcher.dll
0x78250000 - 0x783a6000 	C:\Program Files\MATLAB704\bin\win32\xerces-c_2_1_0.dll
0x78c40000 - 0x78c52000 	C:\Program Files\MATLAB704\bin\win32\datasvcs.dll
0x79080000 - 0x7909b000 	C:\Program Files\MATLAB704\bin\win32\mcr.dll
0x79950000 - 0x799ee000 	C:\Program Files\MATLAB704\bin\win32\bridge.dll
0x748b0000 - 0x748b9000 	C:\windows\system32\VERSION.dll
0x79840000 - 0x79893000 	C:\Program Files\MATLAB704\bin\win32\udd_mi.dll
0x78e60000 - 0x78ed6000 	C:\Program Files\MATLAB704\bin\win32\libmwgui.dll
0x78690000 - 0x7898b000 	C:\Program Files\MATLAB704\bin\win32\m_interpreter.dll
0x78500000 - 0x78590000 	C:\Program Files\MATLAB704\bin\win32\mcos.dll
0x78ba0000 - 0x78baf000 	C:\Program Files\MATLAB704\bin\win32\m_pcodeio.dll
0x78bc0000 - 0x78c33000 	C:\Program Files\MATLAB704\bin\win32\mlib.dll
0x78b20000 - 0x78b75000 	C:\Program Files\MATLAB704\bin\win32\m_ir.dll
0x78b80000 - 0x78b91000 	C:\Program Files\MATLAB704\bin\win32\m_pcodegen.dll
0x78990000 - 0x78b1e000 	C:\Program Files\MATLAB704\bin\win32\m_parser.dll
0x78bb0000 - 0x78bba000 	C:\Program Files\MATLAB704\bin\win32\ir_xfmr.dll
0x784c0000 - 0x784c9000 	C:\Program Files\MATLAB704\bin\win32\libmat.dll
0x78590000 - 0x78611000 	C:\Program Files\MATLAB704\bin\win32\udd.dll
0x798a0000 - 0x798c8000 	C:\Program Files\MATLAB704\bin\win32\jmi.dll
0x79910000 - 0x79919000 	C:\Program Files\MATLAB704\bin\win32\mlautoregister.dll
0x7c140000 - 0x7c243000 	C:\Program Files\MATLAB704\bin\win32\MFC71.DLL
0x78ee0000 - 0x7902d000 	C:\Program Files\MATLAB704\bin\win32\hg.dll
0x78db0000 - 0x78e2c000 	C:\Program Files\MATLAB704\bin\win32\uiw.dll
0x78e50000 - 0x78e55000 	C:\Program Files\MATLAB704\bin\win32\uinone.dll
0x79050000 - 0x7907a000 	C:\Program Files\MATLAB704\bin\win32\libmwhardcopy.dll
0x78e30000 - 0x78e4c000 	C:\Program Files\MATLAB704\bin\win32\libuij.dll
0x74850000 - 0x748a1000 	C:\windows\system32\WINSPOOL.DRV
0x790a0000 - 0x791f5000 	C:\Program Files\MATLAB704\bin\win32\numerics.dll
0x797b0000 - 0x797b7000 	C:\Program Files\MATLAB704\bin\win32\libmwamd.dll
0x79240000 - 0x792c6000 	C:\Program Files\MATLAB704\bin\win32\libfftw3.dll
0x792d0000 - 0x79351000 	C:\Program Files\MATLAB704\bin\win32\libfftw3f.dll
0x79200000 - 0x7921c000 	C:\Program Files\MATLAB704\bin\win32\libmwlapack.dll
0x797c0000 - 0x79815000 	C:\Program Files\MATLAB704\bin\win32\libmwumfpackv4.3.dll
0x79820000 - 0x79831000 	C:\Program Files\MATLAB704\bin\win32\mwoles05.dll
0x798d0000 - 0x79907000 	C:\Program Files\MATLAB704\bin\win32\comcli.dll
0x772d0000 - 0x772ef000 	C:\windows\system32\IMM32.DLL
0x75af0000 - 0x75bbc000 	C:\windows\system32\MSCTF.dll
0x6f790000 - 0x6f87b000 	C:\windows\system32\dbghelp.dll
0x7c300000 - 0x7c30c000 	C:\Program Files\MATLAB704\bin\win32\MFC71KOR.DLL
0x79220000 - 0x79238000 	C:\Program Files\MATLAB704\bin\win32\mkl.dll
0x79360000 - 0x797a7000 	C:\Program Files\MATLAB704\bin\win32\lapack.dll
0x7c040000 - 0x7c0b5000 	C:\Program Files\MATLAB704\bin\win32\DFORRT.DLL
0x61400000 - 0x6142b000 	C:\windows\system32\f_im.dll
0x61000000 - 0x61104000 	C:\Program Files\Fasoo DRM\f_sps.dll
0x772b0000 - 0x772b5000 	C:\windows\system32\PSAPI.DLL
0x10000000 - 0x10033000 	C:\windows\system32\f_pbrc12.dll
0x73b30000 - 0x73b43000 	C:\windows\system32\dwmapi.dll
0x75280000 - 0x7528c000 	C:\windows\system32\CRYPTBASE.dll
0x73e20000 - 0x73e60000 	C:\windows\system32\uxtheme.dll
0x02c50000 - 0x02c78000 	C:\windows\system32\ImageSAFERFilter.dll
0x6f700000 - 0x6f78e000 	C:\windows\WinSxS\x86_microsoft.vc90.crt_1fc8b3b9a1e18e3b_9.0.30729.6161_none_50934f2ebcb7eb57\MSVCP90.dll
0x703c0000 - 0x70463000 	C:\windows\WinSxS\x86_microsoft.vc90.crt_1fc8b3b9a1e18e3b_9.0.30729.6161_none_50934f2ebcb7eb57\MSVCR90.dll
0x74820000 - 0x74841000 	C:\windows\system32\ntmarta.dll
0x757a0000 - 0x757e5000 	C:\windows\system32\WLDAP32.dll
0x72850000 - 0x72855000 	C:\windows\system32\MSIMG32.dll
0x75200000 - 0x7524c000 	C:\windows\system32\apphelp.dll
0x70790000 - 0x707f9000 	C:\windows\system32\IMKR12.IME
0x70690000 - 0x7072b000 	C:\windows\WinSxS\x86_microsoft.vc80.crt_1fc8b3b9a1e18e3b_8.0.50727.6195_none_d09154e044272b9a\MSVCR80.dll
0x70600000 - 0x70687000 	C:\windows\WinSxS\x86_microsoft.vc80.crt_1fc8b3b9a1e18e3b_8.0.50727.6195_none_d09154e044272b9a\MSVCP80.dll
0x6d800000 - 0x6da97000 	C:\Program Files\MATLAB704\sys\java\jre\win32\jre1.5.0\bin\client\jvm.dll
0x726b0000 - 0x726e2000 	C:\windows\system32\WINMM.dll
0x6d7b0000 - 0x6d7bc000 	C:\Program Files\MATLAB704\sys\java\jre\win32\jre1.5.0\bin\verify.dll
0x6d330000 - 0x6d34f000 	C:\Program Files\MATLAB704\sys\java\jre\win32\jre1.5.0\bin\java.dll
0x6d290000 - 0x6d298000 	C:\Program Files\MATLAB704\sys\java\jre\win32\jre1.5.0\bin\hpi.dll
0x6d7f0000 - 0x6d7ff000 	C:\Program Files\MATLAB704\sys\java\jre\win32\jre1.5.0\bin\zip.dll
0x799f0000 - 0x79a01000 	C:\Program Files\MATLAB704\bin\win32\jmi_mi.dll
0x7a530000 - 0x7a53c000 	C:\Program Files\MATLAB704\bin\win32\nativejava.dll
0x6d000000 - 0x6d14a000 	C:\Program Files\MATLAB704\sys\java\jre\win32\jre1.5.0\bin\awt.dll
0x6d230000 - 0x6d284000 	C:\Program Files\MATLAB704\sys\java\jre\win32\jre1.5.0\bin\fontmanager.dll
0x6d610000 - 0x6d623000 	C:\Program Files\MATLAB704\sys\java\jre\win32\jre1.5.0\bin\net.dll
0x74d40000 - 0x74d7c000 	C:\windows\system32\mswsock.dll
0x74d30000 - 0x74d36000 	C:\windows\System32\wship6.dll
0x6d630000 - 0x6d639000 	C:\Program Files\MATLAB704\sys\java\jre\win32\jre1.5.0\bin\nio.dll
0x7a540000 - 0x7a548000 	C:\Program Files\MATLAB704\bin\win32\nativelex.dll
0x740c0000 - 0x7425e000 	C:\windows\WinSxS\x86_microsoft.windows.common-controls_6595b64144ccf1df_6.0.7601.17514_none_41e6975e2bd6f2b2\comctl32.dll
0x762b0000 - 0x76333000 	C:\windows\system32\CLBCatQ.DLL
0x73fc0000 - 0x740b5000 	C:\windows\system32\propsys.dll
0x75600000 - 0x7579d000 	C:\windows\system32\SETUPAPI.dll
0x755d0000 - 0x755f7000 	C:\windows\system32\CFGMGR32.dll
0x755b0000 - 0x755c2000 	C:\windows\system32\DEVOBJ.dll
0x6b930000 - 0x6bac8000 	C:\windows\system32\NetworkExplorer.dll
0x739d0000 - 0x73b00000 	C:\windows\system32\WindowsCodecs.dll
0x6a900000 - 0x6a97d000 	C:\windows\system32\spool\DRIVERS\W32X86\3\ssv1mdu.dll
0x0c610000 - 0x0c632000 	C:\Users\114035\AppData\Roaming\Dropbox\bin\DropboxExt.19.dll
0x6f620000 - 0x6f651000 	C:\windows\system32\EhStorShell.dll
0x6f560000 - 0x6f5ef000 	C:\Program Files\Google\Drive\googledrivesync32.dll
0x6ede0000 - 0x6ee50000 	C:\windows\system32\ntshrui.dll
0x6f550000 - 0x6f55b000 	C:\windows\system32\cscapi.dll
0x737c0000 - 0x737ca000 	C:\windows\system32\slc.dll
0x0ce60000 - 0x0ce85000 	C:\Program Files\ucloud\ucloudShellExt.dll

VM Arguments:
jvm_args: -Xss512k -Xms64m -Xmx96m -XX:NewRatio=3 -XX:MaxPermSize=32M -Dsun.java2d.noddraw=true -Dsun.awt.nopixfmt=true -Djava.library.path=C:\Program Files\MATLAB704\bin\win32 vfprintf abort 
java_command: <unknown>
Launcher Type: generic

Environment Variables:
JAVA_HOME=C:\Program Files\Java\jre7
CLASSPATH=.;C:\Program Files\Java\jre6\lib\ext\QTJava.zip
PATH=C:\Program Files\Java\jre7\bin;C:\And\androidsdk\platform-tools;C:\Program Files\MiKTeX 2.6\miktex\bin;C:\Program Files\Common Files\Microsoft Shared\Windows Live;C:\windows\system32;C:\windows;C:\windows\System32\Wbem;C:\windows\System32\WindowsPowerShell\v1.0\;C:\Program Files\Windows Live\Shared;C:\Program Files\MATLAB\R2008a\bin;C:\Program Files\MATLAB\R2008a\bin\win32;C:\Program Files\MATLAB704\bin\win32;C:\Program Files\QuickTime\QTSystem\;C:\Users\114035\AppData\Roaming\MemoThis;C:\Program Files\ESTsoft\ALSee
USERNAME=114035
OS=Windows_NT
PROCESSOR_IDENTIFIER=x86 Family 6 Model 37 Stepping 5, GenuineIntel



---------------  S Y S T E M  ---------------

OS: Windows 7 Build 7601 Service Pack 1

CPU:total 4 (8 cores per cpu, 2 threads per core) family 6 model 37 stepping 5, cmov, cx8, fxsr, mmx, sse, sse2, sse3, ssse3, sse4.1, sse4.2, popcnt, ht

Memory: 4k page, physical 2088304k(570488k free), swap 5487328k(439516k free)

vm_info: Java HotSpot(TM) Client VM (16.0-b13) for windows-x86 JRE (1.6.0_18-b07), built on Dec 17 2009 13:35:55 by "java_re" with MS VC++ 7.1 (VS2003)

time: Tue Jun 04 21:11:54 2013
elapsed time: 496 seconds

