#
# A fatal error has been detected by the Java Runtime Environment:
#
#  EXCEPTION_ACCESS_VIOLATION (0xc0000005) at pc=0x6d8fba85, pid=5520, tid=2608
#
# JRE version: 6.0_18-b07
# Java VM: Java HotSpot(TM) Client VM (16.0-b13 mixed mode, sharing windows-x86 )
# Problematic frame:
# V  [jvm.dll+0xfba85]
#
# If you would like to submit a bug report, please visit:
#   http://java.sun.com/webapps/bugreport/crash.jsp
#

---------------  T H R E A D  ---------------

Current thread (0x07b57400):  JavaThread "AWT-EventQueue-0" [_thread_in_vm, id=2608, stack(0x09370000,0x093f0000)]

siginfo: ExceptionCode=0xc0000005, reading address 0x00000000

Registers:
EAX=0x00000000, EBX=0x07b57510, ECX=0x07b57400, EDX=0x6da2441c
ESP=0x093ef348, EBP=0x093ef390, ESI=0x07b57400, EDI=0x00000000
EIP=0x6d8fba85, EFLAGS=0x00010246

Top of Stack: (sp=0x093ef348)
0x093ef348:   093ef410 07b57510 35b1f0a0 093efc2c
0x093ef358:   6d9fbad0 6d9fd2f0 ffffffff 093ef374
0x093ef368:   6d8010e0 07b57400 093efbd4 093ef3a4
0x093ef378:   6d9037d9 07b57400 07b57400 07b4b314
0x093ef388:   000004c4 6da2441c 093ef3a8 7a53303b
0x093ef398:   07b57510 093ef410 00000000 093ef3bc
0x093ef3a8:   093ef3c8 7a5338af 07b57510 093ef410
0x093ef3b8:   00000000 07b57400 35b1f0a0 35b1f0a0 

Instructions: (pc=0x6d8fba85)
0x6d8fba75:   00 00 00 74 08 8d 4d f0 e8 6e e9 08 00 8b 7d 10
0x6d8fba85:   8b 07 c7 45 e0 0c 00 00 00 8b 48 08 0f b7 51 2a 


Stack: [0x09370000,0x093f0000],  sp=0x093ef348,  free space=1fc093eee64k
Native frames: (J=compiled Java code, j=interpreted, Vv=VM code, C=native code)
V  [jvm.dll+0xfba85]
C  [nativejava.dll+0x303b]
C  [nativejava.dll+0x38af]
j  com.mathworks.util.NativeJava.hWndFromComponentPeer(Ljava/awt/peer/ComponentPeer;)I+0
j  com.mathworks.util.NativeJava.hWndFromComponent(Ljava/awt/Component;)I+114
j  com.mathworks.hg.peer.utils.MJMultilineText.makeLeadingMatchNative(Ljava/awt/Font;)V+22
j  com.mathworks.hg.peer.utils.MJMultilineText.addNotify()V+9
J  java.awt.Container.addNotify()V
J  javax.swing.JComponent.addNotify()V
J  java.awt.Container.addNotify()V
J  javax.swing.JComponent.addNotify()V
J  java.awt.Container.addNotify()V
j  java.awt.Panel.addNotify()V+27
J  java.awt.Container.addImpl(Ljava/awt/Component;Ljava/lang/Object;I)V
j  java.awt.Container.add(Ljava/awt/Component;Ljava/lang/Object;I)V+4
j  com.mathworks.hg.peer.FigurePeer$7.run()V+31
j  com.mathworks.hg.peer.FigurePeer.runOnEDT(Ljava/lang/Runnable;Z)V+11
j  com.mathworks.hg.peer.FigurePeer.runOnEDT(Ljava/lang/Runnable;)V+2
j  com.mathworks.hg.peer.FigurePeer.addUIcontrol(Ljava/awt/Component;I)V+12
j  com.mathworks.hg.peer.AbstractUicontrolPeer.doAddControl(Lcom/mathworks/hg/peer/FigurePeer;I)V+133
j  com.mathworks.hg.peer.AbstractUicontrolPeer$6.run()V+12
J  com.mathworks.hg.util.HGPeerQueue$HGPeerRunnablesRunner.runit(Z[I)V
j  com.mathworks.hg.util.HGPeerQueue$HGPeerRunnablesRunner.runNotThese([I)V+3
j  com.mathworks.hg.util.HGPeerQueue$HGPeerRunnablesRunner.run()V+30
J  java.awt.event.InvocationEvent.dispatch()V
J  java.awt.EventQueue.dispatchEvent(Ljava/awt/AWTEvent;)V
J  java.awt.EventDispatchThread.pumpOneEventForFilters(I)Z
j  java.awt.EventDispatchThread.pumpEventsForFilter(ILjava/awt/Conditional;Ljava/awt/EventFilter;)V+30
j  java.awt.EventDispatchThread.pumpEventsForHierarchy(ILjava/awt/Conditional;Ljava/awt/Component;)V+11
j  java.awt.EventDispatchThread.pumpEvents(ILjava/awt/Conditional;)V+4
j  java.awt.EventDispatchThread.pumpEvents(Ljava/awt/Conditional;)V+3
j  java.awt.EventDispatchThread.run()V+9
v  ~StubRoutines::call_stub
V  [jvm.dll+0xf072c]
V  [jvm.dll+0x17fd51]
V  [jvm.dll+0xf08f7]
V  [jvm.dll+0xf096d]
V  [jvm.dll+0x11a4c0]
V  [jvm.dll+0x1dd924]
V  [jvm.dll+0x17f9cc]
C  [MSVCR71.dll+0x9565]
C  [kernel32.dll+0x4ed6c]
C  [ntdll.dll+0x6377b]
C  [ntdll.dll+0x6374e]

Java frames: (J=compiled Java code, j=interpreted, Vv=VM code)
j  com.mathworks.util.NativeJava.hWndFromComponentPeer(Ljava/awt/peer/ComponentPeer;)I+0
j  com.mathworks.util.NativeJava.hWndFromComponent(Ljava/awt/Component;)I+114
j  com.mathworks.hg.peer.utils.MJMultilineText.makeLeadingMatchNative(Ljava/awt/Font;)V+22
j  com.mathworks.hg.peer.utils.MJMultilineText.addNotify()V+9
J  java.awt.Container.addNotify()V
J  javax.swing.JComponent.addNotify()V
J  java.awt.Container.addNotify()V
J  javax.swing.JComponent.addNotify()V
J  java.awt.Container.addNotify()V
j  java.awt.Panel.addNotify()V+27
J  java.awt.Container.addImpl(Ljava/awt/Component;Ljava/lang/Object;I)V
j  java.awt.Container.add(Ljava/awt/Component;Ljava/lang/Object;I)V+4
j  com.mathworks.hg.peer.FigurePeer$7.run()V+31
j  com.mathworks.hg.peer.FigurePeer.runOnEDT(Ljava/lang/Runnable;Z)V+11
j  com.mathworks.hg.peer.FigurePeer.runOnEDT(Ljava/lang/Runnable;)V+2
j  com.mathworks.hg.peer.FigurePeer.addUIcontrol(Ljava/awt/Component;I)V+12
j  com.mathworks.hg.peer.AbstractUicontrolPeer.doAddControl(Lcom/mathworks/hg/peer/FigurePeer;I)V+133
j  com.mathworks.hg.peer.AbstractUicontrolPeer$6.run()V+12
J  com.mathworks.hg.util.HGPeerQueue$HGPeerRunnablesRunner.runit(Z[I)V
j  com.mathworks.hg.util.HGPeerQueue$HGPeerRunnablesRunner.runNotThese([I)V+3
j  com.mathworks.hg.util.HGPeerQueue$HGPeerRunnablesRunner.run()V+30
J  java.awt.event.InvocationEvent.dispatch()V
J  java.awt.EventQueue.dispatchEvent(Ljava/awt/AWTEvent;)V
J  java.awt.EventDispatchThread.pumpOneEventForFilters(I)Z
j  java.awt.EventDispatchThread.pumpEventsForFilter(ILjava/awt/Conditional;Ljava/awt/EventFilter;)V+30
j  java.awt.EventDispatchThread.pumpEventsForHierarchy(ILjava/awt/Conditional;Ljava/awt/Component;)V+11
j  java.awt.EventDispatchThread.pumpEvents(ILjava/awt/Conditional;)V+4
j  java.awt.EventDispatchThread.pumpEvents(Ljava/awt/Conditional;)V+3
j  java.awt.EventDispatchThread.run()V+9
v  ~StubRoutines::call_stub

---------------  P R O C E S S  ---------------

Java Threads: ( => current thread )
  0x0b99a400 JavaThread "Timer-5" [_thread_blocked, id=2192, stack(0x0e3c0000,0x0e440000)]
  0x0b999c00 JavaThread "Prefs Updater" [_thread_blocked, id=5168, stack(0x0c5f0000,0x0c670000)]
  0x0b999000 JavaThread "FigureTreeLockThread" [_thread_blocked, id=1628, stack(0x0bcd0000,0x0bd50000)]
  0x0b998400 JavaThread "Timer-4" [_thread_blocked, id=2340, stack(0x0a210000,0x0a290000)]
  0x0b998000 JavaThread "Timer-3" [_thread_blocked, id=5300, stack(0x092b0000,0x09330000)]
  0x0b833c00 JavaThread "Timer-2" [_thread_blocked, id=116, stack(0x09ff0000,0x0a070000)]
  0x0b50a400 JavaThread "Swing-Shell" daemon [_thread_blocked, id=4340, stack(0x04780000,0x04800000)]
  0x09fb8800 JavaThread "Thread-5" [_thread_in_native, id=940, stack(0x0ac40000,0x0b440000)]
  0x07ad6800 JavaThread "TimerQueue" daemon [_thread_blocked, id=5352, stack(0x0a190000,0x0a210000)]
=>0x07b57400 JavaThread "AWT-EventQueue-0" [_thread_in_vm, id=2608, stack(0x09370000,0x093f0000)]
  0x07b34c00 JavaThread "AWT-Windows" daemon [_thread_in_native, id=4600, stack(0x08df0000,0x08e70000)]
  0x07b1a400 JavaThread "AWT-Shutdown" [_thread_blocked, id=2424, stack(0x08d70000,0x08df0000)]
  0x07b19c00 JavaThread "Java2D Disposer" daemon [_thread_blocked, id=2280, stack(0x08cf0000,0x08d70000)]
  0x07abc000 JavaThread "Low Memory Detector" daemon [_thread_blocked, id=4316, stack(0x079f0000,0x07a70000)]
  0x07ab7400 JavaThread "CompilerThread0" daemon [_thread_blocked, id=6104, stack(0x07c80000,0x08480000)]
  0x07ab6400 JavaThread "Attach Listener" daemon [_thread_blocked, id=4608, stack(0x07970000,0x079f0000)]
  0x07ab3800 JavaThread "Signal Dispatcher" daemon [_thread_blocked, id=4332, stack(0x078f0000,0x07970000)]
  0x00dc2c00 JavaThread "Finalizer" daemon [_thread_blocked, id=5860, stack(0x05020000,0x050a0000)]
  0x00dc1800 JavaThread "Reference Handler" daemon [_thread_blocked, id=6096, stack(0x04fa0000,0x05020000)]
  0x00d9b800 JavaThread "main" [_thread_in_native, id=4944, stack(0x004e0000,0x00ce0000)]

Other Threads:
  0x00dbf000 VMThread [stack: 0x070f0000,0x078f0000] [id=1388]
  0x07abe400 WatcherThread [stack: 0x08480000,0x08c80000] [id=4192]

VM state:not at safepoint (normal execution)

VM Mutex/Monitor currently owned by a thread: None

Heap
 def new generation   total 14784K, used 9830K [0x2fa90000, 0x30a90000, 0x31290000)
  eden space 13184K,  62% used [0x2fa90000, 0x30299a78, 0x30770000)
  from space 1600K, 100% used [0x30770000, 0x30900000, 0x30900000)
  to   space 1600K,   0% used [0x30900000, 0x30900000, 0x30a90000)
 tenured generation   total 49152K, used 32765K [0x31290000, 0x34290000, 0x35a90000)
   the space 49152K,  66% used [0x31290000, 0x3328f528, 0x3328f600, 0x34290000)
 compacting perm gen  total 13056K, used 12857K [0x35a90000, 0x36750000, 0x37a90000)
   the space 13056K,  98% used [0x35a90000, 0x3671e7e0, 0x3671e800, 0x36750000)
    ro space 10240K,  51% used [0x37a90000, 0x37fb7b58, 0x37fb7c00, 0x38490000)
    rw space 12288K,  54% used [0x38490000, 0x38b24ce0, 0x38b24e00, 0x39090000)

Dynamic libraries:
0x00400000 - 0x004d8000 	C:\Program Files\MATLAB704\bin\win32\MATLAB.exe
0x77cb0000 - 0x77dec000 	C:\windows\SYSTEM32\ntdll.dll
0x76290000 - 0x76364000 	C:\windows\system32\kernel32.dll
0x76030000 - 0x7607b000 	C:\windows\system32\KERNELBASE.dll
0x784d0000 - 0x784de000 	C:\Program Files\MATLAB704\bin\win32\mvalue.dll
0x783d0000 - 0x7845e000 	C:\Program Files\MATLAB704\bin\win32\libut.dll
0x777c0000 - 0x777ea000 	C:\windows\system32\imagehlp.dll
0x77700000 - 0x777ac000 	C:\windows\system32\msvcrt.dll
0x77910000 - 0x779b0000 	C:\windows\system32\ADVAPI32.dll
0x761e0000 - 0x761f9000 	C:\windows\SYSTEM32\sechost.dll
0x76370000 - 0x76411000 	C:\windows\system32\RPCRT4.dll
0x781d0000 - 0x78246000 	C:\Program Files\MATLAB704\bin\win32\icuuc24.dll
0x78100000 - 0x78105000 	C:\Program Files\MATLAB704\bin\win32\icudt24l.dll
0x7c340000 - 0x7c396000 	C:\Program Files\MATLAB704\bin\win32\MSVCR71.dll
0x78110000 - 0x78192000 	C:\Program Files\MATLAB704\bin\win32\icuin24.dll
0x781a0000 - 0x781ad000 	C:\Program Files\MATLAB704\bin\win32\icuio24.dll
0x7c3a0000 - 0x7c41b000 	C:\Program Files\MATLAB704\bin\win32\MSVCP71.dll
0x77b50000 - 0x77cac000 	C:\windows\system32\ole32.dll
0x77e90000 - 0x77ede000 	C:\windows\system32\GDI32.dll
0x767a0000 - 0x76869000 	C:\windows\system32\USER32.dll
0x777b0000 - 0x777ba000 	C:\windows\system32\LPK.dll
0x76140000 - 0x761dd000 	C:\windows\system32\USP10.dll
0x76990000 - 0x76a1f000 	C:\windows\system32\OLEAUT32.dll
0x78460000 - 0x784a1000 	C:\Program Files\MATLAB704\bin\win32\libmx.dll
0x783b0000 - 0x783c2000 	C:\Program Files\MATLAB704\bin\win32\zlib1.dll
0x78c60000 - 0x78d55000 	C:\Program Files\MATLAB704\bin\win32\libmwservices.dll
0x77670000 - 0x776eb000 	C:\windows\system32\comdlg32.dll
0x76740000 - 0x76797000 	C:\windows\system32\SHLWAPI.dll
0x73020000 - 0x730a4000 	C:\windows\WinSxS\x86_microsoft.windows.common-controls_6595b64144ccf1df_5.82.7601.17514_none_ec83dffa859149af\COMCTL32.dll
0x76a20000 - 0x7766a000 	C:\windows\system32\SHELL32.dll
0x784e0000 - 0x784f6000 	C:\Program Files\MATLAB704\bin\win32\mpath.dll
0x74110000 - 0x74121000 	C:\windows\system32\NETAPI32.dll
0x742c0000 - 0x742c9000 	C:\windows\system32\netutils.dll
0x75ab0000 - 0x75ac9000 	C:\windows\system32\srvcli.dll
0x74290000 - 0x7429f000 	C:\windows\system32\wkscli.dll
0x76420000 - 0x76455000 	C:\windows\system32\WS2_32.dll
0x77e60000 - 0x77e66000 	C:\windows\system32\NSI.dll
0x784b0000 - 0x784be000 	C:\Program Files\MATLAB704\bin\win32\libmex.dll
0x78620000 - 0x78687000 	C:\Program Files\MATLAB704\bin\win32\m_dispatcher.dll
0x78250000 - 0x783a6000 	C:\Program Files\MATLAB704\bin\win32\xerces-c_2_1_0.dll
0x78c40000 - 0x78c52000 	C:\Program Files\MATLAB704\bin\win32\datasvcs.dll
0x79080000 - 0x7909b000 	C:\Program Files\MATLAB704\bin\win32\mcr.dll
0x79950000 - 0x799ee000 	C:\Program Files\MATLAB704\bin\win32\bridge.dll
0x753f0000 - 0x753f9000 	C:\windows\system32\VERSION.dll
0x79840000 - 0x79893000 	C:\Program Files\MATLAB704\bin\win32\udd_mi.dll
0x78e60000 - 0x78ed6000 	C:\Program Files\MATLAB704\bin\win32\libmwgui.dll
0x78690000 - 0x7898b000 	C:\Program Files\MATLAB704\bin\win32\m_interpreter.dll
0x78500000 - 0x78590000 	C:\Program Files\MATLAB704\bin\win32\mcos.dll
0x78ba0000 - 0x78baf000 	C:\Program Files\MATLAB704\bin\win32\m_pcodeio.dll
0x78bc0000 - 0x78c33000 	C:\Program Files\MATLAB704\bin\win32\mlib.dll
0x78b20000 - 0x78b75000 	C:\Program Files\MATLAB704\bin\win32\m_ir.dll
0x78b80000 - 0x78b91000 	C:\Program Files\MATLAB704\bin\win32\m_pcodegen.dll
0x78990000 - 0x78b1e000 	C:\Program Files\MATLAB704\bin\win32\m_parser.dll
0x78bb0000 - 0x78bba000 	C:\Program Files\MATLAB704\bin\win32\ir_xfmr.dll
0x784c0000 - 0x784c9000 	C:\Program Files\MATLAB704\bin\win32\libmat.dll
0x78590000 - 0x78611000 	C:\Program Files\MATLAB704\bin\win32\udd.dll
0x798a0000 - 0x798c8000 	C:\Program Files\MATLAB704\bin\win32\jmi.dll
0x79910000 - 0x79919000 	C:\Program Files\MATLAB704\bin\win32\mlautoregister.dll
0x7c140000 - 0x7c243000 	C:\Program Files\MATLAB704\bin\win32\MFC71.DLL
0x78ee0000 - 0x7902d000 	C:\Program Files\MATLAB704\bin\win32\hg.dll
0x78db0000 - 0x78e2c000 	C:\Program Files\MATLAB704\bin\win32\uiw.dll
0x78e50000 - 0x78e55000 	C:\Program Files\MATLAB704\bin\win32\uinone.dll
0x79050000 - 0x7907a000 	C:\Program Files\MATLAB704\bin\win32\libmwhardcopy.dll
0x78e30000 - 0x78e4c000 	C:\Program Files\MATLAB704\bin\win32\libuij.dll
0x75390000 - 0x753e1000 	C:\windows\system32\WINSPOOL.DRV
0x790a0000 - 0x791f5000 	C:\Program Files\MATLAB704\bin\win32\numerics.dll
0x797b0000 - 0x797b7000 	C:\Program Files\MATLAB704\bin\win32\libmwamd.dll
0x79240000 - 0x792c6000 	C:\Program Files\MATLAB704\bin\win32\libfftw3.dll
0x792d0000 - 0x79351000 	C:\Program Files\MATLAB704\bin\win32\libfftw3f.dll
0x79200000 - 0x7921c000 	C:\Program Files\MATLAB704\bin\win32\libmwlapack.dll
0x797c0000 - 0x79815000 	C:\Program Files\MATLAB704\bin\win32\libmwumfpackv4.3.dll
0x79820000 - 0x79831000 	C:\Program Files\MATLAB704\bin\win32\mwoles05.dll
0x798d0000 - 0x79907000 	C:\Program Files\MATLAB704\bin\win32\comcli.dll
0x77e70000 - 0x77e8f000 	C:\windows\system32\IMM32.DLL
0x768c0000 - 0x7698c000 	C:\windows\system32\MSCTF.dll
0x70280000 - 0x7036b000 	C:\windows\system32\dbghelp.dll
0x7c300000 - 0x7c30c000 	C:\Program Files\MATLAB704\bin\win32\MFC71KOR.DLL
0x79220000 - 0x79238000 	C:\Program Files\MATLAB704\bin\win32\mkl.dll
0x79360000 - 0x797a7000 	C:\Program Files\MATLAB704\bin\win32\lapack.dll
0x7c040000 - 0x7c0b5000 	C:\Program Files\MATLAB704\bin\win32\DFORRT.DLL
0x61400000 - 0x6142b000 	C:\windows\system32\f_im.dll
0x61000000 - 0x61104000 	C:\Program Files\Fasoo DRM\f_sps.dll
0x776f0000 - 0x776f5000 	C:\windows\system32\PSAPI.DLL
0x10000000 - 0x10033000 	C:\windows\system32\f_pbrc12.dll
0x74900000 - 0x74913000 	C:\windows\system32\dwmapi.dll
0x75dc0000 - 0x75dcc000 	C:\windows\system32\CRYPTBASE.dll
0x748a0000 - 0x748e0000 	C:\windows\system32\uxtheme.dll
0x023c0000 - 0x023e8000 	C:\windows\system32\ImageSAFERFilter.dll
0x6f2f0000 - 0x6f37e000 	C:\windows\WinSxS\x86_microsoft.vc90.crt_1fc8b3b9a1e18e3b_9.0.30729.6161_none_50934f2ebcb7eb57\MSVCP90.dll
0x70c50000 - 0x70cf3000 	C:\windows\WinSxS\x86_microsoft.vc90.crt_1fc8b3b9a1e18e3b_9.0.30729.6161_none_50934f2ebcb7eb57\MSVCR90.dll
0x75360000 - 0x75381000 	C:\windows\system32\ntmarta.dll
0x76870000 - 0x768b5000 	C:\windows\system32\WLDAP32.dll
0x730c0000 - 0x730c5000 	C:\windows\system32\MSIMG32.dll
0x75d40000 - 0x75d8c000 	C:\windows\system32\apphelp.dll
0x70fa0000 - 0x71009000 	C:\windows\system32\IMKR12.IME
0x70d90000 - 0x70e2b000 	C:\windows\WinSxS\x86_microsoft.vc80.crt_1fc8b3b9a1e18e3b_8.0.50727.6195_none_d09154e044272b9a\MSVCR80.dll
0x70d00000 - 0x70d87000 	C:\windows\WinSxS\x86_microsoft.vc80.crt_1fc8b3b9a1e18e3b_8.0.50727.6195_none_d09154e044272b9a\MSVCP80.dll
0x76200000 - 0x76283000 	C:\windows\system32\CLBCatQ.DLL
0x6f390000 - 0x6f3b2000 	C:\PROGRA~1\COMMON~1\MICROS~1\IME12\IMEKR\IMKRAPI.DLL
0x6dd70000 - 0x6dd9d000 	C:\PROGRA~1\COMMON~1\MICROS~1\IME12\SHARED\IMJKAPI.DLL
0x6d800000 - 0x6da97000 	C:\Program Files\MATLAB704\sys\java\jre\win32\jre1.5.0\bin\client\jvm.dll
0x730d0000 - 0x73102000 	C:\windows\system32\WINMM.dll
0x6d7b0000 - 0x6d7bc000 	C:\Program Files\MATLAB704\sys\java\jre\win32\jre1.5.0\bin\verify.dll
0x6d330000 - 0x6d34f000 	C:\Program Files\MATLAB704\sys\java\jre\win32\jre1.5.0\bin\java.dll
0x6d290000 - 0x6d298000 	C:\Program Files\MATLAB704\sys\java\jre\win32\jre1.5.0\bin\hpi.dll
0x6d7f0000 - 0x6d7ff000 	C:\Program Files\MATLAB704\sys\java\jre\win32\jre1.5.0\bin\zip.dll
0x799f0000 - 0x79a01000 	C:\Program Files\MATLAB704\bin\win32\jmi_mi.dll
0x7a530000 - 0x7a53c000 	C:\Program Files\MATLAB704\bin\win32\nativejava.dll
0x6d000000 - 0x6d14a000 	C:\Program Files\MATLAB704\sys\java\jre\win32\jre1.5.0\bin\awt.dll
0x6d230000 - 0x6d284000 	C:\Program Files\MATLAB704\sys\java\jre\win32\jre1.5.0\bin\fontmanager.dll
0x6d610000 - 0x6d623000 	C:\Program Files\MATLAB704\sys\java\jre\win32\jre1.5.0\bin\net.dll
0x75880000 - 0x758bc000 	C:\windows\system32\mswsock.dll
0x75870000 - 0x75876000 	C:\windows\System32\wship6.dll
0x6d630000 - 0x6d639000 	C:\Program Files\MATLAB704\sys\java\jre\win32\jre1.5.0\bin\nio.dll
0x7a540000 - 0x7a548000 	C:\Program Files\MATLAB704\bin\win32\nativelex.dll
0x6a900000 - 0x6a97d000 	C:\windows\system32\spool\DRIVERS\W32X86\3\ssv1mdu.dll
0x74b00000 - 0x74c9e000 	C:\windows\WinSxS\x86_microsoft.windows.common-controls_6595b64144ccf1df_6.0.7601.17514_none_41e6975e2bd6f2b2\comctl32.dll
0x779b0000 - 0x77b4d000 	C:\windows\system32\SETUPAPI.dll
0x75fe0000 - 0x76007000 	C:\windows\system32\CFGMGR32.dll
0x76010000 - 0x76022000 	C:\windows\system32\DEVOBJ.dll
0x74ca0000 - 0x74d95000 	C:\windows\system32\propsys.dll
0x6aed0000 - 0x6b068000 	C:\windows\system32\NetworkExplorer.dll
0x744f0000 - 0x74620000 	C:\windows\system32\WindowsCodecs.dll
0x04a20000 - 0x04a42000 	C:\Users\114035\AppData\Roaming\Dropbox\bin\DropboxExt.19.dll
0x6f2b0000 - 0x6f2e1000 	C:\windows\system32\EhStorShell.dll
0x6f190000 - 0x6f21f000 	C:\Program Files\Google\Drive\googledrivesync32.dll
0x6f0a0000 - 0x6f110000 	C:\windows\system32\ntshrui.dll
0x6f240000 - 0x6f24b000 	C:\windows\system32\cscapi.dll

VM Arguments:
jvm_args: -Xss512k -Xms64m -Xmx96m -XX:NewRatio=3 -XX:MaxPermSize=32M -Dsun.java2d.noddraw=true -Dsun.awt.nopixfmt=true -Djava.library.path=C:\Program Files\MATLAB704\bin\win32 vfprintf abort 
java_command: <unknown>
Launcher Type: generic

Environment Variables:
JAVA_HOME=C:\Program Files\Java\jre7
CLASSPATH=.;C:\Program Files\Java\jre6\lib\ext\QTJava.zip
PATH=C:\Program Files\Java\jre7\bin;C:\And\androidsdk\platform-tools;C:\Program Files\MiKTeX 2.6\miktex\bin;C:\Program Files\Common Files\Microsoft Shared\Windows Live;C:\windows\system32;C:\windows;C:\windows\System32\Wbem;C:\windows\System32\WindowsPowerShell\v1.0\;C:\Program Files\Windows Live\Shared;C:\Program Files\MATLAB\R2008a\bin;C:\Program Files\MATLAB\R2008a\bin\win32;C:\Program Files\MATLAB704\bin\win32;C:\Program Files\QuickTime\QTSystem\;C:\Users\114035\AppData\Roaming\MemoThis
USERNAME=114035
OS=Windows_NT
PROCESSOR_IDENTIFIER=x86 Family 6 Model 37 Stepping 5, GenuineIntel



---------------  S Y S T E M  ---------------

OS: Windows 7 Build 7601 Service Pack 1

CPU:total 4 (8 cores per cpu, 2 threads per core) family 6 model 37 stepping 5, cmov, cx8, fxsr, mmx, sse, sse2, sse3, ssse3, sse4.1, sse4.2, popcnt, ht

Memory: 4k page, physical 2088304k(910408k free), swap 4176608k(2286412k free)

vm_info: Java HotSpot(TM) Client VM (16.0-b13) for windows-x86 JRE (1.6.0_18-b07), built on Dec 17 2009 13:35:55 by "java_re" with MS VC++ 7.1 (VS2003)

time: Fri Jul 19 14:31:18 2013
elapsed time: 1194 seconds

