#
# A fatal error has been detected by the Java Runtime Environment:
#
#  EXCEPTION_ACCESS_VIOLATION (0xc0000005) at pc=0x6d8fba85, pid=1780, tid=4568
#
# JRE version: 6.0_18-b07
# Java VM: Java HotSpot(TM) Client VM (16.0-b13 mixed mode, sharing windows-x86 )
# Problematic frame:
# V  [jvm.dll+0xfba85]
#
# If you would like to submit a bug report, please visit:
#   http://java.sun.com/webapps/bugreport/crash.jsp
#

---------------  T H R E A D  ---------------

Current thread (0x079e8400):  JavaThread "AWT-EventQueue-0" [_thread_in_vm, id=4568, stack(0x09190000,0x09210000)]

siginfo: ExceptionCode=0xc0000005, reading address 0x00000000

Registers:
EAX=0x00000000, EBX=0x079e8510, ECX=0x079e8400, EDX=0x6da2441c
ESP=0x0920f4c8, EBP=0x0920f510, ESI=0x079e8400, EDI=0x00000000
EIP=0x6d8fba85, EFLAGS=0x00010246

Top of Stack: (sp=0x0920f4c8)
0x0920f4c8:   0920f594 079e8510 35b1f0a0 0920fa2c
0x0920f4d8:   6d9fbad0 6d9fd2f0 ffffffff 0920f4f4
0x0920f4e8:   6d8010e0 079e8400 0920f9d4 0920f524
0x0920f4f8:   6d9037d9 079e8400 079e8400 079532dc
0x0920f508:   000004c4 6da2441c 0920f528 7a53303b
0x0920f518:   079e8510 0920f594 00000000 0920f53c
0x0920f528:   0920f548 7a5338af 079e8510 0920f594
0x0920f538:   00000000 079e8400 35b1f0a0 35b1f0a0 

Instructions: (pc=0x6d8fba85)
0x6d8fba75:   00 00 00 74 08 8d 4d f0 e8 6e e9 08 00 8b 7d 10
0x6d8fba85:   8b 07 c7 45 e0 0c 00 00 00 8b 48 08 0f b7 51 2a 


Stack: [0x09190000,0x09210000],  sp=0x0920f4c8,  free space=1fd0920efe4k
Native frames: (J=compiled Java code, j=interpreted, Vv=VM code, C=native code)
V  [jvm.dll+0xfba85]
C  [nativejava.dll+0x303b]
C  [nativejava.dll+0x38af]
j  com.mathworks.util.NativeJava.hWndFromComponentPeer(Ljava/awt/peer/ComponentPeer;)I+0
j  com.mathworks.util.NativeJava.hWndFromWindow(Ljava/awt/Window;)I+72
j  com.mathworks.mwswing.MJWindow.enableNativeEvents(Ljava/awt/Window;)V+14
j  com.mathworks.mwswing.MJWindow.addNotify()V+12
j  java.awt.Window.show()V+8
j  java.awt.Component.show(Z)V+5
j  java.awt.Component.setVisible(Z)V+2
j  java.awt.Window.setVisible(Z)V+2
j  com.mathworks.mwswing.MPopup.show()V+29
j  com.mathworks.mlwidgets.html.HTMLRenderer$HTMLTooltip$HTMLTooltipThread.run()V+66
J  java.awt.event.InvocationEvent.dispatch()V
J  java.awt.EventQueue.dispatchEvent(Ljava/awt/AWTEvent;)V
J  java.awt.EventDispatchThread.pumpOneEventForFilters(I)Z
J  java.awt.EventDispatchThread.pumpEventsForFilter(ILjava/awt/Conditional;Ljava/awt/EventFilter;)V
j  java.awt.EventDispatchThread.pumpEventsForHierarchy(ILjava/awt/Conditional;Ljava/awt/Component;)V+11
j  java.awt.EventDispatchThread.pumpEvents(ILjava/awt/Conditional;)V+4
j  java.awt.EventDispatchThread.pumpEvents(Ljava/awt/Conditional;)V+3
j  java.awt.EventDispatchThread.run()V+9
v  ~StubRoutines::call_stub
V  [jvm.dll+0xf072c]
V  [jvm.dll+0x17fd51]
V  [jvm.dll+0xf08f7]
V  [jvm.dll+0xf096d]
V  [jvm.dll+0x11a4c0]
V  [jvm.dll+0x1dd924]
V  [jvm.dll+0x17f9cc]
C  [MSVCR71.dll+0x9565]
C  [kernel32.dll+0x4ed6c]
C  [ntdll.dll+0x637f5]
C  [ntdll.dll+0x637c8]

Java frames: (J=compiled Java code, j=interpreted, Vv=VM code)
j  com.mathworks.util.NativeJava.hWndFromComponentPeer(Ljava/awt/peer/ComponentPeer;)I+0
j  com.mathworks.util.NativeJava.hWndFromWindow(Ljava/awt/Window;)I+72
j  com.mathworks.mwswing.MJWindow.enableNativeEvents(Ljava/awt/Window;)V+14
j  com.mathworks.mwswing.MJWindow.addNotify()V+12
j  java.awt.Window.show()V+8
j  java.awt.Component.show(Z)V+5
j  java.awt.Component.setVisible(Z)V+2
j  java.awt.Window.setVisible(Z)V+2
j  com.mathworks.mwswing.MPopup.show()V+29
j  com.mathworks.mlwidgets.html.HTMLRenderer$HTMLTooltip$HTMLTooltipThread.run()V+66
J  java.awt.event.InvocationEvent.dispatch()V
J  java.awt.EventQueue.dispatchEvent(Ljava/awt/AWTEvent;)V
J  java.awt.EventDispatchThread.pumpOneEventForFilters(I)Z
J  java.awt.EventDispatchThread.pumpEventsForFilter(ILjava/awt/Conditional;Ljava/awt/EventFilter;)V
j  java.awt.EventDispatchThread.pumpEventsForHierarchy(ILjava/awt/Conditional;Ljava/awt/Component;)V+11
j  java.awt.EventDispatchThread.pumpEvents(ILjava/awt/Conditional;)V+4
j  java.awt.EventDispatchThread.pumpEvents(Ljava/awt/Conditional;)V+3
j  java.awt.EventDispatchThread.run()V+9
v  ~StubRoutines::call_stub

---------------  P R O C E S S  ---------------

Java Threads: ( => current thread )
  0x0a649800 JavaThread "Prefs Updater" [_thread_blocked, id=4724, stack(0x0b290000,0x0b310000)]
  0x0a228400 JavaThread "Timer-13" [_thread_blocked, id=4456, stack(0x09ff0000,0x0a070000)]
  0x0a226400 JavaThread "Timer-4" [_thread_blocked, id=5476, stack(0x0b320000,0x0b3a0000)]
  0x0a226c00 JavaThread "FigureTreeLockThread" [_thread_blocked, id=1900, stack(0x0da80000,0x0db00000)]
  0x0a225800 JavaThread "Timer queue for AWT thread" daemon [_thread_blocked, id=5268, stack(0x0d8a0000,0x0d920000)]
  0x0a224c00 JavaThread "Swing-Shell" daemon [_thread_blocked, id=4496, stack(0x0b200000,0x0b280000)]
  0x0a085000 JavaThread "Thread-5" [_thread_in_native, id=492, stack(0x04070000,0x04870000)]
  0x0977f800 JavaThread "TimerQueue" daemon [_thread_blocked, id=4308, stack(0x09e70000,0x09ef0000)]
=>0x079e8400 JavaThread "AWT-EventQueue-0" [_thread_in_vm, id=4568, stack(0x09190000,0x09210000)]
  0x079d8c00 JavaThread "AWT-Windows" daemon [_thread_in_native, id=4632, stack(0x08c10000,0x08c90000)]
  0x079cf800 JavaThread "AWT-Shutdown" [_thread_blocked, id=3780, stack(0x08b90000,0x08c10000)]
  0x079cf000 JavaThread "Java2D Disposer" daemon [_thread_blocked, id=5184, stack(0x08b10000,0x08b90000)]
  0x0794a800 JavaThread "Low Memory Detector" daemon [_thread_blocked, id=5788, stack(0x07800000,0x07880000)]
  0x07946400 JavaThread "CompilerThread0" daemon [_thread_blocked, id=4416, stack(0x07b10000,0x08310000)]
  0x07945c00 JavaThread "Attach Listener" daemon [_thread_blocked, id=5820, stack(0x07780000,0x07800000)]
  0x07943800 JavaThread "Signal Dispatcher" daemon [_thread_blocked, id=3372, stack(0x04ec0000,0x04f40000)]
  0x00dc2800 JavaThread "Finalizer" daemon [_thread_blocked, id=1280, stack(0x04e40000,0x04ec0000)]
  0x00dc1400 JavaThread "Reference Handler" daemon [_thread_blocked, id=3568, stack(0x04dc0000,0x04e40000)]
  0x00d9bc00 JavaThread "main" [_thread_in_native, id=5684, stack(0x004e0000,0x00ce0000)]

Other Threads:
  0x00dbf000 VMThread [stack: 0x06f80000,0x07780000] [id=3708]
  0x0794c000 WatcherThread [stack: 0x08310000,0x08b10000] [id=2980]

VM state:not at safepoint (normal execution)

VM Mutex/Monitor currently owned by a thread: None

Heap
 def new generation   total 21440K, used 15351K [0x2fa90000, 0x311d0000, 0x31290000)
  eden space 19072K,  70% used [0x2fa90000, 0x307a7cd8, 0x30d30000)
  from space 2368K,  82% used [0x30f80000, 0x31166028, 0x311d0000)
  to   space 2368K,   0% used [0x30d30000, 0x30d30000, 0x30f80000)
 tenured generation   total 71144K, used 47822K [0x31290000, 0x3580a000, 0x35a90000)
   the space 71144K,  67% used [0x31290000, 0x341439d0, 0x34143a00, 0x3580a000)
 compacting perm gen  total 14848K, used 14604K [0x35a90000, 0x36910000, 0x37a90000)
   the space 14848K,  98% used [0x35a90000, 0x368d3240, 0x368d3400, 0x36910000)
    ro space 10240K,  51% used [0x37a90000, 0x37fb7b58, 0x37fb7c00, 0x38490000)
    rw space 12288K,  54% used [0x38490000, 0x38b24ce0, 0x38b24e00, 0x39090000)

Dynamic libraries:
0x00400000 - 0x004d8000 	C:\Program Files\MATLAB704\bin\win32\MATLAB.exe
0x76e40000 - 0x76f7c000 	C:\windows\SYSTEM32\ntdll.dll
0x765d0000 - 0x766a4000 	C:\windows\system32\kernel32.dll
0x75070000 - 0x750ba000 	C:\windows\system32\KERNELBASE.dll
0x784d0000 - 0x784de000 	C:\Program Files\MATLAB704\bin\win32\mvalue.dll
0x783d0000 - 0x7845e000 	C:\Program Files\MATLAB704\bin\win32\libut.dll
0x76550000 - 0x7657a000 	C:\windows\system32\imagehlp.dll
0x76060000 - 0x7610c000 	C:\windows\system32\msvcrt.dll
0x781d0000 - 0x78246000 	C:\Program Files\MATLAB704\bin\win32\icuuc24.dll
0x78100000 - 0x78105000 	C:\Program Files\MATLAB704\bin\win32\icudt24l.dll
0x7c340000 - 0x7c396000 	C:\Program Files\MATLAB704\bin\win32\MSVCR71.dll
0x78110000 - 0x78192000 	C:\Program Files\MATLAB704\bin\win32\icuin24.dll
0x781a0000 - 0x781ad000 	C:\Program Files\MATLAB704\bin\win32\icuio24.dll
0x7c3a0000 - 0x7c41b000 	C:\Program Files\MATLAB704\bin\win32\MSVCP71.dll
0x766b0000 - 0x76750000 	C:\windows\system32\ADVAPI32.dll
0x76170000 - 0x76189000 	C:\windows\SYSTEM32\sechost.dll
0x75fb0000 - 0x76051000 	C:\windows\system32\RPCRT4.dll
0x76ce0000 - 0x76e3c000 	C:\windows\system32\ole32.dll
0x76500000 - 0x7654e000 	C:\windows\system32\GDI32.dll
0x76fa0000 - 0x77069000 	C:\windows\system32\USER32.dll
0x76f80000 - 0x76f8a000 	C:\windows\system32\LPK.dll
0x76910000 - 0x769ad000 	C:\windows\system32\USP10.dll
0x76880000 - 0x7690f000 	C:\windows\system32\OLEAUT32.dll
0x78460000 - 0x784a1000 	C:\Program Files\MATLAB704\bin\win32\libmx.dll
0x783b0000 - 0x783c2000 	C:\Program Files\MATLAB704\bin\win32\zlib1.dll
0x78c60000 - 0x78d55000 	C:\Program Files\MATLAB704\bin\win32\libmwservices.dll
0x76280000 - 0x762fb000 	C:\windows\system32\comdlg32.dll
0x76190000 - 0x761e7000 	C:\windows\system32\SHLWAPI.dll
0x71530000 - 0x715b4000 	C:\windows\WinSxS\x86_microsoft.windows.common-controls_6595b64144ccf1df_5.82.7601.17514_none_ec83dffa859149af\COMCTL32.dll
0x75360000 - 0x75faa000 	C:\windows\system32\SHELL32.dll
0x784e0000 - 0x784f6000 	C:\Program Files\MATLAB704\bin\win32\mpath.dll
0x73700000 - 0x73711000 	C:\windows\system32\NETAPI32.dll
0x736f0000 - 0x736f9000 	C:\windows\system32\netutils.dll
0x74c30000 - 0x74c49000 	C:\windows\system32\srvcli.dll
0x736e0000 - 0x736ef000 	C:\windows\system32\wkscli.dll
0x76590000 - 0x765c5000 	C:\windows\system32\WS2_32.dll
0x76580000 - 0x76586000 	C:\windows\system32\NSI.dll
0x784b0000 - 0x784be000 	C:\Program Files\MATLAB704\bin\win32\libmex.dll
0x78620000 - 0x78687000 	C:\Program Files\MATLAB704\bin\win32\m_dispatcher.dll
0x78250000 - 0x783a6000 	C:\Program Files\MATLAB704\bin\win32\xerces-c_2_1_0.dll
0x78c40000 - 0x78c52000 	C:\Program Files\MATLAB704\bin\win32\datasvcs.dll
0x79080000 - 0x7909b000 	C:\Program Files\MATLAB704\bin\win32\mcr.dll
0x79950000 - 0x799ee000 	C:\Program Files\MATLAB704\bin\win32\bridge.dll
0x74450000 - 0x74459000 	C:\windows\system32\VERSION.dll
0x79840000 - 0x79893000 	C:\Program Files\MATLAB704\bin\win32\udd_mi.dll
0x78e60000 - 0x78ed6000 	C:\Program Files\MATLAB704\bin\win32\libmwgui.dll
0x78690000 - 0x7898b000 	C:\Program Files\MATLAB704\bin\win32\m_interpreter.dll
0x78500000 - 0x78590000 	C:\Program Files\MATLAB704\bin\win32\mcos.dll
0x78ba0000 - 0x78baf000 	C:\Program Files\MATLAB704\bin\win32\m_pcodeio.dll
0x78bc0000 - 0x78c33000 	C:\Program Files\MATLAB704\bin\win32\mlib.dll
0x78b20000 - 0x78b75000 	C:\Program Files\MATLAB704\bin\win32\m_ir.dll
0x78b80000 - 0x78b91000 	C:\Program Files\MATLAB704\bin\win32\m_pcodegen.dll
0x78990000 - 0x78b1e000 	C:\Program Files\MATLAB704\bin\win32\m_parser.dll
0x78bb0000 - 0x78bba000 	C:\Program Files\MATLAB704\bin\win32\ir_xfmr.dll
0x784c0000 - 0x784c9000 	C:\Program Files\MATLAB704\bin\win32\libmat.dll
0x78590000 - 0x78611000 	C:\Program Files\MATLAB704\bin\win32\udd.dll
0x798a0000 - 0x798c8000 	C:\Program Files\MATLAB704\bin\win32\jmi.dll
0x79910000 - 0x79919000 	C:\Program Files\MATLAB704\bin\win32\mlautoregister.dll
0x7c140000 - 0x7c243000 	C:\Program Files\MATLAB704\bin\win32\MFC71.DLL
0x78ee0000 - 0x7902d000 	C:\Program Files\MATLAB704\bin\win32\hg.dll
0x78db0000 - 0x78e2c000 	C:\Program Files\MATLAB704\bin\win32\uiw.dll
0x78e50000 - 0x78e55000 	C:\Program Files\MATLAB704\bin\win32\uinone.dll
0x79050000 - 0x7907a000 	C:\Program Files\MATLAB704\bin\win32\libmwhardcopy.dll
0x78e30000 - 0x78e4c000 	C:\Program Files\MATLAB704\bin\win32\libuij.dll
0x70c20000 - 0x70c71000 	C:\windows\system32\WINSPOOL.DRV
0x790a0000 - 0x791f5000 	C:\Program Files\MATLAB704\bin\win32\numerics.dll
0x797b0000 - 0x797b7000 	C:\Program Files\MATLAB704\bin\win32\libmwamd.dll
0x79240000 - 0x792c6000 	C:\Program Files\MATLAB704\bin\win32\libfftw3.dll
0x792d0000 - 0x79351000 	C:\Program Files\MATLAB704\bin\win32\libfftw3f.dll
0x79200000 - 0x7921c000 	C:\Program Files\MATLAB704\bin\win32\libmwlapack.dll
0x797c0000 - 0x79815000 	C:\Program Files\MATLAB704\bin\win32\libmwumfpackv4.3.dll
0x79820000 - 0x79831000 	C:\Program Files\MATLAB704\bin\win32\mwoles05.dll
0x798d0000 - 0x79907000 	C:\Program Files\MATLAB704\bin\win32\comcli.dll
0x76850000 - 0x7686f000 	C:\windows\system32\IMM32.DLL
0x75290000 - 0x7535c000 	C:\windows\system32\MSCTF.dll
0x6f190000 - 0x6f27b000 	C:\windows\system32\dbghelp.dll
0x7c300000 - 0x7c30c000 	C:\Program Files\MATLAB704\bin\win32\MFC71KOR.DLL
0x79220000 - 0x79238000 	C:\Program Files\MATLAB704\bin\win32\mkl.dll
0x79360000 - 0x797a7000 	C:\Program Files\MATLAB704\bin\win32\lapack.dll
0x7c040000 - 0x7c0b5000 	C:\Program Files\MATLAB704\bin\win32\DFORRT.DLL
0x74f10000 - 0x74f1c000 	C:\windows\system32\CRYPTBASE.dll
0x73c40000 - 0x73c80000 	C:\windows\system32\uxtheme.dll
0x10000000 - 0x10028000 	C:\windows\system32\ImageSAFERFilter.dll
0x6f280000 - 0x6f30e000 	C:\windows\WinSxS\x86_microsoft.vc90.crt_1fc8b3b9a1e18e3b_9.0.30729.6161_none_50934f2ebcb7eb57\MSVCP90.dll
0x716f0000 - 0x71793000 	C:\windows\WinSxS\x86_microsoft.vc90.crt_1fc8b3b9a1e18e3b_9.0.30729.6161_none_50934f2ebcb7eb57\MSVCR90.dll
0x71b10000 - 0x71b31000 	C:\windows\system32\ntmarta.dll
0x76c90000 - 0x76cd5000 	C:\windows\system32\WLDAP32.dll
0x73350000 - 0x73355000 	C:\windows\system32\MSIMG32.dll
0x6d800000 - 0x6da97000 	C:\Program Files\MATLAB704\sys\java\jre\win32\jre1.5.0\bin\client\jvm.dll
0x73280000 - 0x732b2000 	C:\windows\system32\WINMM.dll
0x74ec0000 - 0x74f0c000 	C:\windows\system32\apphelp.dll
0x71370000 - 0x713d9000 	C:\windows\system32\IMKR12.IME
0x715c0000 - 0x7165b000 	C:\windows\WinSxS\x86_microsoft.vc80.crt_1fc8b3b9a1e18e3b_8.0.50727.6195_none_d09154e044272b9a\MSVCR80.dll
0x71660000 - 0x716e7000 	C:\windows\WinSxS\x86_microsoft.vc80.crt_1fc8b3b9a1e18e3b_8.0.50727.6195_none_d09154e044272b9a\MSVCP80.dll
0x761f0000 - 0x76273000 	C:\windows\system32\CLBCatQ.DLL
0x73950000 - 0x73963000 	C:\windows\system32\dwmapi.dll
0x6e5e0000 - 0x6e602000 	C:\PROGRA~1\COMMON~1\MICROS~1\IME12\IMEKR\IMKRAPI.DLL
0x6e2a0000 - 0x6e2cd000 	C:\PROGRA~1\COMMON~1\MICROS~1\IME12\SHARED\IMJKAPI.DLL
0x6d7b0000 - 0x6d7bc000 	C:\Program Files\MATLAB704\sys\java\jre\win32\jre1.5.0\bin\verify.dll
0x6d330000 - 0x6d34f000 	C:\Program Files\MATLAB704\sys\java\jre\win32\jre1.5.0\bin\java.dll
0x6d290000 - 0x6d298000 	C:\Program Files\MATLAB704\sys\java\jre\win32\jre1.5.0\bin\hpi.dll
0x76f90000 - 0x76f95000 	C:\windows\system32\PSAPI.DLL
0x6d7f0000 - 0x6d7ff000 	C:\Program Files\MATLAB704\sys\java\jre\win32\jre1.5.0\bin\zip.dll
0x799f0000 - 0x79a01000 	C:\Program Files\MATLAB704\bin\win32\jmi_mi.dll
0x7a530000 - 0x7a53c000 	C:\Program Files\MATLAB704\bin\win32\nativejava.dll
0x6d000000 - 0x6d14a000 	C:\Program Files\MATLAB704\sys\java\jre\win32\jre1.5.0\bin\awt.dll
0x6d230000 - 0x6d284000 	C:\Program Files\MATLAB704\sys\java\jre\win32\jre1.5.0\bin\fontmanager.dll
0x6d610000 - 0x6d623000 	C:\Program Files\MATLAB704\sys\java\jre\win32\jre1.5.0\bin\net.dll
0x74a00000 - 0x74a3c000 	C:\windows\system32\mswsock.dll
0x749f0000 - 0x749f6000 	C:\windows\System32\wship6.dll
0x6d630000 - 0x6d639000 	C:\Program Files\MATLAB704\sys\java\jre\win32\jre1.5.0\bin\nio.dll
0x7a540000 - 0x7a548000 	C:\Program Files\MATLAB704\bin\win32\nativelex.dll
0x6a900000 - 0x6a968000 	C:\windows\system32\spool\DRIVERS\W32X86\3\ssv1mdu.dll
0x73e10000 - 0x73fae000 	C:\windows\WinSxS\x86_microsoft.windows.common-controls_6595b64144ccf1df_6.0.7601.17514_none_41e6975e2bd6f2b2\comctl32.DLL
0x76af0000 - 0x76c8d000 	C:\windows\system32\SETUPAPI.dll
0x75040000 - 0x75067000 	C:\windows\system32\CFGMGR32.dll
0x750c0000 - 0x750d2000 	C:\windows\system32\DEVOBJ.dll
0x73cc0000 - 0x73db5000 	C:\windows\system32\propsys.dll
0x6cbc0000 - 0x6cd58000 	C:\windows\system32\NetworkExplorer.dll
0x73820000 - 0x7391b000 	C:\windows\system32\WindowsCodecs.dll
0x6fbe0000 - 0x6fc11000 	C:\windows\system32\EhStorShell.dll
0x6f5a0000 - 0x6f7bf000 	C:\Program Files\Microsoft Office\Office12\GrooveShellExtensions.dll
0x6f4a0000 - 0x6f592000 	C:\Program Files\Microsoft Office\Office12\GrooveUtil.DLL
0x76750000 - 0x76845000 	C:\windows\system32\WININET.dll
0x769b0000 - 0x76ae7000 	C:\windows\system32\urlmon.dll
0x750e0000 - 0x751fd000 	C:\windows\system32\CRYPT32.dll
0x75000000 - 0x7500c000 	C:\windows\system32\MSASN1.dll
0x76300000 - 0x764fe000 	C:\windows\system32\iertutil.dll

VM Arguments:
jvm_args: -Xss512k -Xms64m -Xmx96m -XX:NewRatio=3 -XX:MaxPermSize=32M -Dsun.java2d.noddraw=true -Dsun.awt.nopixfmt=true -Djava.library.path=C:\Program Files\MATLAB704\bin\win32 vfprintf abort 
java_command: <unknown>
Launcher Type: generic

Environment Variables:
CLASSPATH=.;C:\Program Files\Java\jre6\lib\ext\QTJava.zip
PATH=C:\Program Files\MiKTeX 2.6\miktex\bin;C:\Program Files\Common Files\Microsoft Shared\Windows Live;C:\windows\system32;C:\windows;C:\windows\System32\Wbem;C:\windows\System32\WindowsPowerShell\v1.0\;C:\Program Files\Windows Live\Shared;C:\Program Files\MATLAB704\bin\win32;C:\Program Files\QuickTime\QTSystem\;C:\Users\114035\AppData\Roaming\MemoThis
USERNAME=114035
OS=Windows_NT
PROCESSOR_IDENTIFIER=x86 Family 6 Model 37 Stepping 5, GenuineIntel



---------------  S Y S T E M  ---------------

OS: Windows 7 Build 7601 Service Pack 1

CPU:total 4 (8 cores per cpu, 2 threads per core) family 6 model 37 stepping 5, cmov, cx8, fxsr, mmx, sse, sse2, sse3, ssse3, sse4.1, sse4.2, popcnt, ht

Memory: 4k page, physical 2088304k(1191452k free), swap 4176608k(2774592k free)

vm_info: Java HotSpot(TM) Client VM (16.0-b13) for windows-x86 JRE (1.6.0_18-b07), built on Dec 17 2009 13:35:55 by "java_re" with MS VC++ 7.1 (VS2003)

time: Wed Dec 14 17:50:47 2011
elapsed time: 2849 seconds

