#
# A fatal error has been detected by the Java Runtime Environment:
#
#  EXCEPTION_ACCESS_VIOLATION (0xc0000005) at pc=0x03faba85, pid=10288, tid=11844
#
# JRE version: 6.0_18-b07
# Java VM: Java HotSpot(TM) Client VM (16.0-b13 mixed mode, sharing windows-x86 )
# Problematic frame:
# V  [jvm.dll+0xfba85]
#
# If you would like to submit a bug report, please visit:
#   http://java.sun.com/webapps/bugreport/crash.jsp
#

---------------  T H R E A D  ---------------

Current thread (0x07bb8c00):  JavaThread "AWT-EventQueue-0" [_thread_in_vm, id=11844, stack(0x09580000,0x09600000)]

siginfo: ExceptionCode=0xc0000005, reading address 0x00000000

Registers:
EAX=0x00000000, EBX=0x07bb8d10, ECX=0x07bb8c00, EDX=0x040d441c
ESP=0x095ff6e8, EBP=0x095ff730, ESI=0x07bb8c00, EDI=0x00000000
EIP=0x03faba85, EFLAGS=0x00010246

Top of Stack: (sp=0x095ff6e8)
0x095ff6e8:   095ff7b4 07bb8d10 35b1f0a0 095ffc2c
0x095ff6f8:   040abad0 040ad2f0 ffffffff 095ff714
0x095ff708:   03eb10e0 07bb8c00 095ffbd4 095ff744
0x095ff718:   03fb37d9 07bb8c00 07bb8c00 07baecec
0x095ff728:   000004c4 040d441c 095ff748 7a53303b
0x095ff738:   07bb8d10 095ff7b4 00000000 095ff75c
0x095ff748:   095ff768 7a5338af 07bb8d10 095ff7b4
0x095ff758:   00000000 07bb8c00 35b1f0a0 35b1f0a0 

Instructions: (pc=0x03faba85)
0x03faba75:   00 00 00 74 08 8d 4d f0 e8 6e e9 08 00 8b 7d 10
0x03faba85:   8b 07 c7 45 e0 0c 00 00 00 8b 48 08 0f b7 51 2a 


Stack: [0x09580000,0x09600000],  sp=0x095ff6e8,  free space=1fd095ff204k
Native frames: (J=compiled Java code, j=interpreted, Vv=VM code, C=native code)
V  [jvm.dll+0xfba85]
C  [nativejava.dll+0x303b]
C  [nativejava.dll+0x38af]
j  com.mathworks.util.NativeJava.hWndFromComponentPeer(Ljava/awt/peer/ComponentPeer;)I+0
j  com.mathworks.util.NativeJava.hWndFromWindow(Ljava/awt/Window;)I+72
j  com.mathworks.mwswing.MJWindow.enableNativeEvents(Ljava/awt/Window;)V+14
j  com.mathworks.mwswing.MJWindow.addNotify()V+12
j  java.awt.Window.show()V+8
j  java.awt.Component.show(Z)V+5
j  java.awt.Component.setVisible(Z)V+2
j  java.awt.Window.setVisible(Z)V+2
j  com.mathworks.mwswing.MPopup.show()V+29
j  com.mathworks.mlwidgets.html.HTMLRenderer$HTMLTooltip$HTMLTooltipThread.run()V+66
J  java.awt.event.InvocationEvent.dispatch()V
J  java.awt.EventQueue.dispatchEvent(Ljava/awt/AWTEvent;)V
J  java.awt.EventDispatchThread.pumpOneEventForFilters(I)Z
j  java.awt.EventDispatchThread.pumpEventsForFilter(ILjava/awt/Conditional;Ljava/awt/EventFilter;)V+30
j  java.awt.EventDispatchThread.pumpEventsForHierarchy(ILjava/awt/Conditional;Ljava/awt/Component;)V+11
j  java.awt.EventDispatchThread.pumpEvents(ILjava/awt/Conditional;)V+4
j  java.awt.EventDispatchThread.pumpEvents(Ljava/awt/Conditional;)V+3
j  java.awt.EventDispatchThread.run()V+9
v  ~StubRoutines::call_stub
V  [jvm.dll+0xf072c]
V  [jvm.dll+0x17fd51]
V  [jvm.dll+0xf08f7]
V  [jvm.dll+0xf096d]
V  [jvm.dll+0x11a4c0]
V  [jvm.dll+0x1dd924]
V  [jvm.dll+0x17f9cc]
C  [MSVCR71.dll+0x9565]
C  [kernel32.dll+0x4ed5c]
C  [ntdll.dll+0x637eb]
C  [ntdll.dll+0x637be]

Java frames: (J=compiled Java code, j=interpreted, Vv=VM code)
j  com.mathworks.util.NativeJava.hWndFromComponentPeer(Ljava/awt/peer/ComponentPeer;)I+0
j  com.mathworks.util.NativeJava.hWndFromWindow(Ljava/awt/Window;)I+72
j  com.mathworks.mwswing.MJWindow.enableNativeEvents(Ljava/awt/Window;)V+14
j  com.mathworks.mwswing.MJWindow.addNotify()V+12
j  java.awt.Window.show()V+8
j  java.awt.Component.show(Z)V+5
j  java.awt.Component.setVisible(Z)V+2
j  java.awt.Window.setVisible(Z)V+2
j  com.mathworks.mwswing.MPopup.show()V+29
j  com.mathworks.mlwidgets.html.HTMLRenderer$HTMLTooltip$HTMLTooltipThread.run()V+66
J  java.awt.event.InvocationEvent.dispatch()V
J  java.awt.EventQueue.dispatchEvent(Ljava/awt/AWTEvent;)V
J  java.awt.EventDispatchThread.pumpOneEventForFilters(I)Z
j  java.awt.EventDispatchThread.pumpEventsForFilter(ILjava/awt/Conditional;Ljava/awt/EventFilter;)V+30
j  java.awt.EventDispatchThread.pumpEventsForHierarchy(ILjava/awt/Conditional;Ljava/awt/Component;)V+11
j  java.awt.EventDispatchThread.pumpEvents(ILjava/awt/Conditional;)V+4
j  java.awt.EventDispatchThread.pumpEvents(Ljava/awt/Conditional;)V+3
j  java.awt.EventDispatchThread.run()V+9
v  ~StubRoutines::call_stub

---------------  P R O C E S S  ---------------

Java Threads: ( => current thread )
  0x0a669400 JavaThread "Image Fetcher 1" daemon [_thread_blocked, id=10632, stack(0x0a570000,0x0a5f0000)]
  0x0a667000 JavaThread "Image Fetcher 0" daemon [_thread_blocked, id=10308, stack(0x04da0000,0x04e20000)]
  0x0a669000 JavaThread "FigureTreeLockThread" [_thread_blocked, id=11040, stack(0x0a4e0000,0x0a560000)]
  0x0a668800 JavaThread "Timer-2" [_thread_blocked, id=11080, stack(0x0a380000,0x0a400000)]
  0x0a667c00 JavaThread "Timer queue for AWT thread" daemon [_thread_blocked, id=11256, stack(0x0f7a0000,0x0f820000)]
  0x0a666c00 JavaThread "Swing-Shell" daemon [_thread_blocked, id=9896, stack(0x03800000,0x03880000)]
  0x0a666400 JavaThread "Thread-5" [_thread_in_native, id=8544, stack(0x0b720000,0x0bf20000)]
  0x09aa3800 JavaThread "TimerQueue" daemon [_thread_blocked, id=11500, stack(0x0a260000,0x0a2e0000)]
=>0x07bb8c00 JavaThread "AWT-EventQueue-0" [_thread_in_vm, id=11844, stack(0x09580000,0x09600000)]
  0x07b97c00 JavaThread "AWT-Windows" daemon [_thread_in_native, id=10952, stack(0x08fa0000,0x09020000)]
  0x07b97800 JavaThread "AWT-Shutdown" [_thread_blocked, id=10360, stack(0x08f20000,0x08fa0000)]
  0x07b97000 JavaThread "Java2D Disposer" daemon [_thread_blocked, id=10548, stack(0x08ea0000,0x08f20000)]
  0x07b1a400 JavaThread "Low Memory Detector" daemon [_thread_blocked, id=10168, stack(0x07a50000,0x07ad0000)]
  0x07b15000 JavaThread "CompilerThread0" daemon [_thread_blocked, id=6780, stack(0x07ce0000,0x084e0000)]
  0x07b14000 JavaThread "Attach Listener" daemon [_thread_blocked, id=11176, stack(0x079d0000,0x07a50000)]
  0x07b13800 JavaThread "Signal Dispatcher" daemon [_thread_blocked, id=6760, stack(0x07950000,0x079d0000)]
  0x003b1800 JavaThread "Finalizer" daemon [_thread_blocked, id=10468, stack(0x078d0000,0x07950000)]
  0x003b0400 JavaThread "Reference Handler" daemon [_thread_blocked, id=12128, stack(0x07850000,0x078d0000)]
  0x0038b800 JavaThread "main" [_thread_in_native, id=8676, stack(0x004e0000,0x00ce0000)]

Other Threads:
  0x003ae000 VMThread [stack: 0x07050000,0x07850000] [id=10344]
  0x07b1c000 WatcherThread [stack: 0x084e0000,0x08ce0000] [id=10588]

VM state:not at safepoint (normal execution)

VM Mutex/Monitor currently owned by a thread: None

Heap
 def new generation   total 20992K, used 19215K [0x2fa90000, 0x31150000, 0x31290000)
  eden space 18688K,  92% used [0x2fa90000, 0x30b67d98, 0x30cd0000)
  from space 2304K,  85% used [0x30f10000, 0x310fc020, 0x31150000)
  to   space 2304K,   0% used [0x30cd0000, 0x30cd0000, 0x30f10000)
 tenured generation   total 69696K, used 43297K [0x31290000, 0x356a0000, 0x35a90000)
   the space 69696K,  62% used [0x31290000, 0x33cd87c0, 0x33cd8800, 0x356a0000)
 compacting perm gen  total 14336K, used 14286K [0x35a90000, 0x36890000, 0x37a90000)
   the space 14336K,  99% used [0x35a90000, 0x36883858, 0x36883a00, 0x36890000)
    ro space 10240K,  51% used [0x37a90000, 0x37fb7b58, 0x37fb7c00, 0x38490000)
    rw space 12288K,  54% used [0x38490000, 0x38b24ce0, 0x38b24e00, 0x39090000)

Dynamic libraries:
0x00400000 - 0x004d8000 	C:\Program Files\MATLAB704\bin\win32\MATLAB.exe
0x773b0000 - 0x774ec000 	C:\windows\SYSTEM32\ntdll.dll
0x76e30000 - 0x76f04000 	C:\windows\system32\kernel32.dll
0x75550000 - 0x7559b000 	C:\windows\system32\KERNELBASE.dll
0x784d0000 - 0x784de000 	C:\Program Files\MATLAB704\bin\win32\mvalue.dll
0x783d0000 - 0x7845e000 	C:\Program Files\MATLAB704\bin\win32\libut.dll
0x757c0000 - 0x757eb000 	C:\windows\system32\imagehlp.dll
0x770e0000 - 0x7718c000 	C:\windows\system32\msvcrt.dll
0x75aa0000 - 0x75b40000 	C:\windows\system32\ADVAPI32.dll
0x76170000 - 0x76189000 	C:\windows\SYSTEM32\sechost.dll
0x75950000 - 0x759f2000 	C:\windows\system32\RPCRT4.dll
0x781d0000 - 0x78246000 	C:\Program Files\MATLAB704\bin\win32\icuuc24.dll
0x78100000 - 0x78105000 	C:\Program Files\MATLAB704\bin\win32\icudt24l.dll
0x7c340000 - 0x7c396000 	C:\Program Files\MATLAB704\bin\win32\MSVCR71.dll
0x78110000 - 0x78192000 	C:\Program Files\MATLAB704\bin\win32\icuin24.dll
0x781a0000 - 0x781ad000 	C:\Program Files\MATLAB704\bin\win32\icuio24.dll
0x7c3a0000 - 0x7c41b000 	C:\Program Files\MATLAB704\bin\win32\MSVCP71.dll
0x757f0000 - 0x7594c000 	C:\windows\system32\ole32.dll
0x76f10000 - 0x76f5e000 	C:\windows\system32\GDI32.dll
0x77510000 - 0x775d9000 	C:\windows\system32\USER32.dll
0x774f0000 - 0x774fa000 	C:\windows\system32\LPK.dll
0x75a00000 - 0x75a9d000 	C:\windows\system32\USP10.dll
0x75720000 - 0x757af000 	C:\windows\system32\OLEAUT32.dll
0x78460000 - 0x784a1000 	C:\Program Files\MATLAB704\bin\win32\libmx.dll
0x783b0000 - 0x783c2000 	C:\Program Files\MATLAB704\bin\win32\zlib1.dll
0x78c60000 - 0x78d55000 	C:\Program Files\MATLAB704\bin\win32\libmwservices.dll
0x77060000 - 0x770db000 	C:\windows\system32\comdlg32.dll
0x75b40000 - 0x75b97000 	C:\windows\system32\SHLWAPI.dll
0x71c80000 - 0x71d04000 	C:\windows\WinSxS\x86_microsoft.windows.common-controls_6595b64144ccf1df_5.82.7601.18201_none_ec80f00e8593ece5\COMCTL32.dll
0x761e0000 - 0x76e2a000 	C:\windows\system32\SHELL32.dll
0x784e0000 - 0x784f6000 	C:\Program Files\MATLAB704\bin\win32\mpath.dll
0x73960000 - 0x73971000 	C:\windows\system32\NETAPI32.dll
0x73870000 - 0x73879000 	C:\windows\system32\netutils.dll
0x75040000 - 0x75059000 	C:\windows\system32\srvcli.dll
0x73860000 - 0x7386f000 	C:\windows\system32\wkscli.dll
0x77000000 - 0x77035000 	C:\windows\system32\WS2_32.dll
0x76ff0000 - 0x76ff6000 	C:\windows\system32\NSI.dll
0x784b0000 - 0x784be000 	C:\Program Files\MATLAB704\bin\win32\libmex.dll
0x78620000 - 0x78687000 	C:\Program Files\MATLAB704\bin\win32\m_dispatcher.dll
0x78250000 - 0x783a6000 	C:\Program Files\MATLAB704\bin\win32\xerces-c_2_1_0.dll
0x78c40000 - 0x78c52000 	C:\Program Files\MATLAB704\bin\win32\datasvcs.dll
0x79080000 - 0x7909b000 	C:\Program Files\MATLAB704\bin\win32\mcr.dll
0x79950000 - 0x799ee000 	C:\Program Files\MATLAB704\bin\win32\bridge.dll
0x74870000 - 0x74879000 	C:\windows\system32\VERSION.dll
0x79840000 - 0x79893000 	C:\Program Files\MATLAB704\bin\win32\udd_mi.dll
0x78e60000 - 0x78ed6000 	C:\Program Files\MATLAB704\bin\win32\libmwgui.dll
0x78690000 - 0x7898b000 	C:\Program Files\MATLAB704\bin\win32\m_interpreter.dll
0x78500000 - 0x78590000 	C:\Program Files\MATLAB704\bin\win32\mcos.dll
0x78ba0000 - 0x78baf000 	C:\Program Files\MATLAB704\bin\win32\m_pcodeio.dll
0x78bc0000 - 0x78c33000 	C:\Program Files\MATLAB704\bin\win32\mlib.dll
0x78b20000 - 0x78b75000 	C:\Program Files\MATLAB704\bin\win32\m_ir.dll
0x78b80000 - 0x78b91000 	C:\Program Files\MATLAB704\bin\win32\m_pcodegen.dll
0x78990000 - 0x78b1e000 	C:\Program Files\MATLAB704\bin\win32\m_parser.dll
0x78bb0000 - 0x78bba000 	C:\Program Files\MATLAB704\bin\win32\ir_xfmr.dll
0x784c0000 - 0x784c9000 	C:\Program Files\MATLAB704\bin\win32\libmat.dll
0x78590000 - 0x78611000 	C:\Program Files\MATLAB704\bin\win32\udd.dll
0x798a0000 - 0x798c8000 	C:\Program Files\MATLAB704\bin\win32\jmi.dll
0x79910000 - 0x79919000 	C:\Program Files\MATLAB704\bin\win32\mlautoregister.dll
0x7c140000 - 0x7c243000 	C:\Program Files\MATLAB704\bin\win32\MFC71.DLL
0x78ee0000 - 0x7902d000 	C:\Program Files\MATLAB704\bin\win32\hg.dll
0x78db0000 - 0x78e2c000 	C:\Program Files\MATLAB704\bin\win32\uiw.dll
0x78e50000 - 0x78e55000 	C:\Program Files\MATLAB704\bin\win32\uinone.dll
0x79050000 - 0x7907a000 	C:\Program Files\MATLAB704\bin\win32\libmwhardcopy.dll
0x78e30000 - 0x78e4c000 	C:\Program Files\MATLAB704\bin\win32\libuij.dll
0x71770000 - 0x717c1000 	C:\windows\system32\WINSPOOL.DRV
0x790a0000 - 0x791f5000 	C:\Program Files\MATLAB704\bin\win32\numerics.dll
0x797b0000 - 0x797b7000 	C:\Program Files\MATLAB704\bin\win32\libmwamd.dll
0x79240000 - 0x792c6000 	C:\Program Files\MATLAB704\bin\win32\libfftw3.dll
0x792d0000 - 0x79351000 	C:\Program Files\MATLAB704\bin\win32\libfftw3f.dll
0x79200000 - 0x7921c000 	C:\Program Files\MATLAB704\bin\win32\libmwlapack.dll
0x797c0000 - 0x79815000 	C:\Program Files\MATLAB704\bin\win32\libmwumfpackv4.3.dll
0x79820000 - 0x79831000 	C:\Program Files\MATLAB704\bin\win32\mwoles05.dll
0x798d0000 - 0x79907000 	C:\Program Files\MATLAB704\bin\win32\comcli.dll
0x77040000 - 0x7705f000 	C:\windows\system32\IMM32.DLL
0x760a0000 - 0x7616c000 	C:\windows\system32\MSCTF.dll
0x70a40000 - 0x70b2b000 	C:\windows\system32\dbghelp.dll
0x7c300000 - 0x7c30c000 	C:\Program Files\MATLAB704\bin\win32\MFC71KOR.DLL
0x79220000 - 0x79238000 	C:\Program Files\MATLAB704\bin\win32\mkl.dll
0x79360000 - 0x797a7000 	C:\Program Files\MATLAB704\bin\win32\lapack.dll
0x7c040000 - 0x7c0b5000 	C:\Program Files\MATLAB704\bin\win32\DFORRT.DLL
0x75340000 - 0x7534c000 	C:\windows\system32\CRYPTBASE.dll
0x73f70000 - 0x73fb0000 	C:\windows\system32\uxtheme.dll
0x752c0000 - 0x7530c000 	C:\windows\system32\apphelp.dll
0x03eb0000 - 0x04147000 	C:\Program Files\MATLAB704\sys\java\jre\win32\jre1.5.0\bin\client\jvm.dll
0x711c0000 - 0x711f2000 	C:\windows\system32\WINMM.dll
0x71950000 - 0x719b9000 	C:\windows\system32\IMKR12.IME
0x718b0000 - 0x7194b000 	C:\windows\WinSxS\x86_microsoft.vc80.crt_1fc8b3b9a1e18e3b_8.0.50727.6195_none_d09154e044272b9a\MSVCR80.dll
0x719d0000 - 0x71a57000 	C:\windows\WinSxS\x86_microsoft.vc80.crt_1fc8b3b9a1e18e3b_8.0.50727.6195_none_d09154e044272b9a\MSVCP80.dll
0x76f60000 - 0x76fe3000 	C:\windows\system32\CLBCatQ.DLL
0x73c80000 - 0x73c93000 	C:\windows\system32\dwmapi.dll
0x02d80000 - 0x02da2000 	C:\PROGRA~1\COMMON~1\MICROS~1\IME12\IMEKR\IMKRAPI.DLL
0x04250000 - 0x0427d000 	C:\PROGRA~1\COMMON~1\MICROS~1\IME12\SHARED\IMJKAPI.DLL
0x04e50000 - 0x04e5c000 	C:\Program Files\MATLAB704\sys\java\jre\win32\jre1.5.0\bin\verify.dll
0x04eb0000 - 0x04ecf000 	C:\Program Files\MATLAB704\sys\java\jre\win32\jre1.5.0\bin\java.dll
0x04ee0000 - 0x04ee8000 	C:\Program Files\MATLAB704\sys\java\jre\win32\jre1.5.0\bin\hpi.dll
0x757b0000 - 0x757b5000 	C:\windows\system32\PSAPI.DLL
0x04f00000 - 0x04f0f000 	C:\Program Files\MATLAB704\sys\java\jre\win32\jre1.5.0\bin\zip.dll
0x799f0000 - 0x79a01000 	C:\Program Files\MATLAB704\bin\win32\jmi_mi.dll
0x7a530000 - 0x7a53c000 	C:\Program Files\MATLAB704\bin\win32\nativejava.dll
0x08d50000 - 0x08e9a000 	C:\Program Files\MATLAB704\sys\java\jre\win32\jre1.5.0\bin\awt.dll
0x09520000 - 0x09574000 	C:\Program Files\MATLAB704\sys\java\jre\win32\jre1.5.0\bin\fontmanager.dll
0x0a160000 - 0x0a173000 	C:\Program Files\MATLAB704\sys\java\jre\win32\jre1.5.0\bin\net.dll
0x74df0000 - 0x74e2c000 	C:\windows\system32\mswsock.dll
0x74de0000 - 0x74de6000 	C:\windows\System32\wship6.dll
0x0a1a0000 - 0x0a1a9000 	C:\Program Files\MATLAB704\sys\java\jre\win32\jre1.5.0\bin\nio.dll
0x7a540000 - 0x7a548000 	C:\Program Files\MATLAB704\bin\win32\nativelex.dll
0x02dd0000 - 0x02e4d000 	C:\windows\system32\spool\DRIVERS\W32X86\3\ssv1mdu.dll
0x74100000 - 0x7429e000 	C:\windows\WinSxS\x86_microsoft.windows.common-controls_6595b64144ccf1df_6.0.7601.17514_none_41e6975e2bd6f2b2\comctl32.DLL
0x75ba0000 - 0x75d3d000 	C:\windows\system32\SETUPAPI.dll
0x755a0000 - 0x755c7000 	C:\windows\system32\CFGMGR32.dll
0x755d0000 - 0x755e2000 	C:\windows\system32\DEVOBJ.dll
0x73ff0000 - 0x740e5000 	C:\windows\system32\propsys.dll
0x71ea0000 - 0x71ec1000 	C:\windows\system32\ntmarta.dll
0x76190000 - 0x761d5000 	C:\windows\system32\WLDAP32.dll
0x6cc60000 - 0x6cdf8000 	C:\windows\system32\NetworkExplorer.dll
0x73b20000 - 0x73c50000 	C:\windows\system32\WindowsCodecs.dll
0x70b30000 - 0x70b52000 	C:\Users\114035\AppData\Roaming\Dropbox\bin\DropboxExt.22.dll
0x709b0000 - 0x70a3e000 	C:\windows\WinSxS\x86_microsoft.vc90.crt_1fc8b3b9a1e18e3b_9.0.30729.6161_none_50934f2ebcb7eb57\MSVCP90.dll
0x70900000 - 0x709a3000 	C:\windows\WinSxS\x86_microsoft.vc90.crt_1fc8b3b9a1e18e3b_9.0.30729.6161_none_50934f2ebcb7eb57\MSVCR90.dll
0x708c0000 - 0x708f1000 	C:\windows\system32\EhStorShell.dll
0x70850000 - 0x708c0000 	C:\windows\system32\ntshrui.dll
0x78d60000 - 0x78dab000 	C:\Program Files\MATLAB704\bin\win32\libmwbuiltins.dll
0x70840000 - 0x7084b000 	C:\windows\system32\cscapi.dll
0x73880000 - 0x7388a000 	C:\windows\system32\slc.dll
0x10000000 - 0x10025000 	C:\Program Files\ucloud\ucloudShellExt.dll
0x753c0000 - 0x753cb000 	C:\windows\system32\profapi.dll
0x6dc70000 - 0x6dd0a000 	C:\PROGRA~1\COMMON~1\MICROS~1\IME12\IMEKR\IMKRTIP.DLL
0x6d940000 - 0x6d9e5000 	C:\PROGRA~1\COMMON~1\MICROS~1\IME12\SHARED\IMETIP.DLL

VM Arguments:
jvm_args: -Xss512k -Xms64m -Xmx96m -XX:NewRatio=3 -XX:MaxPermSize=32M -Dsun.java2d.noddraw=true -Dsun.awt.nopixfmt=true -Djava.library.path=C:\Program Files\MATLAB704\bin\win32 vfprintf abort 
java_command: <unknown>
Launcher Type: generic

Environment Variables:
JAVA_HOME=C:\Program Files\Java\jre7
CLASSPATH=.;C:\Program Files\Java\jre6\lib\ext\QTJava.zip
PATH=C:\Program Files\Wizvera\Delfino;C:\Program Files\Java\jre7\bin;C:\And\androidsdk\platform-tools;C:\Program Files\Common Files\Microsoft Shared\Windows Live;C:\windows\system32;C:\windows;C:\windows\System32\Wbem;C:\windows\System32\WindowsPowerShell\v1.0\;C:\Program Files\Windows Live\Shared;C:\Program Files\MATLAB\R2008a\bin;C:\Program Files\MATLAB\R2008a\bin\win32;C:\Program Files\MATLAB704\bin\win32;C:\Program Files\QuickTime\QTSystem\;C:\Program Files\MiKTeX 2.9\miktex\bin\;C:\Users\114035\AppData\Roaming\MemoThis
USERNAME=114035
OS=Windows_NT
PROCESSOR_IDENTIFIER=x86 Family 6 Model 37 Stepping 5, GenuineIntel



---------------  S Y S T E M  ---------------

OS: Windows 7 Build 7601 Service Pack 1

CPU:total 4 (8 cores per cpu, 2 threads per core) family 6 model 37 stepping 5, cmov, cx8, fxsr, mmx, sse, sse2, sse3, ssse3, sse4.1, sse4.2, popcnt, ht

Memory: 4k page, physical 2088304k(1365180k free), swap 4176608k(2898480k free)

vm_info: Java HotSpot(TM) Client VM (16.0-b13) for windows-x86 JRE (1.6.0_18-b07), built on Dec 17 2009 13:35:55 by "java_re" with MS VC++ 7.1 (VS2003)

time: Mon Mar 31 21:03:16 2014
elapsed time: 92 seconds

