#
# A fatal error has been detected by the Java Runtime Environment:
#
#  EXCEPTION_ACCESS_VIOLATION (0xc0000005) at pc=0x0488ba85, pid=6548, tid=7108
#
# JRE version: 6.0_18-b07
# Java VM: Java HotSpot(TM) Client VM (16.0-b13 mixed mode, sharing windows-x86 )
# Problematic frame:
# V  [jvm.dll+0xfba85]
#
# If you would like to submit a bug report, please visit:
#   http://java.sun.com/webapps/bugreport/crash.jsp
#

---------------  T H R E A D  ---------------

Current thread (0x07dda000):  JavaThread "AWT-EventQueue-0" [_thread_in_vm, id=7108, stack(0x097a0000,0x09820000)]

siginfo: ExceptionCode=0xc0000005, reading address 0x00000000

Registers:
EAX=0x00000000, EBX=0x07dda110, ECX=0x07dda000, EDX=0x049b441c
ESP=0x0981f4c8, EBP=0x0981f510, ESI=0x07dda000, EDI=0x00000000
EIP=0x0488ba85, EFLAGS=0x00010246

Top of Stack: (sp=0x0981f4c8)
0x0981f4c8:   0981f594 07dda110 35b1f0a0 0981fa2c
0x0981f4d8:   0498bad0 0498d2f0 ffffffff 0981f4f4
0x0981f4e8:   047910e0 07dda000 0981f9d4 0981f524
0x0981f4f8:   048937d9 07dda000 07dda000 07dcf42c
0x0981f508:   000004c4 049b441c 0981f528 7a53303b
0x0981f518:   07dda110 0981f594 00000000 0981f53c
0x0981f528:   0981f548 7a5338af 07dda110 0981f594
0x0981f538:   00000000 07dda000 35b1f0a0 35b1f0a0 

Instructions: (pc=0x0488ba85)
0x0488ba75:   00 00 00 74 08 8d 4d f0 e8 6e e9 08 00 8b 7d 10
0x0488ba85:   8b 07 c7 45 e0 0c 00 00 00 8b 48 08 0f b7 51 2a 


Stack: [0x097a0000,0x09820000],  sp=0x0981f4c8,  free space=1fd0981efe4k
Native frames: (J=compiled Java code, j=interpreted, Vv=VM code, C=native code)
V  [jvm.dll+0xfba85]
C  [nativejava.dll+0x303b]
C  [nativejava.dll+0x38af]
j  com.mathworks.util.NativeJava.hWndFromComponentPeer(Ljava/awt/peer/ComponentPeer;)I+0
j  com.mathworks.util.NativeJava.hWndFromWindow(Ljava/awt/Window;)I+72
j  com.mathworks.mwswing.MJWindow.enableNativeEvents(Ljava/awt/Window;)V+14
j  com.mathworks.mwswing.MJWindow.addNotify()V+12
j  java.awt.Window.show()V+8
j  java.awt.Component.show(Z)V+5
j  java.awt.Component.setVisible(Z)V+2
j  java.awt.Window.setVisible(Z)V+2
j  com.mathworks.mwswing.MPopup.show()V+29
j  com.mathworks.mlwidgets.html.HTMLRenderer$HTMLTooltip$HTMLTooltipThread.run()V+66
J  java.awt.event.InvocationEvent.dispatch()V
J  java.awt.EventQueue.dispatchEvent(Ljava/awt/AWTEvent;)V
J  java.awt.EventDispatchThread.pumpOneEventForFilters(I)Z
J  java.awt.EventDispatchThread.pumpEventsForFilter(ILjava/awt/Conditional;Ljava/awt/EventFilter;)V
j  java.awt.EventDispatchThread.pumpEventsForHierarchy(ILjava/awt/Conditional;Ljava/awt/Component;)V+11
j  java.awt.EventDispatchThread.pumpEvents(ILjava/awt/Conditional;)V+4
j  java.awt.EventDispatchThread.pumpEvents(Ljava/awt/Conditional;)V+3
j  java.awt.EventDispatchThread.run()V+9
v  ~StubRoutines::call_stub
V  [jvm.dll+0xf072c]
V  [jvm.dll+0x17fd51]
V  [jvm.dll+0xf08f7]
V  [jvm.dll+0xf096d]
V  [jvm.dll+0x11a4c0]
V  [jvm.dll+0x1dd924]
V  [jvm.dll+0x17f9cc]
C  [MSVCR71.dll+0x9565]
C  [kernel32.dll+0x51114]
C  [ntdll.dll+0x5b429]
C  [ntdll.dll+0x5b3fc]

Java frames: (J=compiled Java code, j=interpreted, Vv=VM code)
j  com.mathworks.util.NativeJava.hWndFromComponentPeer(Ljava/awt/peer/ComponentPeer;)I+0
j  com.mathworks.util.NativeJava.hWndFromWindow(Ljava/awt/Window;)I+72
j  com.mathworks.mwswing.MJWindow.enableNativeEvents(Ljava/awt/Window;)V+14
j  com.mathworks.mwswing.MJWindow.addNotify()V+12
j  java.awt.Window.show()V+8
j  java.awt.Component.show(Z)V+5
j  java.awt.Component.setVisible(Z)V+2
j  java.awt.Window.setVisible(Z)V+2
j  com.mathworks.mwswing.MPopup.show()V+29
j  com.mathworks.mlwidgets.html.HTMLRenderer$HTMLTooltip$HTMLTooltipThread.run()V+66
J  java.awt.event.InvocationEvent.dispatch()V
J  java.awt.EventQueue.dispatchEvent(Ljava/awt/AWTEvent;)V
J  java.awt.EventDispatchThread.pumpOneEventForFilters(I)Z
J  java.awt.EventDispatchThread.pumpEventsForFilter(ILjava/awt/Conditional;Ljava/awt/EventFilter;)V
j  java.awt.EventDispatchThread.pumpEventsForHierarchy(ILjava/awt/Conditional;Ljava/awt/Component;)V+11
j  java.awt.EventDispatchThread.pumpEvents(ILjava/awt/Conditional;)V+4
j  java.awt.EventDispatchThread.pumpEvents(Ljava/awt/Conditional;)V+3
j  java.awt.EventDispatchThread.run()V+9
v  ~StubRoutines::call_stub

---------------  P R O C E S S  ---------------

Java Threads: ( => current thread )
  0x09c97000 JavaThread "Timer queue for AWT thread" daemon [_thread_blocked, id=3356, stack(0x0c400000,0x0c480000)]
  0x09c96000 JavaThread "Timer-3" [_thread_blocked, id=4292, stack(0x0ca20000,0x0caa0000)]
  0x09c94400 JavaThread "Swing-Shell" daemon [_thread_blocked, id=7720, stack(0x0c9a0000,0x0ca20000)]
  0x09c95000 JavaThread "Prefs Updater" [_thread_blocked, id=6260, stack(0x045b0000,0x04630000)]
  0x09c94000 JavaThread "Thread-4" [_thread_in_native, id=8020, stack(0x0b920000,0x0c120000)]
  0x09b6d000 JavaThread "Timer-0" [_thread_blocked, id=7484, stack(0x0a570000,0x0a5f0000)]
  0x09ab6800 JavaThread "TimerQueue" daemon [_thread_blocked, id=476, stack(0x0a4f0000,0x0a570000)]
=>0x07dda000 JavaThread "AWT-EventQueue-0" [_thread_in_vm, id=7108, stack(0x097a0000,0x09820000)]
  0x07d9a400 JavaThread "AWT-Windows" daemon [_thread_in_native, id=5768, stack(0x091c0000,0x09240000)]
  0x07d99c00 JavaThread "AWT-Shutdown" [_thread_blocked, id=7788, stack(0x09140000,0x091c0000)]
  0x07d9c400 JavaThread "Java2D Disposer" daemon [_thread_blocked, id=7420, stack(0x090c0000,0x09140000)]
  0x07d3c000 JavaThread "Low Memory Detector" daemon [_thread_blocked, id=4256, stack(0x07c70000,0x07cf0000)]
  0x07d37400 JavaThread "CompilerThread0" daemon [_thread_blocked, id=5328, stack(0x07f00000,0x08700000)]
  0x07d36400 JavaThread "Attach Listener" daemon [_thread_blocked, id=3472, stack(0x07bf0000,0x07c70000)]
  0x07d33800 JavaThread "Signal Dispatcher" daemon [_thread_blocked, id=5852, stack(0x07b70000,0x07bf0000)]
  0x00dc2800 JavaThread "Finalizer" daemon [_thread_blocked, id=4920, stack(0x07af0000,0x07b70000)]
  0x00dc1400 JavaThread "Reference Handler" daemon [_thread_blocked, id=3632, stack(0x07a70000,0x07af0000)]
  0x00d9bc00 JavaThread "main" [_thread_in_native, id=4016, stack(0x004e0000,0x00ce0000)]

Other Threads:
  0x00dbf000 VMThread [stack: 0x07270000,0x07a70000] [id=6256]
  0x07d3e000 WatcherThread [stack: 0x08700000,0x08f00000] [id=5528]

VM state:not at safepoint (normal execution)

VM Mutex/Monitor currently owned by a thread: None

Heap
 def new generation   total 16768K, used 2853K [0x2fa90000, 0x30cc0000, 0x31290000)
  eden space 14912K,   6% used [0x2fa90000, 0x2fb895e0, 0x30920000)
  from space 1856K, 100% used [0x30af0000, 0x30cc0000, 0x30cc0000)
  to   space 1856K,   0% used [0x30920000, 0x30920000, 0x30af0000)
 tenured generation   total 55708K, used 39560K [0x31290000, 0x348f7000, 0x35a90000)
   the space 55708K,  71% used [0x31290000, 0x339323c8, 0x33932400, 0x348f7000)
 compacting perm gen  total 14848K, used 14794K [0x35a90000, 0x36910000, 0x37a90000)
   the space 14848K,  99% used [0x35a90000, 0x36902868, 0x36902a00, 0x36910000)
    ro space 10240K,  51% used [0x37a90000, 0x37fb7b58, 0x37fb7c00, 0x38490000)
    rw space 12288K,  54% used [0x38490000, 0x38b24ce0, 0x38b24e00, 0x39090000)

Dynamic libraries:
0x00400000 - 0x004d8000 	C:\Program Files\MATLAB704\bin\win32\MATLAB.exe
0x77830000 - 0x7796d000 	C:\windows\SYSTEM32\ntdll.dll
0x75f50000 - 0x76024000 	C:\windows\system32\kernel32.dll
0x75af0000 - 0x75b3a000 	C:\windows\system32\KERNELBASE.dll
0x784d0000 - 0x784de000 	C:\Program Files\MATLAB704\bin\win32\mvalue.dll
0x783d0000 - 0x7845e000 	C:\Program Files\MATLAB704\bin\win32\libut.dll
0x775f0000 - 0x7761a000 	C:\windows\system32\imagehlp.dll
0x77620000 - 0x776cc000 	C:\windows\system32\msvcrt.dll
0x781d0000 - 0x78246000 	C:\Program Files\MATLAB704\bin\win32\icuuc24.dll
0x78100000 - 0x78105000 	C:\Program Files\MATLAB704\bin\win32\icudt24l.dll
0x7c340000 - 0x7c396000 	C:\Program Files\MATLAB704\bin\win32\MSVCR71.dll
0x78110000 - 0x78192000 	C:\Program Files\MATLAB704\bin\win32\icuin24.dll
0x781a0000 - 0x781ad000 	C:\Program Files\MATLAB704\bin\win32\icuio24.dll
0x7c3a0000 - 0x7c41b000 	C:\Program Files\MATLAB704\bin\win32\MSVCP71.dll
0x77160000 - 0x77200000 	C:\windows\system32\ADVAPI32.dll
0x775d0000 - 0x775e9000 	C:\windows\SYSTEM32\sechost.dll
0x76cc0000 - 0x76d61000 	C:\windows\system32\RPCRT4.dll
0x776d0000 - 0x7782c000 	C:\windows\system32\ole32.dll
0x75c80000 - 0x75cce000 	C:\windows\system32\GDI32.dll
0x76e70000 - 0x76f39000 	C:\windows\system32\USER32.dll
0x77200000 - 0x7720a000 	C:\windows\system32\LPK.dll
0x76f40000 - 0x76fdd000 	C:\windows\system32\USP10.dll
0x779d0000 - 0x77a5f000 	C:\windows\system32\OLEAUT32.dll
0x78460000 - 0x784a1000 	C:\Program Files\MATLAB704\bin\win32\libmx.dll
0x783b0000 - 0x783c2000 	C:\Program Files\MATLAB704\bin\win32\zlib1.dll
0x78c60000 - 0x78d55000 	C:\Program Files\MATLAB704\bin\win32\libmwservices.dll
0x75cd0000 - 0x75d4b000 	C:\windows\system32\comdlg32.dll
0x770e0000 - 0x77137000 	C:\windows\system32\SHLWAPI.dll
0x72310000 - 0x72394000 	C:\windows\WinSxS\x86_microsoft.windows.common-controls_6595b64144ccf1df_5.82.7600.16661_none_ebfb56996c72aefc\COMCTL32.dll
0x76030000 - 0x76c79000 	C:\windows\system32\SHELL32.dll
0x784e0000 - 0x784f6000 	C:\Program Files\MATLAB704\bin\win32\mpath.dll
0x73da0000 - 0x73db1000 	C:\windows\system32\NETAPI32.dll
0x73d90000 - 0x73d99000 	C:\windows\system32\netutils.dll
0x75620000 - 0x75639000 	C:\windows\system32\srvcli.dll
0x73d80000 - 0x73d8f000 	C:\windows\system32\wkscli.dll
0x76c80000 - 0x76cb5000 	C:\windows\system32\WS2_32.dll
0x77140000 - 0x77146000 	C:\windows\system32\NSI.dll
0x784b0000 - 0x784be000 	C:\Program Files\MATLAB704\bin\win32\libmex.dll
0x78620000 - 0x78687000 	C:\Program Files\MATLAB704\bin\win32\m_dispatcher.dll
0x78250000 - 0x783a6000 	C:\Program Files\MATLAB704\bin\win32\xerces-c_2_1_0.dll
0x78c40000 - 0x78c52000 	C:\Program Files\MATLAB704\bin\win32\datasvcs.dll
0x79080000 - 0x7909b000 	C:\Program Files\MATLAB704\bin\win32\mcr.dll
0x79950000 - 0x799ee000 	C:\Program Files\MATLAB704\bin\win32\bridge.dll
0x74e40000 - 0x74e49000 	C:\windows\system32\VERSION.dll
0x79840000 - 0x79893000 	C:\Program Files\MATLAB704\bin\win32\udd_mi.dll
0x78e60000 - 0x78ed6000 	C:\Program Files\MATLAB704\bin\win32\libmwgui.dll
0x78690000 - 0x7898b000 	C:\Program Files\MATLAB704\bin\win32\m_interpreter.dll
0x78500000 - 0x78590000 	C:\Program Files\MATLAB704\bin\win32\mcos.dll
0x78ba0000 - 0x78baf000 	C:\Program Files\MATLAB704\bin\win32\m_pcodeio.dll
0x78bc0000 - 0x78c33000 	C:\Program Files\MATLAB704\bin\win32\mlib.dll
0x78b20000 - 0x78b75000 	C:\Program Files\MATLAB704\bin\win32\m_ir.dll
0x78b80000 - 0x78b91000 	C:\Program Files\MATLAB704\bin\win32\m_pcodegen.dll
0x78990000 - 0x78b1e000 	C:\Program Files\MATLAB704\bin\win32\m_parser.dll
0x78bb0000 - 0x78bba000 	C:\Program Files\MATLAB704\bin\win32\ir_xfmr.dll
0x784c0000 - 0x784c9000 	C:\Program Files\MATLAB704\bin\win32\libmat.dll
0x78590000 - 0x78611000 	C:\Program Files\MATLAB704\bin\win32\udd.dll
0x798a0000 - 0x798c8000 	C:\Program Files\MATLAB704\bin\win32\jmi.dll
0x79910000 - 0x79919000 	C:\Program Files\MATLAB704\bin\win32\mlautoregister.dll
0x7c140000 - 0x7c243000 	C:\Program Files\MATLAB704\bin\win32\MFC71.DLL
0x78ee0000 - 0x7902d000 	C:\Program Files\MATLAB704\bin\win32\hg.dll
0x78db0000 - 0x78e2c000 	C:\Program Files\MATLAB704\bin\win32\uiw.dll
0x78e50000 - 0x78e55000 	C:\Program Files\MATLAB704\bin\win32\uinone.dll
0x79050000 - 0x7907a000 	C:\Program Files\MATLAB704\bin\win32\libmwhardcopy.dll
0x78e30000 - 0x78e4c000 	C:\Program Files\MATLAB704\bin\win32\libuij.dll
0x71f30000 - 0x71f81000 	C:\windows\system32\WINSPOOL.DRV
0x790a0000 - 0x791f5000 	C:\Program Files\MATLAB704\bin\win32\numerics.dll
0x797b0000 - 0x797b7000 	C:\Program Files\MATLAB704\bin\win32\libmwamd.dll
0x79240000 - 0x792c6000 	C:\Program Files\MATLAB704\bin\win32\libfftw3.dll
0x792d0000 - 0x79351000 	C:\Program Files\MATLAB704\bin\win32\libfftw3f.dll
0x79200000 - 0x7921c000 	C:\Program Files\MATLAB704\bin\win32\libmwlapack.dll
0x797c0000 - 0x79815000 	C:\Program Files\MATLAB704\bin\win32\libmwumfpackv4.3.dll
0x79820000 - 0x79831000 	C:\Program Files\MATLAB704\bin\win32\mwoles05.dll
0x798d0000 - 0x79907000 	C:\Program Files\MATLAB704\bin\win32\comcli.dll
0x76d70000 - 0x76d8f000 	C:\windows\system32\IMM32.DLL
0x76da0000 - 0x76e6c000 	C:\windows\system32\MSCTF.dll
0x718b0000 - 0x7199b000 	C:\windows\system32\dbghelp.dll
0x7c300000 - 0x7c30c000 	C:\Program Files\MATLAB704\bin\win32\MFC71KOR.DLL
0x79220000 - 0x79238000 	C:\Program Files\MATLAB704\bin\win32\mkl.dll
0x79360000 - 0x797a7000 	C:\Program Files\MATLAB704\bin\win32\lapack.dll
0x7c040000 - 0x7c0b5000 	C:\Program Files\MATLAB704\bin\win32\DFORRT.DLL
0x75900000 - 0x7590c000 	C:\windows\system32\CRYPTBASE.dll
0x74600000 - 0x74640000 	C:\windows\system32\uxtheme.dll
0x10000000 - 0x10028000 	C:\windows\system32\ImageSAFERFilter.dll
0x70400000 - 0x7048e000 	C:\windows\WinSxS\x86_microsoft.vc90.crt_1fc8b3b9a1e18e3b_9.0.30729.6161_none_50934f2ebcb7eb57\MSVCP90.dll
0x71e70000 - 0x71f13000 	C:\windows\WinSxS\x86_microsoft.vc90.crt_1fc8b3b9a1e18e3b_9.0.30729.6161_none_50934f2ebcb7eb57\MSVCR90.dll
0x724f0000 - 0x72511000 	C:\windows\system32\ntmarta.dll
0x77580000 - 0x775c5000 	C:\windows\system32\WLDAP32.dll
0x73b40000 - 0x73b45000 	C:\windows\system32\MSIMG32.dll
0x04790000 - 0x04a27000 	C:\Program Files\MATLAB704\sys\java\jre\win32\jre1.5.0\bin\client\jvm.dll
0x73b50000 - 0x73b82000 	C:\windows\system32\WINMM.dll
0x758b0000 - 0x758fb000 	C:\windows\system32\apphelp.dll
0x720c0000 - 0x72129000 	C:\windows\system32\IMKR12.IME
0x71cf0000 - 0x71d8b000 	C:\windows\WinSxS\x86_microsoft.vc80.crt_1fc8b3b9a1e18e3b_8.0.50727.6195_none_d09154e044272b9a\MSVCR80.dll
0x71c50000 - 0x71cd7000 	C:\windows\WinSxS\x86_microsoft.vc80.crt_1fc8b3b9a1e18e3b_8.0.50727.6195_none_d09154e044272b9a\MSVCP80.dll
0x77350000 - 0x773d3000 	C:\windows\system32\CLBCatQ.DLL
0x74210000 - 0x74223000 	C:\windows\system32\dwmapi.dll
0x03670000 - 0x03692000 	C:\PROGRA~1\COMMON~1\MICROS~1\IME12\IMEKR\IMKRAPI.DLL
0x036e0000 - 0x0370d000 	C:\PROGRA~1\COMMON~1\MICROS~1\IME12\SHARED\IMJKAPI.DLL
0x03730000 - 0x0373c000 	C:\Program Files\MATLAB704\sys\java\jre\win32\jre1.5.0\bin\verify.dll
0x04ad0000 - 0x04aef000 	C:\Program Files\MATLAB704\sys\java\jre\win32\jre1.5.0\bin\java.dll
0x04b00000 - 0x04b08000 	C:\Program Files\MATLAB704\sys\java\jre\win32\jre1.5.0\bin\hpi.dll
0x76d90000 - 0x76d95000 	C:\windows\system32\PSAPI.DLL
0x050e0000 - 0x050ef000 	C:\Program Files\MATLAB704\sys\java\jre\win32\jre1.5.0\bin\zip.dll
0x799f0000 - 0x79a01000 	C:\Program Files\MATLAB704\bin\win32\jmi_mi.dll
0x7a530000 - 0x7a53c000 	C:\Program Files\MATLAB704\bin\win32\nativejava.dll
0x08f70000 - 0x090ba000 	C:\Program Files\MATLAB704\sys\java\jre\win32\jre1.5.0\bin\awt.dll
0x09740000 - 0x09794000 	C:\Program Files\MATLAB704\sys\java\jre\win32\jre1.5.0\bin\fontmanager.dll
0x0a370000 - 0x0a383000 	C:\Program Files\MATLAB704\sys\java\jre\win32\jre1.5.0\bin\net.dll
0x753f0000 - 0x7542c000 	C:\windows\system32\mswsock.dll
0x753e0000 - 0x753e6000 	C:\windows\System32\wship6.dll
0x0a3b0000 - 0x0a3b9000 	C:\Program Files\MATLAB704\sys\java\jre\win32\jre1.5.0\bin\nio.dll
0x7a540000 - 0x7a548000 	C:\Program Files\MATLAB704\bin\win32\nativelex.dll
0x03fa0000 - 0x04008000 	C:\windows\system32\spool\DRIVERS\W32X86\3\ssv1mdu.dll
0x748d0000 - 0x74a6e000 	C:\windows\WinSxS\x86_microsoft.windows.common-controls_6595b64144ccf1df_6.0.7600.16661_none_420fe3fa2b8113bd\comctl32.DLL
0x04040000 - 0x040da000 	C:\PROGRA~1\COMMON~1\MICROS~1\IME12\IMEKR\IMKRTIP.DLL
0x040e0000 - 0x04185000 	C:\PROGRA~1\COMMON~1\MICROS~1\IME12\SHARED\IMETIP.DLL
0x78d60000 - 0x78dab000 	C:\Program Files\MATLAB704\bin\win32\libmwbuiltins.dll
0x045a0000 - 0x045a5000 	C:\Program Files\MATLAB704\toolbox\matlab\datatypes\cellfun.dll
0x773e0000 - 0x7757d000 	C:\windows\system32\SETUPAPI.dll
0x75ac0000 - 0x75ae7000 	C:\windows\system32\CFGMGR32.dll
0x75c60000 - 0x75c72000 	C:\windows\system32\DEVOBJ.dll
0x74680000 - 0x74775000 	C:\windows\system32\propsys.dll
0x75980000 - 0x7598b000 	C:\windows\system32\profapi.dll
0x6c140000 - 0x6c2d8000 	C:\windows\system32\NetworkExplorer.dll
0x74080000 - 0x7417b000 	C:\windows\system32\WindowsCodecs.dll
0x6fc80000 - 0x6fcb1000 	C:\windows\system32\EhStorShell.dll
0x6fa60000 - 0x6fc7f000 	C:\Program Files\Microsoft Office\Office12\GrooveShellExtensions.dll
0x6f6b0000 - 0x6f7a2000 	C:\Program Files\Microsoft Office\Office12\GrooveUtil.DLL

VM Arguments:
jvm_args: -Xss512k -Xms64m -Xmx96m -XX:NewRatio=3 -XX:MaxPermSize=32M -Dsun.java2d.noddraw=true -Dsun.awt.nopixfmt=true -Djava.library.path=C:\Program Files\MATLAB704\bin\win32 vfprintf abort 
java_command: <unknown>
Launcher Type: generic

Environment Variables:
CLASSPATH=.;C:\Program Files\Java\jre6\lib\ext\QTJava.zip
PATH=C:\Program Files\MiKTeX 2.6\miktex\bin;C:\Program Files\Common Files\Microsoft Shared\Windows Live;C:\windows\system32;C:\windows;C:\windows\System32\Wbem;C:\windows\System32\WindowsPowerShell\v1.0\;C:\Program Files\Windows Live\Shared;C:\Program Files\MATLAB704\bin\win32;C:\Program Files\QuickTime\QTSystem\;C:\Users\114035\AppData\Roaming\MemoThis
USERNAME=114035
OS=Windows_NT
PROCESSOR_IDENTIFIER=x86 Family 6 Model 37 Stepping 5, GenuineIntel



---------------  S Y S T E M  ---------------

OS: Windows 7 Build 7600 

CPU:total 4 (8 cores per cpu, 2 threads per core) family 6 model 37 stepping 5, cmov, cx8, fxsr, mmx, sse, sse2, sse3, ssse3, sse4.1, sse4.2, popcnt, ht

Memory: 4k page, physical 2088304k(1236052k free), swap 4176608k(2887768k free)

vm_info: Java HotSpot(TM) Client VM (16.0-b13) for windows-x86 JRE (1.6.0_18-b07), built on Dec 17 2009 13:35:55 by "java_re" with MS VC++ 7.1 (VS2003)

time: Mon Oct 17 22:06:58 2011
elapsed time: 2519 seconds

