#
# A fatal error has been detected by the Java Runtime Environment:
#
#  EXCEPTION_ACCESS_VIOLATION (0xc0000005) at pc=0x6d8fba85, pid=8740, tid=4664
#
# JRE version: 6.0_18-b07
# Java VM: Java HotSpot(TM) Client VM (16.0-b13 mixed mode, sharing windows-x86 )
# Problematic frame:
# V  [jvm.dll+0xfba85]
#
# If you would like to submit a bug report, please visit:
#   http://java.sun.com/webapps/bugreport/crash.jsp
#

---------------  T H R E A D  ---------------

Current thread (0x078f0c00):  JavaThread "AWT-EventQueue-0" [_thread_in_vm, id=4664, stack(0x090a0000,0x09120000)]

siginfo: ExceptionCode=0xc0000005, reading address 0x00000000

Registers:
EAX=0x00000000, EBX=0x078f0d10, ECX=0x078f0c00, EDX=0x6da2441c
ESP=0x0911f4c8, EBP=0x0911f510, ESI=0x078f0c00, EDI=0x00000000
EIP=0x6d8fba85, EFLAGS=0x00010246

Top of Stack: (sp=0x0911f4c8)
0x0911f4c8:   0911f594 078f0d10 35b1f0a0 0911fa2c
0x0911f4d8:   6d9fbad0 6d9fd2f0 ffffffff 0911f4f4
0x0911f4e8:   6d8010e0 078f0c00 0911f9d4 0911f524
0x0911f4f8:   6d9037d9 078f0c00 078f0c00 078e6afc
0x0911f508:   000004c4 6da2441c 0911f528 7a53303b
0x0911f518:   078f0d10 0911f594 00000000 0911f53c
0x0911f528:   0911f548 7a5338af 078f0d10 0911f594
0x0911f538:   00000000 078f0c00 35b1f0a0 35b1f0a0 

Instructions: (pc=0x6d8fba85)
0x6d8fba75:   00 00 00 74 08 8d 4d f0 e8 6e e9 08 00 8b 7d 10
0x6d8fba85:   8b 07 c7 45 e0 0c 00 00 00 8b 48 08 0f b7 51 2a 


Stack: [0x090a0000,0x09120000],  sp=0x0911f4c8,  free space=1fd0911efe4k
Native frames: (J=compiled Java code, j=interpreted, Vv=VM code, C=native code)
V  [jvm.dll+0xfba85]
C  [nativejava.dll+0x303b]
C  [nativejava.dll+0x38af]
j  com.mathworks.util.NativeJava.hWndFromComponentPeer(Ljava/awt/peer/ComponentPeer;)I+0
j  com.mathworks.util.NativeJava.hWndFromWindow(Ljava/awt/Window;)I+72
j  com.mathworks.mwswing.MJWindow.enableNativeEvents(Ljava/awt/Window;)V+14
j  com.mathworks.mwswing.MJWindow.addNotify()V+12
j  java.awt.Window.show()V+8
j  java.awt.Component.show(Z)V+5
j  java.awt.Component.setVisible(Z)V+2
j  java.awt.Window.setVisible(Z)V+2
j  com.mathworks.mwswing.MPopup.show()V+29
j  com.mathworks.mlwidgets.html.HTMLRenderer$HTMLTooltip$HTMLTooltipThread.run()V+66
J  java.awt.event.InvocationEvent.dispatch()V
J  java.awt.EventQueue.dispatchEvent(Ljava/awt/AWTEvent;)V
J  java.awt.EventDispatchThread.pumpOneEventForFilters(I)Z
J  java.awt.EventDispatchThread.pumpEventsForFilter(ILjava/awt/Conditional;Ljava/awt/EventFilter;)V
j  java.awt.EventDispatchThread.pumpEventsForHierarchy(ILjava/awt/Conditional;Ljava/awt/Component;)V+11
j  java.awt.EventDispatchThread.pumpEvents(ILjava/awt/Conditional;)V+4
j  java.awt.EventDispatchThread.pumpEvents(Ljava/awt/Conditional;)V+3
j  java.awt.EventDispatchThread.run()V+9
v  ~StubRoutines::call_stub
V  [jvm.dll+0xf072c]
V  [jvm.dll+0x17fd51]
V  [jvm.dll+0xf08f7]
V  [jvm.dll+0xf096d]
V  [jvm.dll+0x11a4c0]
V  [jvm.dll+0x1dd924]
V  [jvm.dll+0x17f9cc]
C  [MSVCR71.dll+0x9565]
C  [kernel32.dll+0x4ee1c]
C  [ntdll.dll+0x637eb]
C  [ntdll.dll+0x637be]

Java frames: (J=compiled Java code, j=interpreted, Vv=VM code)
j  com.mathworks.util.NativeJava.hWndFromComponentPeer(Ljava/awt/peer/ComponentPeer;)I+0
j  com.mathworks.util.NativeJava.hWndFromWindow(Ljava/awt/Window;)I+72
j  com.mathworks.mwswing.MJWindow.enableNativeEvents(Ljava/awt/Window;)V+14
j  com.mathworks.mwswing.MJWindow.addNotify()V+12
j  java.awt.Window.show()V+8
j  java.awt.Component.show(Z)V+5
j  java.awt.Component.setVisible(Z)V+2
j  java.awt.Window.setVisible(Z)V+2
j  com.mathworks.mwswing.MPopup.show()V+29
j  com.mathworks.mlwidgets.html.HTMLRenderer$HTMLTooltip$HTMLTooltipThread.run()V+66
J  java.awt.event.InvocationEvent.dispatch()V
J  java.awt.EventQueue.dispatchEvent(Ljava/awt/AWTEvent;)V
J  java.awt.EventDispatchThread.pumpOneEventForFilters(I)Z
J  java.awt.EventDispatchThread.pumpEventsForFilter(ILjava/awt/Conditional;Ljava/awt/EventFilter;)V
j  java.awt.EventDispatchThread.pumpEventsForHierarchy(ILjava/awt/Conditional;Ljava/awt/Component;)V+11
j  java.awt.EventDispatchThread.pumpEvents(ILjava/awt/Conditional;)V+4
j  java.awt.EventDispatchThread.pumpEvents(Ljava/awt/Conditional;)V+3
j  java.awt.EventDispatchThread.run()V+9
v  ~StubRoutines::call_stub

---------------  P R O C E S S  ---------------

Java Threads: ( => current thread )
  0x0982dc00 JavaThread "Image Fetcher 1" daemon [_thread_blocked, id=8260, stack(0x09f10000,0x09f90000)]
  0x0982c400 JavaThread "Image Fetcher 0" daemon [_thread_blocked, id=3336, stack(0x09c60000,0x09ce0000)]
  0x0982d000 JavaThread "Prefs Updater" [_thread_blocked, id=4704, stack(0x08cc0000,0x08d40000)]
  0x0982e800 JavaThread "Timer-3" [_thread_blocked, id=5540, stack(0x08c40000,0x08cc0000)]
  0x0982c800 JavaThread "Timer queue for AWT thread" daemon [_thread_blocked, id=3272, stack(0x08d70000,0x08df0000)]
  0x0a0e4800 JavaThread "Swing-Shell" daemon [_thread_blocked, id=5032, stack(0x09e90000,0x09f10000)]
  0x0a026c00 JavaThread "Thread-5" [_thread_in_native, id=3876, stack(0x03980000,0x04180000)]
  0x00d94400 JavaThread "TimerQueue" daemon [_thread_blocked, id=2932, stack(0x09d90000,0x09e10000)]
=>0x078f0c00 JavaThread "AWT-EventQueue-0" [_thread_in_vm, id=4664, stack(0x090a0000,0x09120000)]
  0x078ce400 JavaThread "AWT-Windows" daemon [_thread_in_native, id=5956, stack(0x08b20000,0x08ba0000)]
  0x078cdc00 JavaThread "AWT-Shutdown" [_thread_blocked, id=8984, stack(0x08aa0000,0x08b20000)]
  0x078cd800 JavaThread "Java2D Disposer" daemon [_thread_blocked, id=10196, stack(0x08a20000,0x08aa0000)]
  0x0785c800 JavaThread "Low Memory Detector" daemon [_thread_blocked, id=6404, stack(0x07710000,0x07790000)]
  0x07857400 JavaThread "CompilerThread0" daemon [_thread_blocked, id=7124, stack(0x07a20000,0x08220000)]
  0x07856400 JavaThread "Attach Listener" daemon [_thread_blocked, id=5568, stack(0x07690000,0x07710000)]
  0x07853800 JavaThread "Signal Dispatcher" daemon [_thread_blocked, id=4608, stack(0x07590000,0x07610000)]
  0x00dc2c00 JavaThread "Finalizer" daemon [_thread_blocked, id=2688, stack(0x074f0000,0x07570000)]
  0x00dc1800 JavaThread "Reference Handler" daemon [_thread_blocked, id=6656, stack(0x07470000,0x074f0000)]
  0x00d9b800 JavaThread "main" [_thread_in_native, id=10216, stack(0x004e0000,0x00ce0000)]

Other Threads:
  0x00dbf000 VMThread [stack: 0x06c60000,0x07460000] [id=4564]
  0x07868800 WatcherThread [stack: 0x08220000,0x08a20000] [id=4440]

VM state:not at safepoint (normal execution)

VM Mutex/Monitor currently owned by a thread: None

Heap
 def new generation   total 21888K, used 12562K [0x2fa90000, 0x31250000, 0x31290000)
  eden space 19456K,  52% used [0x2fa90000, 0x304749e8, 0x30d90000)
  from space 2432K, 100% used [0x30d90000, 0x30ff0000, 0x30ff0000)
  to   space 2432K,   0% used [0x30ff0000, 0x30ff0000, 0x31250000)
 tenured generation   total 72848K, used 51772K [0x31290000, 0x359b4000, 0x35a90000)
   the space 72848K,  71% used [0x31290000, 0x3451f330, 0x3451f400, 0x359b4000)
 compacting perm gen  total 14592K, used 14521K [0x35a90000, 0x368d0000, 0x37a90000)
   the space 14592K,  99% used [0x35a90000, 0x368be550, 0x368be600, 0x368d0000)
    ro space 10240K,  51% used [0x37a90000, 0x37fb7b58, 0x37fb7c00, 0x38490000)
    rw space 12288K,  54% used [0x38490000, 0x38b24ce0, 0x38b24e00, 0x39090000)

Dynamic libraries:
0x00400000 - 0x004d8000 	C:\Program Files\MATLAB704\bin\win32\MATLAB.exe
0x77440000 - 0x7757c000 	C:\windows\SYSTEM32\ntdll.dll
0x76630000 - 0x76704000 	C:\windows\system32\kernel32.dll
0x75760000 - 0x757ab000 	C:\windows\system32\KERNELBASE.dll
0x784d0000 - 0x784de000 	C:\Program Files\MATLAB704\bin\win32\mvalue.dll
0x783d0000 - 0x7845e000 	C:\Program Files\MATLAB704\bin\win32\libut.dll
0x76c40000 - 0x76c6b000 	C:\windows\system32\imagehlp.dll
0x76580000 - 0x7662c000 	C:\windows\system32\msvcrt.dll
0x764d0000 - 0x76570000 	C:\windows\system32\ADVAPI32.dll
0x767a0000 - 0x767b9000 	C:\windows\SYSTEM32\sechost.dll
0x76fb0000 - 0x77052000 	C:\windows\system32\RPCRT4.dll
0x781d0000 - 0x78246000 	C:\Program Files\MATLAB704\bin\win32\icuuc24.dll
0x78100000 - 0x78105000 	C:\Program Files\MATLAB704\bin\win32\icudt24l.dll
0x7c340000 - 0x7c396000 	C:\Program Files\MATLAB704\bin\win32\MSVCR71.dll
0x78110000 - 0x78192000 	C:\Program Files\MATLAB704\bin\win32\icuin24.dll
0x781a0000 - 0x781ad000 	C:\Program Files\MATLAB704\bin\win32\icuio24.dll
0x7c3a0000 - 0x7c41b000 	C:\Program Files\MATLAB704\bin\win32\MSVCP71.dll
0x76ae0000 - 0x76c3c000 	C:\windows\system32\ole32.dll
0x775a0000 - 0x775ee000 	C:\windows\system32\GDI32.dll
0x76ee0000 - 0x76fa9000 	C:\windows\system32\USER32.dll
0x77580000 - 0x7758a000 	C:\windows\system32\LPK.dll
0x767c0000 - 0x7685d000 	C:\windows\system32\USP10.dll
0x77190000 - 0x7721f000 	C:\windows\system32\OLEAUT32.dll
0x78460000 - 0x784a1000 	C:\Program Files\MATLAB704\bin\win32\libmx.dll
0x783b0000 - 0x783c2000 	C:\Program Files\MATLAB704\bin\win32\zlib1.dll
0x78c60000 - 0x78d55000 	C:\Program Files\MATLAB704\bin\win32\libmwservices.dll
0x757b0000 - 0x7582b000 	C:\windows\system32\comdlg32.dll
0x775f0000 - 0x77647000 	C:\windows\system32\SHLWAPI.dll
0x71e30000 - 0x71eb4000 	C:\windows\WinSxS\x86_microsoft.windows.common-controls_6595b64144ccf1df_5.82.7601.18201_none_ec80f00e8593ece5\COMCTL32.dll
0x75840000 - 0x7648a000 	C:\windows\system32\SHELL32.dll
0x784e0000 - 0x784f6000 	C:\Program Files\MATLAB704\bin\win32\mpath.dll
0x73a90000 - 0x73aa1000 	C:\windows\system32\NETAPI32.dll
0x73a80000 - 0x73a89000 	C:\windows\system32\netutils.dll
0x75060000 - 0x75079000 	C:\windows\system32\srvcli.dll
0x73a70000 - 0x73a7f000 	C:\windows\system32\wkscli.dll
0x76490000 - 0x764c5000 	C:\windows\system32\WS2_32.dll
0x76570000 - 0x76576000 	C:\windows\system32\NSI.dll
0x784b0000 - 0x784be000 	C:\Program Files\MATLAB704\bin\win32\libmex.dll
0x78620000 - 0x78687000 	C:\Program Files\MATLAB704\bin\win32\m_dispatcher.dll
0x78250000 - 0x783a6000 	C:\Program Files\MATLAB704\bin\win32\xerces-c_2_1_0.dll
0x78c40000 - 0x78c52000 	C:\Program Files\MATLAB704\bin\win32\datasvcs.dll
0x79080000 - 0x7909b000 	C:\Program Files\MATLAB704\bin\win32\mcr.dll
0x79950000 - 0x799ee000 	C:\Program Files\MATLAB704\bin\win32\bridge.dll
0x74900000 - 0x74909000 	C:\windows\system32\VERSION.dll
0x79840000 - 0x79893000 	C:\Program Files\MATLAB704\bin\win32\udd_mi.dll
0x78e60000 - 0x78ed6000 	C:\Program Files\MATLAB704\bin\win32\libmwgui.dll
0x78690000 - 0x7898b000 	C:\Program Files\MATLAB704\bin\win32\m_interpreter.dll
0x78500000 - 0x78590000 	C:\Program Files\MATLAB704\bin\win32\mcos.dll
0x78ba0000 - 0x78baf000 	C:\Program Files\MATLAB704\bin\win32\m_pcodeio.dll
0x78bc0000 - 0x78c33000 	C:\Program Files\MATLAB704\bin\win32\mlib.dll
0x78b20000 - 0x78b75000 	C:\Program Files\MATLAB704\bin\win32\m_ir.dll
0x78b80000 - 0x78b91000 	C:\Program Files\MATLAB704\bin\win32\m_pcodegen.dll
0x78990000 - 0x78b1e000 	C:\Program Files\MATLAB704\bin\win32\m_parser.dll
0x78bb0000 - 0x78bba000 	C:\Program Files\MATLAB704\bin\win32\ir_xfmr.dll
0x784c0000 - 0x784c9000 	C:\Program Files\MATLAB704\bin\win32\libmat.dll
0x78590000 - 0x78611000 	C:\Program Files\MATLAB704\bin\win32\udd.dll
0x798a0000 - 0x798c8000 	C:\Program Files\MATLAB704\bin\win32\jmi.dll
0x79910000 - 0x79919000 	C:\Program Files\MATLAB704\bin\win32\mlautoregister.dll
0x7c140000 - 0x7c243000 	C:\Program Files\MATLAB704\bin\win32\MFC71.DLL
0x78ee0000 - 0x7902d000 	C:\Program Files\MATLAB704\bin\win32\hg.dll
0x78db0000 - 0x78e2c000 	C:\Program Files\MATLAB704\bin\win32\uiw.dll
0x78e50000 - 0x78e55000 	C:\Program Files\MATLAB704\bin\win32\uinone.dll
0x79050000 - 0x7907a000 	C:\Program Files\MATLAB704\bin\win32\libmwhardcopy.dll
0x78e30000 - 0x78e4c000 	C:\Program Files\MATLAB704\bin\win32\libuij.dll
0x71870000 - 0x718c1000 	C:\windows\system32\WINSPOOL.DRV
0x790a0000 - 0x791f5000 	C:\Program Files\MATLAB704\bin\win32\numerics.dll
0x797b0000 - 0x797b7000 	C:\Program Files\MATLAB704\bin\win32\libmwamd.dll
0x79240000 - 0x792c6000 	C:\Program Files\MATLAB704\bin\win32\libfftw3.dll
0x792d0000 - 0x79351000 	C:\Program Files\MATLAB704\bin\win32\libfftw3f.dll
0x79200000 - 0x7921c000 	C:\Program Files\MATLAB704\bin\win32\libmwlapack.dll
0x797c0000 - 0x79815000 	C:\Program Files\MATLAB704\bin\win32\libmwumfpackv4.3.dll
0x79820000 - 0x79831000 	C:\Program Files\MATLAB704\bin\win32\mwoles05.dll
0x798d0000 - 0x79907000 	C:\Program Files\MATLAB704\bin\win32\comcli.dll
0x77650000 - 0x7766f000 	C:\windows\system32\IMM32.DLL
0x76c70000 - 0x76d3c000 	C:\windows\system32\MSCTF.dll
0x702d0000 - 0x703bb000 	C:\windows\system32\dbghelp.dll
0x7c300000 - 0x7c30c000 	C:\Program Files\MATLAB704\bin\win32\MFC71KOR.DLL
0x79220000 - 0x79238000 	C:\Program Files\MATLAB704\bin\win32\mkl.dll
0x79360000 - 0x797a7000 	C:\Program Files\MATLAB704\bin\win32\lapack.dll
0x7c040000 - 0x7c0b5000 	C:\Program Files\MATLAB704\bin\win32\DFORRT.DLL
0x61400000 - 0x6142b000 	C:\windows\system32\f_im.dll
0x61000000 - 0x61112000 	C:\Program Files\Fasoo DRM\f_sps.dll
0x75830000 - 0x75835000 	C:\windows\system32\PSAPI.DLL
0x10000000 - 0x10033000 	C:\windows\system32\f_pbrc12.dll
0x73d10000 - 0x73d23000 	C:\windows\system32\dwmapi.dll
0x753d0000 - 0x753dc000 	C:\windows\system32\CRYPTBASE.dll
0x73ff0000 - 0x74030000 	C:\windows\system32\uxtheme.dll
0x75350000 - 0x7539c000 	C:\windows\system32\apphelp.dll
0x6d800000 - 0x6da97000 	C:\Program Files\MATLAB704\sys\java\jre\win32\jre1.5.0\bin\client\jvm.dll
0x71810000 - 0x71842000 	C:\windows\system32\WINMM.dll
0x71b30000 - 0x71b99000 	C:\windows\system32\IMKR12.IME
0x71a50000 - 0x71aeb000 	C:\windows\WinSxS\x86_microsoft.vc80.crt_1fc8b3b9a1e18e3b_8.0.50727.6195_none_d09154e044272b9a\MSVCR80.dll
0x719c0000 - 0x71a47000 	C:\windows\WinSxS\x86_microsoft.vc80.crt_1fc8b3b9a1e18e3b_8.0.50727.6195_none_d09154e044272b9a\MSVCP80.dll
0x76710000 - 0x76793000 	C:\windows\system32\CLBCatQ.DLL
0x6d7b0000 - 0x6d7bc000 	C:\Program Files\MATLAB704\sys\java\jre\win32\jre1.5.0\bin\verify.dll
0x6d330000 - 0x6d34f000 	C:\Program Files\MATLAB704\sys\java\jre\win32\jre1.5.0\bin\java.dll
0x6d290000 - 0x6d298000 	C:\Program Files\MATLAB704\sys\java\jre\win32\jre1.5.0\bin\hpi.dll
0x6d7f0000 - 0x6d7ff000 	C:\Program Files\MATLAB704\sys\java\jre\win32\jre1.5.0\bin\zip.dll
0x6e280000 - 0x6e2a2000 	C:\PROGRA~1\COMMON~1\MICROS~1\IME12\IMEKR\IMKRAPI.DLL
0x6e250000 - 0x6e27d000 	C:\PROGRA~1\COMMON~1\MICROS~1\IME12\SHARED\IMJKAPI.DLL
0x799f0000 - 0x79a01000 	C:\Program Files\MATLAB704\bin\win32\jmi_mi.dll
0x7a530000 - 0x7a53c000 	C:\Program Files\MATLAB704\bin\win32\nativejava.dll
0x6d000000 - 0x6d14a000 	C:\Program Files\MATLAB704\sys\java\jre\win32\jre1.5.0\bin\awt.dll
0x6d230000 - 0x6d284000 	C:\Program Files\MATLAB704\sys\java\jre\win32\jre1.5.0\bin\fontmanager.dll
0x6d610000 - 0x6d623000 	C:\Program Files\MATLAB704\sys\java\jre\win32\jre1.5.0\bin\net.dll
0x74e80000 - 0x74ebc000 	C:\windows\system32\mswsock.dll
0x74e70000 - 0x74e76000 	C:\windows\System32\wship6.dll
0x6d630000 - 0x6d639000 	C:\Program Files\MATLAB704\sys\java\jre\win32\jre1.5.0\bin\nio.dll
0x7a540000 - 0x7a548000 	C:\Program Files\MATLAB704\bin\win32\nativelex.dll
0x6a900000 - 0x6a97d000 	C:\windows\system32\spool\DRIVERS\W32X86\3\ssv1mdu.dll
0x742a0000 - 0x7443e000 	C:\windows\WinSxS\x86_microsoft.windows.common-controls_6595b64144ccf1df_6.0.7601.17514_none_41e6975e2bd6f2b2\comctl32.dll
0x74070000 - 0x74165000 	C:\windows\system32\propsys.dll
0x76d40000 - 0x76edd000 	C:\windows\system32\SETUPAPI.dll
0x75730000 - 0x75757000 	C:\windows\system32\CFGMGR32.dll
0x754d0000 - 0x754e2000 	C:\windows\system32\DEVOBJ.dll
0x71f30000 - 0x71f51000 	C:\windows\system32\ntmarta.dll
0x76a30000 - 0x76a75000 	C:\windows\system32\WLDAP32.dll
0x69a00000 - 0x69b98000 	C:\windows\system32\NetworkExplorer.dll
0x73bb0000 - 0x73ce0000 	C:\windows\system32\WindowsCodecs.dll
0x70d20000 - 0x70d42000 	C:\Users\114035\AppData\Roaming\Dropbox\bin\DropboxExt.22.dll
0x70240000 - 0x702ce000 	C:\windows\WinSxS\x86_microsoft.vc90.crt_1fc8b3b9a1e18e3b_9.0.30729.6161_none_50934f2ebcb7eb57\MSVCP90.dll
0x70190000 - 0x70233000 	C:\windows\WinSxS\x86_microsoft.vc90.crt_1fc8b3b9a1e18e3b_9.0.30729.6161_none_50934f2ebcb7eb57\MSVCR90.dll
0x70150000 - 0x70181000 	C:\windows\system32\EhStorShell.dll
0x6f490000 - 0x6f500000 	C:\windows\system32\ntshrui.dll
0x70140000 - 0x7014b000 	C:\windows\system32\cscapi.dll
0x73780000 - 0x7378a000 	C:\windows\system32\slc.dll
0x0c370000 - 0x0c395000 	C:\Program Files\ucloud\ucloudShellExt.dll
0x75450000 - 0x7545b000 	C:\windows\system32\profapi.dll

VM Arguments:
jvm_args: -Xss512k -Xms64m -Xmx96m -XX:NewRatio=3 -XX:MaxPermSize=32M -Dsun.java2d.noddraw=true -Dsun.awt.nopixfmt=true -Djava.library.path=C:\Program Files\MATLAB704\bin\win32 vfprintf abort 
java_command: <unknown>
Launcher Type: generic

Environment Variables:
JAVA_HOME=C:\Program Files\Java\jre7
CLASSPATH=.;C:\Program Files\Java\jre6\lib\ext\QTJava.zip
PATH=C:\Program Files\Wizvera\Delfino;C:\Program Files\Java\jre7\bin;C:\And\androidsdk\platform-tools;C:\Program Files\Common Files\Microsoft Shared\Windows Live;C:\windows\system32;C:\windows;C:\windows\System32\Wbem;C:\windows\System32\WindowsPowerShell\v1.0\;C:\Program Files\Windows Live\Shared;C:\Program Files\MATLAB\R2008a\bin;C:\Program Files\MATLAB\R2008a\bin\win32;C:\Program Files\MATLAB704\bin\win32;C:\Program Files\QuickTime\QTSystem\;C:\Program Files\MiKTeX 2.9\miktex\bin\;C:\Users\114035\AppData\Roaming\MemoThis;C:\Program Files\ESTsoft\ALSee
USERNAME=114035
OS=Windows_NT
PROCESSOR_IDENTIFIER=x86 Family 6 Model 37 Stepping 5, GenuineIntel



---------------  S Y S T E M  ---------------

OS: Windows 7 Build 7601 Service Pack 1

CPU:total 4 (8 cores per cpu, 2 threads per core) family 6 model 37 stepping 5, cmov, cx8, fxsr, mmx, sse, sse2, sse3, ssse3, sse4.1, sse4.2, popcnt, ht

Memory: 4k page, physical 2088304k(1150348k free), swap 4176608k(2774856k free)

vm_info: Java HotSpot(TM) Client VM (16.0-b13) for windows-x86 JRE (1.6.0_18-b07), built on Dec 17 2009 13:35:55 by "java_re" with MS VC++ 7.1 (VS2003)

time: Tue Apr 15 21:44:29 2014
elapsed time: 2099 seconds

